INFO:root:24-05-2021-08-58-17
INFO:root:loaded class labels:
INFO:root:water
INFO:root:land
INFO:root:24-05-2021-08-58-17
INFO:root:Folder created: results/results2021-05-24-08-58
INFO:root:24-05-2021-08-58-17
INFO:root:Results will be written to results/results2021-05-24-08-58
INFO:root:24-05-2021-08-58-17
INFO:root:loaded files:
INFO:root:assets/D800_20160308_222129lr02-0.jpg
INFO:root:assets/D800_20160308_222129lr02-2.jpg
INFO:root:assets/D800_20160308_222129lr02-3.jpg
INFO:root:assets/D800_20160308_222135lr03-0.jpg
INFO:root:assets/D800_20160308_222135lr03-1.jpg
INFO:root:assets/D800_20160308_222135lr03-2.jpg
INFO:root:assets/D800_20160308_222135lr03-3.jpg
INFO:root:assets/D800_20160308_222129lr03-2.JPG
INFO:root:assets/D800_20160308_222129lr03-3.JPG
INFO:root:assets/D800_20160308_222135lr00-2.JPG
INFO:root:assets/D800_20160308_222135lr02-0.jpeg
INFO:root:assets/D800_20160308_222135lr02-2.jpeg
INFO:root:assets/D800_20160308_222135lr02-3.jpeg
INFO:root:assets/D800_20160308_222136lr02-2.jpeg
INFO:root:assets/D800_20160308_222136lr02-3.jpeg
INFO:werkzeug: * Running on http://127.0.0.1:8050/ (Press CTRL+C to quit)
INFO:werkzeug:127.0.0.1 - - [24/May/2021 08:58:19] "GET / HTTP/1.1" 200 -
INFO:werkzeug:127.0.0.1 - - [24/May/2021 08:58:19] "GET /_favicon.ico?v=1.12.0 HTTP/1.1" 200 -
INFO:werkzeug:127.0.0.1 - - [24/May/2021 08:58:19] "GET /_dash-dependencies HTTP/1.1" 200 -
INFO:werkzeug:127.0.0.1 - - [24/May/2021 08:58:19] "GET /_dash-layout HTTP/1.1" 200 -
INFO:root:24-05-2021-08-58-19
INFO:root:File list written to files_done.txt
INFO:werkzeug:127.0.0.1 - - [24/May/2021 08:58:19] "POST /_dash-update-component HTTP/1.1" 200 -
INFO:root:24-05-2021-08-58-19
INFO:root:File list written to files_done.txt
INFO:werkzeug:127.0.0.1 - - [24/May/2021 08:58:19] "[35m[1mPOST /_dash-update-component HTTP/1.1[0m" 204 -
INFO:root:24-05-2021-10-29-12
INFO:root:File list written to files_done.txt
INFO:werkzeug:127.0.0.1 - - [24/May/2021 10:29:12] "POST /_dash-update-component HTTP/1.1" 200 -
INFO:root:24-05-2021-10-29-15
INFO:root:File list written to files_done.txt
INFO:werkzeug:127.0.0.1 - - [24/May/2021 10:29:15] "POST /_dash-update-component HTTP/1.1" 200 -
INFO:root:24-05-2021-10-29-16
INFO:root:File list written to files_done.txt
INFO:werkzeug:127.0.0.1 - - [24/May/2021 10:29:16] "POST /_dash-update-component HTTP/1.1" 200 -
INFO:root:24-05-2021-10-29-17
INFO:root:File list written to files_done.txt
INFO:werkzeug:127.0.0.1 - - [24/May/2021 10:29:17] "POST /_dash-update-component HTTP/1.1" 200 -
INFO:root:24-05-2021-10-29-20
INFO:root:File list written to files_done.txt
INFO:werkzeug:127.0.0.1 - - [24/May/2021 10:29:20] "POST /_dash-update-component HTTP/1.1" 200 -
INFO:root:24-05-2021-10-29-22
INFO:root:File list written to files_done.txt
INFO:root:24-05-2021-10-29-22
INFO:root:Saving RF model to RandomForestClassifier_water_land.pkl.z
INFO:root:24-05-2021-10-29-22
INFO:root:Saving data features to RandomForestClassifier_water_land.pkl.z
INFO:root:24-05-2021-10-29-22
INFO:root:Image standardized
INFO:root:24-05-2021-10-29-22
INFO:root:examples provided of 0
INFO:root:examples provided of 1
INFO:root:examples provided of 2
INFO:root:24-05-2021-10-29-22
INFO:root:Extracting features from channel 0
INFO:root:24-05-2021-10-29-23
INFO:root:Extracting features from channel 1
INFO:root:24-05-2021-10-29-24
INFO:root:File list written to files_done.txt
INFO:werkzeug:127.0.0.1 - - [24/May/2021 10:29:24] "POST /_dash-update-component HTTP/1.1" 200 -
INFO:root:24-05-2021-10-29-24
INFO:root:File list written to files_done.txt
INFO:root:24-05-2021-10-29-24
INFO:root:Saving RF model to RandomForestClassifier_water_land.pkl.z
INFO:root:24-05-2021-10-29-24
INFO:root:Saving data features to RandomForestClassifier_water_land.pkl.z
INFO:root:24-05-2021-10-29-25
INFO:root:Extracting features from channel 2
INFO:root:24-05-2021-10-29-25
INFO:root:Image standardized
INFO:root:24-05-2021-10-29-25
INFO:root:examples provided of 0
INFO:root:examples provided of 1
INFO:root:examples provided of 2
INFO:root:24-05-2021-10-29-25
INFO:root:Extracting features from channel 0
INFO:root:24-05-2021-10-29-25
INFO:root:Feature extraction complete
INFO:root:24-05-2021-10-29-25
INFO:root:Using 3 decision trees per image
INFO:root:24-05-2021-10-29-25
INFO:root:Updating existing RF classifier
INFO:root:24-05-2021-10-29-25
INFO:root:Initializing RF model
INFO:root:24-05-2021-10-29-25
INFO:root:Extracting features from channel 1
INFO:root:24-05-2021-10-29-25
INFO:root:RF model fit to data
INFO:root:24-05-2021-10-29-25
INFO:root:Model saved to RandomForestClassifier_water_land.pkl.z
INFO:root:24-05-2021-10-29-25
INFO:root:Data saved to data_water_land.pkl.z
INFO:root:24-05-2021-10-29-26
INFO:root:Extracting features from channel 2
INFO:root:24-05-2021-10-29-26
INFO:root:Model used on data to estimate labels
INFO:root:24-05-2021-10-29-26
INFO:root:RF feature extraction and model fitting complete
INFO:root:24-05-2021-10-29-26
INFO:root:One-hot labels filtered
INFO:root:24-05-2021-10-29-26
INFO:root:One-hot labels spatially filtered
INFO:root:24-05-2021-10-29-26
INFO:root:Feature extraction complete
INFO:root:24-05-2021-10-29-26
INFO:root:Spatially filtered values inpainted
INFO:root:24-05-2021-10-29-26
INFO:root:RF model applied with sigma range 1.000000 : 16.000000
INFO:root:24-05-2021-10-29-26
INFO:root:Using 3 decision trees per image
INFO:root:24-05-2021-10-29-26
INFO:root:Updating existing RF classifier
INFO:root:Samples concatenated with those from file
INFO:root:Number of samples in training data: 5898
INFO:root:24-05-2021-10-29-26
INFO:root:Loading model from RandomForestClassifier_water_land.pkl.z
INFO:root:Number of trees: 6
INFO:root:24-05-2021-10-29-26
INFO:root:RF model fit to data
INFO:root:24-05-2021-10-29-26
INFO:root:Model saved to RandomForestClassifier_water_land.pkl.z
INFO:root:24-05-2021-10-29-26
INFO:root:Data saved to data_water_land.pkl.z
INFO:root:24-05-2021-10-29-27
INFO:root:Model used on data to estimate labels
INFO:root:24-05-2021-10-29-27
INFO:root:RF feature extraction and model fitting complete
INFO:root:24-05-2021-10-29-27
INFO:root:One-hot labels filtered
INFO:root:24-05-2021-10-29-27
INFO:root:One-hot labels spatially filtered
INFO:root:24-05-2021-10-29-27
INFO:root:CRF model applied with 10 test-time augmentations
INFO:root:24-05-2021-10-29-27
INFO:root:Spatially filtered values inpainted
INFO:root:24-05-2021-10-29-27
INFO:root:RF model applied with sigma range 1.000000 : 16.000000
INFO:root:24-05-2021-10-29-27
INFO:root:Weighted average applied to test-time augmented outputs
INFO:root:24-05-2021-10-29-27
INFO:root:CRF model applied with theta=1.000000 and mu=1.000000
INFO:root:24-05-2021-10-29-27
INFO:root:Spatially filtered values inpainted
INFO:root:24-05-2021-10-29-27
INFO:root:RGB label image saved to results/results2021-05-24-08-58/D800_20160308_222129lr03-2_label2021-05-24-10-29_Enter-user-ID.png
INFO:root:24-05-2021-10-29-27
INFO:root:Numpy arrays saved to results/results2021-05-24-08-58/D800_20160308_222129lr03-2_Enter-user-ID.npz
INFO:werkzeug:127.0.0.1 - - [24/May/2021 10:29:27] "POST /_dash-update-component HTTP/1.1" 200 -
INFO:root:24-05-2021-10-29-28
INFO:root:CRF model applied with 10 test-time augmentations
INFO:root:24-05-2021-10-29-28
INFO:root:Weighted average applied to test-time augmented outputs
INFO:root:24-05-2021-10-29-28
INFO:root:CRF model applied with theta=1.000000 and mu=1.000000
INFO:root:24-05-2021-10-29-28
INFO:root:Spatially filtered values inpainted
INFO:root:24-05-2021-10-29-28
INFO:root:RGB label image saved to results/results2021-05-24-08-58/D800_20160308_222129lr03-2_label2021-05-24-10-29_Enter-user-ID.png
INFO:root:24-05-2021-10-29-28
INFO:root:Numpy arrays saved to results/results2021-05-24-08-58/D800_20160308_222129lr03-2_Enter-user-ID.npz
INFO:werkzeug:127.0.0.1 - - [24/May/2021 10:29:28] "POST /_dash-update-component HTTP/1.1" 200 -
INFO:root:24-05-2021-10-29-32
INFO:root:File list written to files_done.txt
INFO:werkzeug:127.0.0.1 - - [24/May/2021 10:29:32] "POST /_dash-update-component HTTP/1.1" 200 -
INFO:werkzeug:127.0.0.1 - - [24/May/2021 10:29:32] "GET /assets/D800_20160308_222129lr03-3.JPG HTTP/1.1" 200 -
INFO:root:24-05-2021-10-29-36
INFO:root:File list written to files_done.txt
INFO:werkzeug:127.0.0.1 - - [24/May/2021 10:29:36] "POST /_dash-update-component HTTP/1.1" 200 -
INFO:root:24-05-2021-10-29-40
INFO:root:File list written to files_done.txt
INFO:werkzeug:127.0.0.1 - - [24/May/2021 10:29:40] "POST /_dash-update-component HTTP/1.1" 200 -
INFO:root:24-05-2021-10-29-41
INFO:root:File list written to files_done.txt
INFO:werkzeug:127.0.0.1 - - [24/May/2021 10:29:41] "POST /_dash-update-component HTTP/1.1" 200 -
INFO:root:24-05-2021-10-29-44
INFO:root:File list written to files_done.txt
INFO:werkzeug:127.0.0.1 - - [24/May/2021 10:29:44] "POST /_dash-update-component HTTP/1.1" 200 -
INFO:root:24-05-2021-10-29-45
INFO:root:File list written to files_done.txt
INFO:root:24-05-2021-10-29-45
INFO:root:Saving RF model to RandomForestClassifier_water_land.pkl.z
INFO:root:24-05-2021-10-29-45
INFO:root:Saving data features to RandomForestClassifier_water_land.pkl.z
INFO:root:24-05-2021-10-29-45
INFO:root:Image standardized
INFO:root:24-05-2021-10-29-45
INFO:root:examples provided of 0
INFO:root:examples provided of 1
INFO:root:examples provided of 2
INFO:root:24-05-2021-10-29-45
INFO:root:Extracting features from channel 0
INFO:root:24-05-2021-10-29-46
INFO:root:Extracting features from channel 1
INFO:root:24-05-2021-10-29-46
INFO:root:Extracting features from channel 2
INFO:root:24-05-2021-10-29-46
INFO:root:Feature extraction complete
INFO:root:24-05-2021-10-29-46
INFO:root:Using 3 decision trees per image
INFO:root:24-05-2021-10-29-46
INFO:root:Updating existing RF classifier
INFO:root:Samples concatenated with those from file
INFO:root:Number of samples in training data: 9814
INFO:root:24-05-2021-10-29-46
INFO:root:Loading model from RandomForestClassifier_water_land.pkl.z
INFO:root:Number of trees: 9
INFO:root:24-05-2021-10-29-47
INFO:root:RF model fit to data
INFO:root:24-05-2021-10-29-47
INFO:root:Model saved to RandomForestClassifier_water_land.pkl.z
INFO:root:24-05-2021-10-29-47
INFO:root:Data saved to data_water_land.pkl.z
INFO:root:24-05-2021-10-29-47
INFO:root:Model used on data to estimate labels
INFO:root:24-05-2021-10-29-47
INFO:root:RF feature extraction and model fitting complete
INFO:root:24-05-2021-10-29-47
INFO:root:One-hot labels filtered
INFO:root:24-05-2021-10-29-47
INFO:root:One-hot labels spatially filtered
INFO:root:24-05-2021-10-29-47
INFO:root:Spatially filtered values inpainted
INFO:root:24-05-2021-10-29-47
INFO:root:RF model applied with sigma range 1.000000 : 16.000000
INFO:root:24-05-2021-10-29-48
INFO:root:CRF model applied with 10 test-time augmentations
INFO:root:24-05-2021-10-29-48
INFO:root:Weighted average applied to test-time augmented outputs
INFO:root:24-05-2021-10-29-48
INFO:root:CRF model applied with theta=1.000000 and mu=1.000000
INFO:root:24-05-2021-10-29-48
INFO:root:Spatially filtered values inpainted
INFO:root:24-05-2021-10-29-48
INFO:root:RGB label image saved to results/results2021-05-24-08-58/D800_20160308_222129lr03-3_label2021-05-24-10-29_Enter-user-ID.png
INFO:root:24-05-2021-10-29-48
INFO:root:Numpy arrays saved to results/results2021-05-24-08-58/D800_20160308_222129lr03-3_Enter-user-ID.npz
INFO:werkzeug:127.0.0.1 - - [24/May/2021 10:29:48] "POST /_dash-update-component HTTP/1.1" 200 -
INFO:root:24-05-2021-10-30-24
INFO:root:File list written to files_done.txt
INFO:werkzeug:127.0.0.1 - - [24/May/2021 10:30:24] "POST /_dash-update-component HTTP/1.1" 200 -
INFO:werkzeug:127.0.0.1 - - [24/May/2021 10:30:24] "GET /assets/D800_20160308_222135lr00-2.JPG HTTP/1.1" 200 -
INFO:root:24-05-2021-10-30-26
INFO:root:File list written to files_done.txt
INFO:werkzeug:127.0.0.1 - - [24/May/2021 10:30:26] "POST /_dash-update-component HTTP/1.1" 200 -
INFO:root:24-05-2021-10-30-26
INFO:root:File list written to files_done.txt
INFO:werkzeug:127.0.0.1 - - [24/May/2021 10:30:27] "POST /_dash-update-component HTTP/1.1" 200 -
INFO:root:24-05-2021-10-30-28
INFO:root:File list written to files_done.txt
INFO:root:24-05-2021-10-30-28
INFO:root:Saving RF model to RandomForestClassifier_water_land.pkl.z
INFO:root:24-05-2021-10-30-28
INFO:root:Saving data features to RandomForestClassifier_water_land.pkl.z
INFO:root:24-05-2021-10-30-28
INFO:root:Image standardized
INFO:root:24-05-2021-10-30-28
INFO:root:examples provided of 0
INFO:root:examples provided of 2
INFO:root:24-05-2021-10-30-28
INFO:root:Only one class annotation provided, skipping RF and CRF and coding all pixels 2
INFO:root:24-05-2021-10-30-28
INFO:root:RGB label image saved to results/results2021-05-24-08-58/D800_20160308_222135lr00-2_label2021-05-24-10-30_Enter-user-ID.png
INFO:root:24-05-2021-10-30-28
INFO:root:Numpy arrays saved to results/results2021-05-24-08-58/D800_20160308_222135lr00-2_Enter-user-ID.npz
INFO:werkzeug:127.0.0.1 - - [24/May/2021 10:30:28] "POST /_dash-update-component HTTP/1.1" 200 -
INFO:root:24-05-2021-10-30-29
INFO:root:File list written to files_done.txt
INFO:werkzeug:127.0.0.1 - - [24/May/2021 10:30:29] "POST /_dash-update-component HTTP/1.1" 200 -
INFO:werkzeug:127.0.0.1 - - [24/May/2021 10:30:29] "GET /assets/D800_20160308_222135lr02-0.jpeg HTTP/1.1" 200 -
INFO:root:24-05-2021-10-30-30
INFO:root:File list written to files_done.txt
INFO:werkzeug:127.0.0.1 - - [24/May/2021 10:30:30] "POST /_dash-update-component HTTP/1.1" 200 -
INFO:root:24-05-2021-10-30-31
INFO:root:File list written to files_done.txt
INFO:werkzeug:127.0.0.1 - - [24/May/2021 10:30:31] "POST /_dash-update-component HTTP/1.1" 200 -
INFO:root:24-05-2021-10-30-32
INFO:root:File list written to files_done.txt
INFO:root:24-05-2021-10-30-32
INFO:root:Saving RF model to RandomForestClassifier_water_land.pkl.z
INFO:root:24-05-2021-10-30-32
INFO:root:Saving data features to RandomForestClassifier_water_land.pkl.z
INFO:root:24-05-2021-10-30-32
INFO:root:Image standardized
INFO:root:24-05-2021-10-30-32
INFO:root:examples provided of 0
INFO:root:examples provided of 2
INFO:root:24-05-2021-10-30-32
INFO:root:Only one class annotation provided, skipping RF and CRF and coding all pixels 2
INFO:root:24-05-2021-10-30-32
INFO:root:RGB label image saved to results/results2021-05-24-08-58/D800_20160308_222135lr02-0_label2021-05-24-10-30_Enter-user-ID.png
INFO:root:24-05-2021-10-30-32
INFO:root:Numpy arrays saved to results/results2021-05-24-08-58/D800_20160308_222135lr02-0_Enter-user-ID.npz
INFO:werkzeug:127.0.0.1 - - [24/May/2021 10:30:32] "POST /_dash-update-component HTTP/1.1" 200 -
INFO:root:24-05-2021-10-30-33
INFO:root:File list written to files_done.txt
INFO:werkzeug:127.0.0.1 - - [24/May/2021 10:30:33] "POST /_dash-update-component HTTP/1.1" 200 -
INFO:werkzeug:127.0.0.1 - - [24/May/2021 10:30:33] "GET /assets/D800_20160308_222135lr03-0.jpg HTTP/1.1" 200 -
INFO:root:24-05-2021-10-30-35
INFO:root:File list written to files_done.txt
INFO:werkzeug:127.0.0.1 - - [24/May/2021 10:30:35] "POST /_dash-update-component HTTP/1.1" 200 -
INFO:root:24-05-2021-10-30-35
INFO:root:File list written to files_done.txt
INFO:werkzeug:127.0.0.1 - - [24/May/2021 10:30:35] "POST /_dash-update-component HTTP/1.1" 200 -
INFO:root:24-05-2021-10-30-36
INFO:root:File list written to files_done.txt
INFO:root:24-05-2021-10-30-36
INFO:root:Saving RF model to RandomForestClassifier_water_land.pkl.z
INFO:root:24-05-2021-10-30-36
INFO:root:Saving data features to RandomForestClassifier_water_land.pkl.z
INFO:root:24-05-2021-10-30-36
INFO:root:Image standardized
INFO:root:24-05-2021-10-30-36
INFO:root:examples provided of 0
INFO:root:examples provided of 2
INFO:root:24-05-2021-10-30-36
INFO:root:Only one class annotation provided, skipping RF and CRF and coding all pixels 2
INFO:root:24-05-2021-10-30-36
INFO:root:RGB label image saved to results/results2021-05-24-08-58/D800_20160308_222135lr03-0_label2021-05-24-10-30_Enter-user-ID.png
INFO:root:24-05-2021-10-30-36
INFO:root:Numpy arrays saved to results/results2021-05-24-08-58/D800_20160308_222135lr03-0_Enter-user-ID.npz
INFO:werkzeug:127.0.0.1 - - [24/May/2021 10:30:36] "POST /_dash-update-component HTTP/1.1" 200 -
INFO:root:24-05-2021-10-30-37
INFO:root:File list written to files_done.txt
INFO:werkzeug:127.0.0.1 - - [24/May/2021 10:30:37] "POST /_dash-update-component HTTP/1.1" 200 -
INFO:werkzeug:127.0.0.1 - - [24/May/2021 10:30:37] "GET /assets/D800_20160308_222135lr03-1.jpg HTTP/1.1" 200 -
INFO:root:24-05-2021-10-30-39
INFO:root:File list written to files_done.txt
INFO:werkzeug:127.0.0.1 - - [24/May/2021 10:30:39] "POST /_dash-update-component HTTP/1.1" 200 -
INFO:root:24-05-2021-10-30-39
INFO:root:File list written to files_done.txt
INFO:werkzeug:127.0.0.1 - - [24/May/2021 10:30:39] "POST /_dash-update-component HTTP/1.1" 200 -
INFO:root:24-05-2021-10-30-40
INFO:root:File list written to files_done.txt
INFO:root:24-05-2021-10-30-40
INFO:root:Saving RF model to RandomForestClassifier_water_land.pkl.z
INFO:root:24-05-2021-10-30-40
INFO:root:Saving data features to RandomForestClassifier_water_land.pkl.z
INFO:root:24-05-2021-10-30-41
INFO:root:Image standardized
INFO:root:24-05-2021-10-30-41
INFO:root:examples provided of 0
INFO:root:examples provided of 2
INFO:root:24-05-2021-10-30-41
INFO:root:Only one class annotation provided, skipping RF and CRF and coding all pixels 2
INFO:root:24-05-2021-10-30-41
INFO:root:RGB label image saved to results/results2021-05-24-08-58/D800_20160308_222135lr03-1_label2021-05-24-10-30_Enter-user-ID.png
INFO:root:24-05-2021-10-30-41
INFO:root:Numpy arrays saved to results/results2021-05-24-08-58/D800_20160308_222135lr03-1_Enter-user-ID.npz
INFO:werkzeug:127.0.0.1 - - [24/May/2021 10:30:41] "POST /_dash-update-component HTTP/1.1" 200 -
INFO:root:24-05-2021-10-30-41
INFO:root:File list written to files_done.txt
INFO:werkzeug:127.0.0.1 - - [24/May/2021 10:30:41] "POST /_dash-update-component HTTP/1.1" 200 -
INFO:werkzeug:127.0.0.1 - - [24/May/2021 10:30:41] "GET /assets/D800_20160308_222135lr03-2.jpg HTTP/1.1" 200 -
INFO:root:24-05-2021-10-30-42
INFO:root:File list written to files_done.txt
INFO:werkzeug:127.0.0.1 - - [24/May/2021 10:30:42] "POST /_dash-update-component HTTP/1.1" 200 -
INFO:root:24-05-2021-10-30-44
INFO:root:File list written to files_done.txt
INFO:werkzeug:127.0.0.1 - - [24/May/2021 10:30:44] "POST /_dash-update-component HTTP/1.1" 200 -
INFO:root:24-05-2021-10-30-45
INFO:root:File list written to files_done.txt
INFO:werkzeug:127.0.0.1 - - [24/May/2021 10:30:45] "POST /_dash-update-component HTTP/1.1" 200 -
INFO:root:24-05-2021-10-30-47
INFO:root:File list written to files_done.txt
INFO:werkzeug:127.0.0.1 - - [24/May/2021 10:30:47] "POST /_dash-update-component HTTP/1.1" 200 -
INFO:root:24-05-2021-10-30-48
INFO:root:File list written to files_done.txt
INFO:root:24-05-2021-10-30-48
INFO:root:Saving RF model to RandomForestClassifier_water_land.pkl.z
INFO:root:24-05-2021-10-30-48
INFO:root:Saving data features to RandomForestClassifier_water_land.pkl.z
INFO:root:24-05-2021-10-30-48
INFO:root:Image standardized
INFO:root:24-05-2021-10-30-48
INFO:root:examples provided of 0
INFO:root:examples provided of 1
INFO:root:examples provided of 2
INFO:root:24-05-2021-10-30-48
INFO:root:Extracting features from channel 0
INFO:root:24-05-2021-10-30-48
INFO:root:Extracting features from channel 1
INFO:root:24-05-2021-10-30-49
INFO:root:Extracting features from channel 2
INFO:root:24-05-2021-10-30-49
INFO:root:Feature extraction complete
INFO:root:24-05-2021-10-30-49
INFO:root:Using 3 decision trees per image
INFO:root:24-05-2021-10-30-49
INFO:root:Updating existing RF classifier
INFO:root:Samples concatenated with those from file
INFO:root:Number of samples in training data: 11612
INFO:root:24-05-2021-10-30-49
INFO:root:Loading model from RandomForestClassifier_water_land.pkl.z
INFO:root:Number of trees: 12
INFO:root:24-05-2021-10-30-49
INFO:root:RF model fit to data
INFO:root:24-05-2021-10-30-49
INFO:root:Model saved to RandomForestClassifier_water_land.pkl.z
INFO:root:24-05-2021-10-30-49
INFO:root:Data saved to data_water_land.pkl.z
INFO:root:24-05-2021-10-30-50
INFO:root:Model used on data to estimate labels
INFO:root:24-05-2021-10-30-50
INFO:root:RF feature extraction and model fitting complete
INFO:root:24-05-2021-10-30-50
INFO:root:One-hot labels filtered
INFO:root:24-05-2021-10-30-50
INFO:root:One-hot labels spatially filtered
INFO:root:24-05-2021-10-30-50
INFO:root:Spatially filtered values inpainted
INFO:root:24-05-2021-10-30-50
INFO:root:RF model applied with sigma range 1.000000 : 16.000000
INFO:root:24-05-2021-10-30-51
INFO:root:CRF model applied with 10 test-time augmentations
INFO:root:24-05-2021-10-30-51
INFO:root:Weighted average applied to test-time augmented outputs
INFO:root:24-05-2021-10-30-51
INFO:root:CRF model applied with theta=1.000000 and mu=1.000000
INFO:root:24-05-2021-10-30-51
INFO:root:Spatially filtered values inpainted
INFO:root:24-05-2021-10-30-51
INFO:root:RGB label image saved to results/results2021-05-24-08-58/D800_20160308_222135lr03-2_label2021-05-24-10-30_Enter-user-ID.png
INFO:root:24-05-2021-10-30-51
INFO:root:Numpy arrays saved to results/results2021-05-24-08-58/D800_20160308_222135lr03-2_Enter-user-ID.npz
INFO:werkzeug:127.0.0.1 - - [24/May/2021 10:30:51] "POST /_dash-update-component HTTP/1.1" 200 -
INFO:root:24-05-2021-10-30-52
INFO:root:File list written to files_done.txt
INFO:werkzeug:127.0.0.1 - - [24/May/2021 10:30:52] "POST /_dash-update-component HTTP/1.1" 200 -
INFO:werkzeug:127.0.0.1 - - [24/May/2021 10:30:52] "GET /assets/D800_20160308_222136lr02-2.jpeg HTTP/1.1" 200 -
INFO:root:24-05-2021-10-30-54
INFO:root:File list written to files_done.txt
INFO:werkzeug:127.0.0.1 - - [24/May/2021 10:30:54] "POST /_dash-update-component HTTP/1.1" 200 -
INFO:root:24-05-2021-10-30-56
INFO:root:File list written to files_done.txt
INFO:werkzeug:127.0.0.1 - - [24/May/2021 10:30:56] "POST /_dash-update-component HTTP/1.1" 200 -
INFO:root:24-05-2021-10-30-57
INFO:root:File list written to files_done.txt
INFO:werkzeug:127.0.0.1 - - [24/May/2021 10:30:57] "POST /_dash-update-component HTTP/1.1" 200 -
INFO:root:24-05-2021-10-30-58
INFO:root:File list written to files_done.txt
INFO:werkzeug:127.0.0.1 - - [24/May/2021 10:30:58] "POST /_dash-update-component HTTP/1.1" 200 -
INFO:root:24-05-2021-10-30-59
INFO:root:File list written to files_done.txt
INFO:root:24-05-2021-10-30-59
INFO:root:Saving RF model to RandomForestClassifier_water_land.pkl.z
INFO:root:24-05-2021-10-30-59
INFO:root:Saving data features to RandomForestClassifier_water_land.pkl.z
INFO:root:24-05-2021-10-31-00
INFO:root:Image standardized
INFO:root:24-05-2021-10-31-00
INFO:root:examples provided of 0
INFO:root:examples provided of 1
INFO:root:examples provided of 2
INFO:root:24-05-2021-10-31-00
INFO:root:Extracting features from channel 0
INFO:root:24-05-2021-10-31-00
INFO:root:Extracting features from channel 1
INFO:root:24-05-2021-10-31-00
INFO:root:Extracting features from channel 2
INFO:root:24-05-2021-10-31-01
INFO:root:Feature extraction complete
INFO:root:24-05-2021-10-31-01
INFO:root:Using 3 decision trees per image
INFO:root:24-05-2021-10-31-01
INFO:root:Updating existing RF classifier
INFO:root:Samples concatenated with those from file
INFO:root:Number of samples in training data: 13524
INFO:root:24-05-2021-10-31-01
INFO:root:Loading model from RandomForestClassifier_water_land.pkl.z
INFO:root:Number of trees: 15
INFO:root:24-05-2021-10-31-01
INFO:root:RF model fit to data
INFO:root:24-05-2021-10-31-01
INFO:root:Model saved to RandomForestClassifier_water_land.pkl.z
INFO:root:24-05-2021-10-31-01
INFO:root:Data saved to data_water_land.pkl.z
INFO:root:24-05-2021-10-31-02
INFO:root:Model used on data to estimate labels
INFO:root:24-05-2021-10-31-02
INFO:root:RF feature extraction and model fitting complete
INFO:root:24-05-2021-10-31-02
INFO:root:One-hot labels filtered
INFO:root:24-05-2021-10-31-02
INFO:root:One-hot labels spatially filtered
INFO:root:24-05-2021-10-31-02
INFO:root:Spatially filtered values inpainted
INFO:root:24-05-2021-10-31-02
INFO:root:RF model applied with sigma range 1.000000 : 16.000000
INFO:root:24-05-2021-10-31-03
INFO:root:CRF model applied with 10 test-time augmentations
INFO:root:24-05-2021-10-31-03
INFO:root:Weighted average applied to test-time augmented outputs
INFO:root:24-05-2021-10-31-03
INFO:root:CRF model applied with theta=1.000000 and mu=1.000000
INFO:root:24-05-2021-10-31-03
INFO:root:Spatially filtered values inpainted
INFO:root:24-05-2021-10-31-03
INFO:root:RGB label image saved to results/results2021-05-24-08-58/D800_20160308_222136lr02-2_label2021-05-24-10-31_Enter-user-ID.png
INFO:root:24-05-2021-10-31-03
INFO:root:Numpy arrays saved to results/results2021-05-24-08-58/D800_20160308_222136lr02-2_Enter-user-ID.npz
INFO:werkzeug:127.0.0.1 - - [24/May/2021 10:31:03] "POST /_dash-update-component HTTP/1.1" 200 -
INFO:root:24-05-2021-10-31-04
INFO:root:File list written to files_done.txt
INFO:werkzeug:127.0.0.1 - - [24/May/2021 10:31:04] "POST /_dash-update-component HTTP/1.1" 200 -
INFO:werkzeug:127.0.0.1 - - [24/May/2021 10:31:04] "GET /assets/D800_20160308_222136lr02-3.jpeg HTTP/1.1" 200 -
INFO:root:24-05-2021-10-31-06
INFO:root:File list written to files_done.txt
INFO:werkzeug:127.0.0.1 - - [24/May/2021 10:31:06] "POST /_dash-update-component HTTP/1.1" 200 -
INFO:root:24-05-2021-10-31-08
INFO:root:File list written to files_done.txt
INFO:werkzeug:127.0.0.1 - - [24/May/2021 10:31:08] "POST /_dash-update-component HTTP/1.1" 200 -
INFO:root:24-05-2021-10-31-09
INFO:root:File list written to files_done.txt
INFO:werkzeug:127.0.0.1 - - [24/May/2021 10:31:09] "POST /_dash-update-component HTTP/1.1" 200 -
INFO:root:24-05-2021-10-31-11
INFO:root:File list written to files_done.txt
INFO:werkzeug:127.0.0.1 - - [24/May/2021 10:31:11] "POST /_dash-update-component HTTP/1.1" 200 -
INFO:root:24-05-2021-10-31-12
INFO:root:File list written to files_done.txt
INFO:werkzeug:127.0.0.1 - - [24/May/2021 10:31:12] "POST /_dash-update-component HTTP/1.1" 200 -
INFO:root:24-05-2021-10-31-13
INFO:root:File list written to files_done.txt
INFO:root:24-05-2021-10-31-13
INFO:root:Saving RF model to RandomForestClassifier_water_land.pkl.z
INFO:root:24-05-2021-10-31-13
INFO:root:Saving data features to RandomForestClassifier_water_land.pkl.z
INFO:root:24-05-2021-10-31-13
INFO:root:Image standardized
INFO:root:24-05-2021-10-31-13
INFO:root:examples provided of 0
INFO:root:examples provided of 1
INFO:root:examples provided of 2
INFO:root:24-05-2021-10-31-13
INFO:root:Extracting features from channel 0
INFO:root:24-05-2021-10-31-14
INFO:root:Extracting features from channel 1
INFO:root:24-05-2021-10-31-14
INFO:root:Extracting features from channel 2
INFO:root:24-05-2021-10-31-14
INFO:root:Feature extraction complete
INFO:root:24-05-2021-10-31-14
INFO:root:Using 3 decision trees per image
INFO:root:24-05-2021-10-31-14
INFO:root:Updating existing RF classifier
INFO:root:Samples concatenated with those from file
INFO:root:Number of samples in training data: 15787
INFO:root:24-05-2021-10-31-14
INFO:root:Loading model from RandomForestClassifier_water_land.pkl.z
INFO:root:Number of trees: 18
INFO:root:24-05-2021-10-31-15
INFO:root:RF model fit to data
INFO:root:24-05-2021-10-31-15
INFO:root:Model saved to RandomForestClassifier_water_land.pkl.z
INFO:root:24-05-2021-10-31-15
INFO:root:Data saved to data_water_land.pkl.z
INFO:root:24-05-2021-10-31-15
INFO:root:Model used on data to estimate labels
INFO:root:24-05-2021-10-31-15
INFO:root:RF feature extraction and model fitting complete
INFO:root:24-05-2021-10-31-15
INFO:root:One-hot labels filtered
INFO:root:24-05-2021-10-31-15
INFO:root:One-hot labels spatially filtered
INFO:root:24-05-2021-10-31-16
INFO:root:Spatially filtered values inpainted
INFO:root:24-05-2021-10-31-16
INFO:root:RF model applied with sigma range 1.000000 : 16.000000
INFO:root:24-05-2021-10-31-16
INFO:root:CRF model applied with 10 test-time augmentations
INFO:root:24-05-2021-10-31-16
INFO:root:Weighted average applied to test-time augmented outputs
INFO:root:24-05-2021-10-31-16
INFO:root:CRF model applied with theta=1.000000 and mu=1.000000
INFO:root:24-05-2021-10-31-16
INFO:root:Spatially filtered values inpainted
INFO:root:24-05-2021-10-31-16
INFO:root:RGB label image saved to results/results2021-05-24-08-58/D800_20160308_222136lr02-3_label2021-05-24-10-31_Enter-user-ID.png
INFO:root:24-05-2021-10-31-16
INFO:root:Numpy arrays saved to results/results2021-05-24-08-58/D800_20160308_222136lr02-3_Enter-user-ID.npz
INFO:werkzeug:127.0.0.1 - - [24/May/2021 10:31:17] "POST /_dash-update-component HTTP/1.1" 200 -
INFO:root:24-05-2021-10-31-17
INFO:root:File list written to files_done.txt
ERROR:doodler_server:Exception on /_dash-update-component [POST]
Traceback (most recent call last):
  File "/home/marda/anaconda3/envs/dashdoodler/lib/python3.6/site-packages/flask/app.py", line 2447, in wsgi_app
    response = self.full_dispatch_request()
  File "/home/marda/anaconda3/envs/dashdoodler/lib/python3.6/site-packages/flask/app.py", line 1952, in full_dispatch_request
    rv = self.handle_user_exception(e)
  File "/home/marda/anaconda3/envs/dashdoodler/lib/python3.6/site-packages/flask/app.py", line 1821, in handle_user_exception
    reraise(exc_type, exc_value, tb)
  File "/home/marda/anaconda3/envs/dashdoodler/lib/python3.6/site-packages/flask/_compat.py", line 39, in reraise
    raise value
  File "/home/marda/anaconda3/envs/dashdoodler/lib/python3.6/site-packages/flask/app.py", line 1950, in full_dispatch_request
    rv = self.dispatch_request()
  File "/home/marda/anaconda3/envs/dashdoodler/lib/python3.6/site-packages/flask/app.py", line 1936, in dispatch_request
    return self.view_functions[rule.endpoint](**req.view_args)
  File "/home/marda/anaconda3/envs/dashdoodler/lib/python3.6/site-packages/dash/dash.py", line 1032, in dispatch
    response.set_data(func(*args, outputs_list=outputs_list))
  File "/home/marda/anaconda3/envs/dashdoodler/lib/python3.6/site-packages/dash/dash.py", line 967, in add_context
    output_value = func(*args, **kwargs)  # %% callback invoked %%
  File "doodler_server.py", line 814, in update_output
    if 'assets' not in select_image_value:
UnboundLocalError: local variable 'select_image_value' referenced before assignment
INFO:werkzeug:127.0.0.1 - - [24/May/2021 10:31:17] "[35m[1mPOST /_dash-update-component HTTP/1.1[0m" 500 -
