INFO:root:09-02-2021-15-31-48
INFO:root:loaded class labels:
INFO:root:water
INFO:root:land
INFO:root:09-02-2021-15-31-48
INFO:root:Folder created: results/results2021-02-09-15-31
INFO:root:09-02-2021-15-31-48
INFO:root:Results will be written to results/results2021-02-09-15-31
INFO:root:09-02-2021-15-31-48
INFO:root:loaded files:
INFO:root:assets/D800_20160308_222129lr00.jpg
INFO:root:assets/D800_20160308_222129lr01.jpg
INFO:root:assets/D800_20160308_222129lr02.jpg
INFO:root:assets/D800_20160308_222129lr03.jpg
INFO:root:assets/D800_20160308_222135lr00.jpg
INFO:root:assets/D800_20160308_222135lr01.jpg
INFO:root:assets/D800_20160308_222135lr02.jpg
INFO:root:assets/D800_20160308_222135lr03.jpg
INFO:root:assets/D800_20160308_222136lr00.jpg
INFO:root:assets/D800_20160308_222136lr01.jpg
INFO:root:assets/D800_20160308_222136lr02.jpg
INFO:root:assets/D800_20160308_222136lr03.jpg
INFO:root:09-02-2021-15-31-48
INFO:root:File list written to filelist.txt
INFO:werkzeug: * Running on http://127.0.0.1:8050/ (Press CTRL+C to quit)
