INFO:botocore.credentials:Found credentials in shared credentials file: ~/.aws/credentials
INFO:root:24-05-2021-20-06-43
INFO:root:loaded class labels:
INFO:root:water
INFO:root:land
INFO:root:24-05-2021-20-06-43
INFO:root:Folder created: results/results2021-05-24-20-06
INFO:root:24-05-2021-20-06-43
INFO:root:Results will be written to results/results2021-05-24-20-06
INFO:root:24-05-2021-20-06-45
INFO:root:loaded files:
INFO:root:assets/CAM001_20180910140538_75-2-3.jpg
INFO:root:assets/chunk10_m_3507664_nw_18_060_20181013_20190211_multiband-0.jpg
INFO:root:assets/chunk15_m_3407621_nw_18_1_20160911_multiband-2.jpg
INFO:root:assets/chunk17_m_3407607_ne_18_1_20120603_multiband-2.jpg
INFO:root:assets/chunk27_m_3507663_se_18_1_20120603_multiband-2.jpg
INFO:root:assets/chunk28_m_3407607_ne_18_1_20141017_multiband-3.jpg
INFO:root:assets/chunk28_m_3507664_sw_18_060_20181013_20190211_multiband-2.jpg
INFO:root:assets/chunk29_m_3507664_sw_18_1_20160911_multiband-0.jpg
INFO:root:assets/chunk55_m_3507664_sw_18_1_20100612_multiband-1.jpg
INFO:root:assets/chunk62_m_3507664_sw_18_1_20120603_multiband-3.jpg
INFO:root:assets/chunk63_m_3507664_sw_18_1_20120603_multiband-0.jpg
INFO:werkzeug: * Running on http://127.0.0.1:8050/ (Press CTRL+C to quit)
INFO:werkzeug:127.0.0.1 - - [24/May/2021 20:06:46] "GET / HTTP/1.1" 200 -
INFO:werkzeug:127.0.0.1 - - [24/May/2021 20:06:46] "[36mGET /assets/style.css?m=1620319430.2412193 HTTP/1.1[0m" 304 -
INFO:werkzeug:127.0.0.1 - - [24/May/2021 20:06:46] "[36mGET /assets/ml-image-segmentation-style.css?m=1603062280.640924 HTTP/1.1[0m" 304 -
INFO:werkzeug:127.0.0.1 - - [24/May/2021 20:06:46] "GET /_dash-layout HTTP/1.1" 200 -
INFO:werkzeug:127.0.0.1 - - [24/May/2021 20:06:46] "GET /_favicon.ico?v=1.12.0 HTTP/1.1" 200 -
INFO:werkzeug:127.0.0.1 - - [24/May/2021 20:06:46] "GET /_dash-dependencies HTTP/1.1" 200 -
INFO:werkzeug:127.0.0.1 - - [24/May/2021 20:06:46] "[36mGET /assets/logos/dash-logo-new.png HTTP/1.1[0m" 304 -
INFO:werkzeug:127.0.0.1 - - [24/May/2021 20:06:47] "[36mGET /assets/logos/dash-default.jpg HTTP/1.1[0m" 304 -
INFO:root:24-05-2021-20-06-47
INFO:root:File list written to files_done.txt
INFO:werkzeug:127.0.0.1 - - [24/May/2021 20:06:47] "POST /_dash-update-component HTTP/1.1" 200 -
INFO:werkzeug:127.0.0.1 - - [24/May/2021 20:06:47] "GET /assets/CAM001_20180910140538_75-2-3.jpg HTTP/1.1" 200 -
INFO:root:24-05-2021-20-06-47
INFO:root:File list written to files_done.txt
INFO:werkzeug:127.0.0.1 - - [24/May/2021 20:06:47] "[35m[1mPOST /_dash-update-component HTTP/1.1[0m" 204 -
INFO:root:24-05-2021-20-06-51
INFO:root:File list written to files_done.txt
INFO:werkzeug:127.0.0.1 - - [24/May/2021 20:06:51] "POST /_dash-update-component HTTP/1.1" 200 -
INFO:root:24-05-2021-20-06-51
INFO:root:File list written to files_done.txt
INFO:werkzeug:127.0.0.1 - - [24/May/2021 20:06:51] "POST /_dash-update-component HTTP/1.1" 200 -
INFO:root:24-05-2021-20-06-52
INFO:root:File list written to files_done.txt
INFO:root:24-05-2021-20-06-52
INFO:root:Saving RF model to RandomForestClassifier_water_land.pkl.z
INFO:root:24-05-2021-20-06-52
INFO:root:Saving data features to RandomForestClassifier_water_land.pkl.z
INFO:root:24-05-2021-20-06-54
INFO:root:Image standardized
INFO:root:24-05-2021-20-06-54
INFO:root:examples provided of 0
INFO:root:examples provided of 1
INFO:root:24-05-2021-20-06-54
INFO:root:Only one class annotation provided, skipping RF and CRF and coding all pixels 1
INFO:root:24-05-2021-20-06-54
INFO:root:RGB label image saved to results/results2021-05-24-20-06/CAM001_20180910140538_75-2-3_label2021-05-24-20-06_Enter-user-ID.png
INFO:root:24-05-2021-20-06-54
INFO:root:Numpy arrays saved to results/results2021-05-24-20-06/CAM001_20180910140538_75-2-3_Enter-user-ID.npz
INFO:werkzeug:127.0.0.1 - - [24/May/2021 20:06:55] "POST /_dash-update-component HTTP/1.1" 200 -
INFO:root:24-05-2021-20-06-56
INFO:root:File list written to files_done.txt
INFO:werkzeug:127.0.0.1 - - [24/May/2021 20:06:56] "POST /_dash-update-component HTTP/1.1" 200 -
INFO:werkzeug:127.0.0.1 - - [24/May/2021 20:06:56] "GET /assets/CAM001_20180910140214_75-0-0.jpg HTTP/1.1" 200 -
INFO:root:24-05-2021-20-06-58
INFO:root:File list written to files_done.txt
INFO:werkzeug:127.0.0.1 - - [24/May/2021 20:06:58] "POST /_dash-update-component HTTP/1.1" 200 -
INFO:root:24-05-2021-20-07-00
INFO:root:File list written to files_done.txt
INFO:werkzeug:127.0.0.1 - - [24/May/2021 20:07:00] "POST /_dash-update-component HTTP/1.1" 200 -
INFO:root:24-05-2021-20-07-04
INFO:root:File list written to files_done.txt
INFO:root:24-05-2021-20-07-05
INFO:root:Saving RF model to RandomForestClassifier_water_land.pkl.z
INFO:root:24-05-2021-20-07-05
INFO:root:Saving data features to RandomForestClassifier_water_land.pkl.z
INFO:root:24-05-2021-20-07-06
INFO:root:Image standardized
INFO:root:24-05-2021-20-07-06
INFO:root:examples provided of 0
INFO:root:examples provided of 2
INFO:root:24-05-2021-20-07-06
INFO:root:Only one class annotation provided, skipping RF and CRF and coding all pixels 2
INFO:root:24-05-2021-20-07-06
INFO:root:RGB label image saved to results/results2021-05-24-20-06/CAM001_20180910140214_75-0-0_label2021-05-24-20-07_Enter-user-ID.png
INFO:root:24-05-2021-20-07-06
INFO:root:Numpy arrays saved to results/results2021-05-24-20-06/CAM001_20180910140214_75-0-0_Enter-user-ID.npz
INFO:werkzeug:127.0.0.1 - - [24/May/2021 20:07:07] "POST /_dash-update-component HTTP/1.1" 200 -
INFO:root:24-05-2021-20-07-08
INFO:root:File list written to files_done.txt
INFO:werkzeug:127.0.0.1 - - [24/May/2021 20:07:08] "POST /_dash-update-component HTTP/1.1" 200 -
INFO:werkzeug:127.0.0.1 - - [24/May/2021 20:07:08] "GET /assets/CAM001_20180910140156_75-2-1.jpg HTTP/1.1" 200 -
INFO:root:24-05-2021-20-07-11
INFO:root:File list written to files_done.txt
INFO:werkzeug:127.0.0.1 - - [24/May/2021 20:07:11] "POST /_dash-update-component HTTP/1.1" 200 -
INFO:root:24-05-2021-20-07-18
INFO:root:File list written to files_done.txt
INFO:werkzeug:127.0.0.1 - - [24/May/2021 20:07:18] "POST /_dash-update-component HTTP/1.1" 200 -
INFO:root:24-05-2021-20-07-22
INFO:root:File list written to files_done.txt
INFO:werkzeug:127.0.0.1 - - [24/May/2021 20:07:22] "POST /_dash-update-component HTTP/1.1" 200 -
INFO:root:24-05-2021-20-07-26
INFO:root:File list written to files_done.txt
INFO:werkzeug:127.0.0.1 - - [24/May/2021 20:07:26] "POST /_dash-update-component HTTP/1.1" 200 -
INFO:root:24-05-2021-20-07-32
INFO:root:File list written to files_done.txt
INFO:werkzeug:127.0.0.1 - - [24/May/2021 20:07:32] "POST /_dash-update-component HTTP/1.1" 200 -
INFO:root:24-05-2021-20-07-33
INFO:root:File list written to files_done.txt
INFO:werkzeug:127.0.0.1 - - [24/May/2021 20:07:33] "POST /_dash-update-component HTTP/1.1" 200 -
INFO:root:24-05-2021-20-07-35
INFO:root:File list written to files_done.txt
INFO:werkzeug:127.0.0.1 - - [24/May/2021 20:07:35] "POST /_dash-update-component HTTP/1.1" 200 -
INFO:root:24-05-2021-20-07-36
INFO:root:File list written to files_done.txt
INFO:werkzeug:127.0.0.1 - - [24/May/2021 20:07:36] "POST /_dash-update-component HTTP/1.1" 200 -
INFO:root:24-05-2021-20-07-37
INFO:root:File list written to files_done.txt
INFO:werkzeug:127.0.0.1 - - [24/May/2021 20:07:37] "POST /_dash-update-component HTTP/1.1" 200 -
INFO:root:24-05-2021-20-07-39
INFO:root:File list written to files_done.txt
INFO:werkzeug:127.0.0.1 - - [24/May/2021 20:07:39] "POST /_dash-update-component HTTP/1.1" 200 -
INFO:root:24-05-2021-20-07-41
INFO:root:File list written to files_done.txt
INFO:werkzeug:127.0.0.1 - - [24/May/2021 20:07:41] "POST /_dash-update-component HTTP/1.1" 200 -
INFO:root:24-05-2021-20-07-42
INFO:root:File list written to files_done.txt
INFO:werkzeug:127.0.0.1 - - [24/May/2021 20:07:42] "POST /_dash-update-component HTTP/1.1" 200 -
INFO:root:24-05-2021-20-07-44
INFO:root:File list written to files_done.txt
INFO:werkzeug:127.0.0.1 - - [24/May/2021 20:07:44] "POST /_dash-update-component HTTP/1.1" 200 -
INFO:root:24-05-2021-20-07-44
INFO:root:File list written to files_done.txt
INFO:werkzeug:127.0.0.1 - - [24/May/2021 20:07:44] "POST /_dash-update-component HTTP/1.1" 200 -
INFO:root:24-05-2021-20-07-46
INFO:root:File list written to files_done.txt
INFO:werkzeug:127.0.0.1 - - [24/May/2021 20:07:46] "POST /_dash-update-component HTTP/1.1" 200 -
INFO:root:24-05-2021-20-07-46
INFO:root:File list written to files_done.txt
INFO:werkzeug:127.0.0.1 - - [24/May/2021 20:07:46] "POST /_dash-update-component HTTP/1.1" 200 -
INFO:root:24-05-2021-20-07-47
INFO:root:File list written to files_done.txt
INFO:werkzeug:127.0.0.1 - - [24/May/2021 20:07:47] "POST /_dash-update-component HTTP/1.1" 200 -
INFO:root:24-05-2021-20-07-48
INFO:root:File list written to files_done.txt
INFO:werkzeug:127.0.0.1 - - [24/May/2021 20:07:48] "POST /_dash-update-component HTTP/1.1" 200 -
INFO:root:24-05-2021-20-07-49
INFO:root:File list written to files_done.txt
INFO:werkzeug:127.0.0.1 - - [24/May/2021 20:07:49] "POST /_dash-update-component HTTP/1.1" 200 -
INFO:root:24-05-2021-20-07-50
INFO:root:File list written to files_done.txt
INFO:werkzeug:127.0.0.1 - - [24/May/2021 20:07:50] "POST /_dash-update-component HTTP/1.1" 200 -
INFO:root:24-05-2021-20-07-51
INFO:root:File list written to files_done.txt
INFO:werkzeug:127.0.0.1 - - [24/May/2021 20:07:51] "POST /_dash-update-component HTTP/1.1" 200 -
INFO:root:24-05-2021-20-07-51
INFO:root:File list written to files_done.txt
INFO:werkzeug:127.0.0.1 - - [24/May/2021 20:07:51] "POST /_dash-update-component HTTP/1.1" 200 -
INFO:root:24-05-2021-20-07-55
INFO:root:File list written to files_done.txt
INFO:werkzeug:127.0.0.1 - - [24/May/2021 20:07:55] "POST /_dash-update-component HTTP/1.1" 200 -
INFO:root:24-05-2021-20-07-55
INFO:root:File list written to files_done.txt
INFO:werkzeug:127.0.0.1 - - [24/May/2021 20:07:55] "POST /_dash-update-component HTTP/1.1" 200 -
INFO:root:24-05-2021-20-07-57
INFO:root:File list written to files_done.txt
INFO:werkzeug:127.0.0.1 - - [24/May/2021 20:07:57] "POST /_dash-update-component HTTP/1.1" 200 -
INFO:root:24-05-2021-20-07-58
INFO:root:File list written to files_done.txt
INFO:werkzeug:127.0.0.1 - - [24/May/2021 20:07:58] "POST /_dash-update-component HTTP/1.1" 200 -
INFO:root:24-05-2021-20-08-01
INFO:root:File list written to files_done.txt
INFO:werkzeug:127.0.0.1 - - [24/May/2021 20:08:01] "POST /_dash-update-component HTTP/1.1" 200 -
INFO:root:24-05-2021-20-08-02
INFO:root:File list written to files_done.txt
INFO:werkzeug:127.0.0.1 - - [24/May/2021 20:08:02] "POST /_dash-update-component HTTP/1.1" 200 -
INFO:root:24-05-2021-20-08-03
INFO:root:File list written to files_done.txt
INFO:werkzeug:127.0.0.1 - - [24/May/2021 20:08:03] "POST /_dash-update-component HTTP/1.1" 200 -
INFO:root:24-05-2021-20-08-06
INFO:root:File list written to files_done.txt
INFO:werkzeug:127.0.0.1 - - [24/May/2021 20:08:06] "POST /_dash-update-component HTTP/1.1" 200 -
INFO:root:24-05-2021-20-08-08
INFO:root:File list written to files_done.txt
INFO:werkzeug:127.0.0.1 - - [24/May/2021 20:08:08] "POST /_dash-update-component HTTP/1.1" 200 -
INFO:root:24-05-2021-20-08-09
INFO:root:File list written to files_done.txt
INFO:werkzeug:127.0.0.1 - - [24/May/2021 20:08:09] "POST /_dash-update-component HTTP/1.1" 200 -
INFO:root:24-05-2021-20-08-10
INFO:root:File list written to files_done.txt
INFO:werkzeug:127.0.0.1 - - [24/May/2021 20:08:10] "POST /_dash-update-component HTTP/1.1" 200 -
INFO:root:24-05-2021-20-08-13
INFO:root:File list written to files_done.txt
INFO:root:24-05-2021-20-08-13
INFO:root:Saving RF model to RandomForestClassifier_water_land.pkl.z
INFO:root:24-05-2021-20-08-13
INFO:root:Saving data features to RandomForestClassifier_water_land.pkl.z
INFO:root:24-05-2021-20-08-19
INFO:root:Image standardized
INFO:root:24-05-2021-20-08-19
INFO:root:examples provided of 0
INFO:root:examples provided of 1
INFO:root:examples provided of 2
INFO:root:24-05-2021-20-08-19
INFO:root:Extracting features from channel 0
INFO:root:24-05-2021-20-08-21
INFO:root:Extracting features from channel 1
INFO:root:24-05-2021-20-08-22
INFO:root:Extracting features from channel 2
INFO:root:24-05-2021-20-08-23
INFO:root:Feature extraction complete
INFO:root:24-05-2021-20-08-23
INFO:root:Using 3 decision trees per image
INFO:root:24-05-2021-20-08-23
INFO:root:Updating existing RF classifier
INFO:root:24-05-2021-20-08-23
INFO:root:Initializing RF model
INFO:root:24-05-2021-20-08-24
INFO:root:RF model fit to data
INFO:root:24-05-2021-20-08-24
INFO:root:Model saved to RandomForestClassifier_water_land.pkl.z
INFO:root:24-05-2021-20-08-24
INFO:root:Data saved to data_water_land.pkl.z
INFO:root:24-05-2021-20-08-24
INFO:root:Model used on data to estimate labels
INFO:root:24-05-2021-20-08-24
INFO:root:RF feature extraction and model fitting complete
INFO:root:24-05-2021-20-08-25
INFO:root:One-hot labels filtered
INFO:root:24-05-2021-20-08-25
INFO:root:One-hot labels spatially filtered
INFO:root:24-05-2021-20-08-26
INFO:root:Spatially filtered values inpainted
INFO:root:24-05-2021-20-08-26
INFO:root:RF model applied with sigma range 1.000000 : 16.000000
INFO:root:24-05-2021-20-08-29
INFO:root:CRF model applied with 10 test-time augmentations
INFO:root:24-05-2021-20-08-29
INFO:root:Weighted average applied to test-time augmented outputs
INFO:root:24-05-2021-20-08-29
INFO:root:CRF model applied with theta=1.000000 and mu=1.000000
INFO:root:24-05-2021-20-08-29
INFO:root:Spatially filtered values inpainted
INFO:root:24-05-2021-20-08-29
INFO:root:RGB label image saved to results/results2021-05-24-20-06/CAM001_20180910140156_75-2-1_label2021-05-24-20-08_Enter-user-ID.png
INFO:root:24-05-2021-20-08-29
INFO:root:Numpy arrays saved to results/results2021-05-24-20-06/CAM001_20180910140156_75-2-1_Enter-user-ID.npz
INFO:werkzeug:127.0.0.1 - - [24/May/2021 20:08:31] "POST /_dash-update-component HTTP/1.1" 200 -
INFO:root:24-05-2021-20-08-39
INFO:root:File list written to files_done.txt
INFO:werkzeug:127.0.0.1 - - [24/May/2021 20:08:39] "POST /_dash-update-component HTTP/1.1" 200 -
INFO:werkzeug:127.0.0.1 - - [24/May/2021 20:08:39] "GET /assets/CAM001_20180910140101_75-2-0.jpg HTTP/1.1" 200 -
INFO:root:24-05-2021-20-08-41
INFO:root:File list written to files_done.txt
INFO:werkzeug:127.0.0.1 - - [24/May/2021 20:08:41] "POST /_dash-update-component HTTP/1.1" 200 -
INFO:root:24-05-2021-20-08-45
INFO:root:File list written to files_done.txt
INFO:werkzeug:127.0.0.1 - - [24/May/2021 20:08:46] "POST /_dash-update-component HTTP/1.1" 200 -
INFO:root:24-05-2021-20-08-47
INFO:root:File list written to files_done.txt
INFO:werkzeug:127.0.0.1 - - [24/May/2021 20:08:47] "POST /_dash-update-component HTTP/1.1" 200 -
INFO:root:24-05-2021-20-08-54
INFO:root:File list written to files_done.txt
INFO:werkzeug:127.0.0.1 - - [24/May/2021 20:08:54] "POST /_dash-update-component HTTP/1.1" 200 -
INFO:root:24-05-2021-20-08-56
INFO:root:File list written to files_done.txt
INFO:root:24-05-2021-20-08-56
INFO:root:Saving RF model to RandomForestClassifier_water_land.pkl.z
INFO:root:24-05-2021-20-08-56
INFO:root:Saving data features to RandomForestClassifier_water_land.pkl.z
INFO:root:24-05-2021-20-08-57
INFO:root:Image standardized
INFO:root:24-05-2021-20-08-57
INFO:root:examples provided of 0
INFO:root:examples provided of 1
INFO:root:examples provided of 2
INFO:root:24-05-2021-20-08-57
INFO:root:Extracting features from channel 0
INFO:root:24-05-2021-20-08-58
INFO:root:Extracting features from channel 1
INFO:root:24-05-2021-20-08-58
INFO:root:Extracting features from channel 2
INFO:root:24-05-2021-20-08-59
INFO:root:Feature extraction complete
INFO:root:24-05-2021-20-09-00
INFO:root:Using 3 decision trees per image
INFO:root:24-05-2021-20-09-00
INFO:root:Updating existing RF classifier
INFO:root:Samples concatenated with those from file
INFO:root:Number of samples in training data: 26276
INFO:root:24-05-2021-20-09-00
INFO:root:Loading model from RandomForestClassifier_water_land.pkl.z
INFO:root:Number of trees: 6
INFO:root:24-05-2021-20-09-00
INFO:root:RF model fit to data
INFO:root:24-05-2021-20-09-00
INFO:root:Model saved to RandomForestClassifier_water_land.pkl.z
INFO:root:24-05-2021-20-09-01
INFO:root:Data saved to data_water_land.pkl.z
INFO:root:24-05-2021-20-09-01
INFO:root:Model used on data to estimate labels
INFO:root:24-05-2021-20-09-01
INFO:root:RF feature extraction and model fitting complete
INFO:root:24-05-2021-20-09-01
INFO:root:One-hot labels filtered
INFO:root:24-05-2021-20-09-02
INFO:root:One-hot labels spatially filtered
INFO:root:24-05-2021-20-09-03
INFO:root:Spatially filtered values inpainted
INFO:root:24-05-2021-20-09-03
INFO:root:RF model applied with sigma range 1.000000 : 16.000000
INFO:root:24-05-2021-20-09-06
INFO:root:CRF model applied with 10 test-time augmentations
INFO:root:24-05-2021-20-09-06
INFO:root:Weighted average applied to test-time augmented outputs
INFO:root:24-05-2021-20-09-06
INFO:root:CRF model applied with theta=1.000000 and mu=1.000000
INFO:root:24-05-2021-20-09-06
INFO:root:Spatially filtered values inpainted
INFO:root:24-05-2021-20-09-06
INFO:root:RGB label image saved to results/results2021-05-24-20-06/CAM001_20180910140101_75-2-0_label2021-05-24-20-09_Enter-user-ID.png
INFO:root:24-05-2021-20-09-06
INFO:root:Numpy arrays saved to results/results2021-05-24-20-06/CAM001_20180910140101_75-2-0_Enter-user-ID.npz
INFO:werkzeug:127.0.0.1 - - [24/May/2021 20:09:07] "POST /_dash-update-component HTTP/1.1" 200 -
INFO:root:24-05-2021-20-09-10
INFO:root:File list written to files_done.txt
INFO:werkzeug:127.0.0.1 - - [24/May/2021 20:09:10] "POST /_dash-update-component HTTP/1.1" 200 -
INFO:werkzeug:127.0.0.1 - - [24/May/2021 20:09:10] "GET /assets/CAM001_20180910140059_75-0-0.jpg HTTP/1.1" 200 -
INFO:root:24-05-2021-20-09-12
INFO:root:File list written to files_done.txt
INFO:werkzeug:127.0.0.1 - - [24/May/2021 20:09:12] "POST /_dash-update-component HTTP/1.1" 200 -
INFO:root:24-05-2021-20-09-13
INFO:root:File list written to files_done.txt
INFO:werkzeug:127.0.0.1 - - [24/May/2021 20:09:13] "POST /_dash-update-component HTTP/1.1" 200 -
INFO:root:24-05-2021-20-09-13
INFO:root:File list written to files_done.txt
INFO:root:24-05-2021-20-09-13
INFO:root:Saving RF model to RandomForestClassifier_water_land.pkl.z
INFO:root:24-05-2021-20-09-13
INFO:root:Saving data features to RandomForestClassifier_water_land.pkl.z
INFO:root:24-05-2021-20-09-15
INFO:root:Image standardized
INFO:root:24-05-2021-20-09-15
INFO:root:examples provided of 0
INFO:root:examples provided of 2
INFO:root:24-05-2021-20-09-15
INFO:root:Only one class annotation provided, skipping RF and CRF and coding all pixels 2
INFO:root:24-05-2021-20-09-15
INFO:root:RGB label image saved to results/results2021-05-24-20-06/CAM001_20180910140059_75-0-0_label2021-05-24-20-09_Enter-user-ID.png
INFO:root:24-05-2021-20-09-15
INFO:root:Numpy arrays saved to results/results2021-05-24-20-06/CAM001_20180910140059_75-0-0_Enter-user-ID.npz
INFO:werkzeug:127.0.0.1 - - [24/May/2021 20:09:17] "POST /_dash-update-component HTTP/1.1" 200 -
INFO:root:24-05-2021-20-09-59
INFO:root:File list written to files_done.txt
INFO:werkzeug:127.0.0.1 - - [24/May/2021 20:09:59] "POST /_dash-update-component HTTP/1.1" 200 -
INFO:werkzeug:127.0.0.1 - - [24/May/2021 20:09:59] "GET /assets/CAM001_20180910140101_75-2-1.jpg HTTP/1.1" 200 -
INFO:root:24-05-2021-20-10-01
INFO:root:File list written to files_done.txt
INFO:werkzeug:127.0.0.1 - - [24/May/2021 20:10:01] "POST /_dash-update-component HTTP/1.1" 200 -
INFO:root:24-05-2021-20-10-06
INFO:root:File list written to files_done.txt
INFO:werkzeug:127.0.0.1 - - [24/May/2021 20:10:06] "POST /_dash-update-component HTTP/1.1" 200 -
INFO:root:24-05-2021-20-10-07
INFO:root:File list written to files_done.txt
INFO:werkzeug:127.0.0.1 - - [24/May/2021 20:10:07] "POST /_dash-update-component HTTP/1.1" 200 -
INFO:root:24-05-2021-20-10-08
INFO:root:File list written to files_done.txt
INFO:werkzeug:127.0.0.1 - - [24/May/2021 20:10:08] "POST /_dash-update-component HTTP/1.1" 200 -
INFO:root:24-05-2021-20-10-09
INFO:root:File list written to files_done.txt
INFO:werkzeug:127.0.0.1 - - [24/May/2021 20:10:09] "POST /_dash-update-component HTTP/1.1" 200 -
INFO:root:24-05-2021-20-10-15
INFO:root:File list written to files_done.txt
INFO:werkzeug:127.0.0.1 - - [24/May/2021 20:10:15] "POST /_dash-update-component HTTP/1.1" 200 -
INFO:root:24-05-2021-20-10-17
INFO:root:File list written to files_done.txt
INFO:werkzeug:127.0.0.1 - - [24/May/2021 20:10:17] "POST /_dash-update-component HTTP/1.1" 200 -
INFO:root:24-05-2021-20-10-21
INFO:root:File list written to files_done.txt
INFO:werkzeug:127.0.0.1 - - [24/May/2021 20:10:21] "POST /_dash-update-component HTTP/1.1" 200 -
INFO:root:24-05-2021-20-10-23
INFO:root:File list written to files_done.txt
INFO:root:24-05-2021-20-10-23
INFO:root:Saving RF model to RandomForestClassifier_water_land.pkl.z
INFO:root:24-05-2021-20-10-23
INFO:root:Saving data features to RandomForestClassifier_water_land.pkl.z
INFO:root:24-05-2021-20-10-25
INFO:root:Image standardized
INFO:root:24-05-2021-20-10-25
INFO:root:examples provided of 0
INFO:root:examples provided of 1
INFO:root:examples provided of 2
INFO:root:24-05-2021-20-10-25
INFO:root:Extracting features from channel 0
INFO:root:24-05-2021-20-10-26
INFO:root:Extracting features from channel 1
INFO:root:24-05-2021-20-10-27
INFO:root:Extracting features from channel 2
INFO:root:24-05-2021-20-10-28
INFO:root:Feature extraction complete
INFO:root:24-05-2021-20-10-28
INFO:root:Using 3 decision trees per image
INFO:root:24-05-2021-20-10-28
INFO:root:Updating existing RF classifier
INFO:root:Samples concatenated with those from file
INFO:root:Number of samples in training data: 36978
INFO:root:24-05-2021-20-10-28
INFO:root:Loading model from RandomForestClassifier_water_land.pkl.z
INFO:root:Number of trees: 9
INFO:root:24-05-2021-20-10-29
INFO:root:RF model fit to data
INFO:root:24-05-2021-20-10-29
INFO:root:Model saved to RandomForestClassifier_water_land.pkl.z
INFO:root:24-05-2021-20-10-29
INFO:root:Data saved to data_water_land.pkl.z
INFO:root:24-05-2021-20-10-30
INFO:root:Model used on data to estimate labels
INFO:root:24-05-2021-20-10-30
INFO:root:RF feature extraction and model fitting complete
INFO:root:24-05-2021-20-10-30
INFO:root:One-hot labels filtered
INFO:root:24-05-2021-20-10-31
INFO:root:One-hot labels spatially filtered
INFO:root:24-05-2021-20-10-32
INFO:root:Spatially filtered values inpainted
INFO:root:24-05-2021-20-10-32
INFO:root:RF model applied with sigma range 1.000000 : 16.000000
INFO:root:24-05-2021-20-10-35
INFO:root:CRF model applied with 10 test-time augmentations
INFO:root:24-05-2021-20-10-35
INFO:root:Weighted average applied to test-time augmented outputs
INFO:root:24-05-2021-20-10-35
INFO:root:CRF model applied with theta=1.000000 and mu=1.000000
INFO:root:24-05-2021-20-10-35
INFO:root:Spatially filtered values inpainted
INFO:root:24-05-2021-20-10-35
INFO:root:RGB label image saved to results/results2021-05-24-20-06/CAM001_20180910140101_75-2-1_label2021-05-24-20-10_db.png
INFO:root:24-05-2021-20-10-35
INFO:root:Numpy arrays saved to results/results2021-05-24-20-06/CAM001_20180910140101_75-2-1_db.npz
INFO:werkzeug:127.0.0.1 - - [24/May/2021 20:10:36] "POST /_dash-update-component HTTP/1.1" 200 -
INFO:root:24-05-2021-20-10-39
INFO:root:File list written to files_done.txt
INFO:werkzeug:127.0.0.1 - - [24/May/2021 20:10:39] "POST /_dash-update-component HTTP/1.1" 200 -
INFO:werkzeug:127.0.0.1 - - [24/May/2021 20:10:39] "GET /assets/CAM001_20180910140111_75-2-0.jpg HTTP/1.1" 200 -
INFO:root:24-05-2021-20-10-41
INFO:root:File list written to files_done.txt
INFO:werkzeug:127.0.0.1 - - [24/May/2021 20:10:41] "POST /_dash-update-component HTTP/1.1" 200 -
INFO:root:24-05-2021-20-10-44
INFO:root:File list written to files_done.txt
INFO:werkzeug:127.0.0.1 - - [24/May/2021 20:10:44] "POST /_dash-update-component HTTP/1.1" 200 -
INFO:root:24-05-2021-20-10-45
INFO:root:File list written to files_done.txt
INFO:werkzeug:127.0.0.1 - - [24/May/2021 20:10:45] "POST /_dash-update-component HTTP/1.1" 200 -
INFO:root:24-05-2021-20-10-49
INFO:root:File list written to files_done.txt
INFO:werkzeug:127.0.0.1 - - [24/May/2021 20:10:49] "POST /_dash-update-component HTTP/1.1" 200 -
INFO:root:24-05-2021-20-10-51
INFO:root:File list written to files_done.txt
INFO:werkzeug:127.0.0.1 - - [24/May/2021 20:10:51] "POST /_dash-update-component HTTP/1.1" 200 -
INFO:root:24-05-2021-20-10-53
INFO:root:File list written to files_done.txt
INFO:root:24-05-2021-20-10-53
INFO:root:Saving RF model to RandomForestClassifier_water_land.pkl.z
INFO:root:24-05-2021-20-10-53
INFO:root:Saving data features to RandomForestClassifier_water_land.pkl.z
INFO:root:24-05-2021-20-10-54
INFO:root:Image standardized
INFO:root:24-05-2021-20-10-54
INFO:root:examples provided of 0
INFO:root:examples provided of 1
INFO:root:examples provided of 2
INFO:root:24-05-2021-20-10-54
INFO:root:Extracting features from channel 0
INFO:root:24-05-2021-20-10-55
INFO:root:Extracting features from channel 1
INFO:root:24-05-2021-20-10-56
INFO:root:Extracting features from channel 2
INFO:root:24-05-2021-20-10-57
INFO:root:Feature extraction complete
INFO:root:24-05-2021-20-10-57
INFO:root:Using 3 decision trees per image
INFO:root:24-05-2021-20-10-57
INFO:root:Updating existing RF classifier
INFO:root:Samples concatenated with those from file
INFO:root:Number of samples in training data: 49849
INFO:root:24-05-2021-20-10-58
INFO:root:Loading model from RandomForestClassifier_water_land.pkl.z
INFO:root:Number of trees: 12
INFO:root:24-05-2021-20-10-59
INFO:root:RF model fit to data
INFO:root:24-05-2021-20-10-59
INFO:root:Model saved to RandomForestClassifier_water_land.pkl.z
INFO:root:24-05-2021-20-10-59
INFO:root:Data saved to data_water_land.pkl.z
INFO:root:24-05-2021-20-11-00
INFO:root:Model used on data to estimate labels
INFO:root:24-05-2021-20-11-00
INFO:root:RF feature extraction and model fitting complete
INFO:root:24-05-2021-20-11-00
INFO:root:One-hot labels filtered
INFO:root:24-05-2021-20-11-01
INFO:root:One-hot labels spatially filtered
INFO:root:24-05-2021-20-11-02
INFO:root:Spatially filtered values inpainted
INFO:root:24-05-2021-20-11-02
INFO:root:RF model applied with sigma range 1.000000 : 16.000000
INFO:root:24-05-2021-20-11-05
INFO:root:CRF model applied with 10 test-time augmentations
INFO:root:24-05-2021-20-11-05
INFO:root:Weighted average applied to test-time augmented outputs
INFO:root:24-05-2021-20-11-05
INFO:root:CRF model applied with theta=1.000000 and mu=1.000000
INFO:root:24-05-2021-20-11-05
INFO:root:Spatially filtered values inpainted
INFO:root:24-05-2021-20-11-05
INFO:root:RGB label image saved to results/results2021-05-24-20-06/CAM001_20180910140111_75-2-0_label2021-05-24-20-11_db.png
INFO:root:24-05-2021-20-11-05
INFO:root:Numpy arrays saved to results/results2021-05-24-20-06/CAM001_20180910140111_75-2-0_db.npz
INFO:werkzeug:127.0.0.1 - - [24/May/2021 20:11:07] "POST /_dash-update-component HTTP/1.1" 200 -
INFO:root:24-05-2021-20-11-09
INFO:root:File list written to files_done.txt
INFO:werkzeug:127.0.0.1 - - [24/May/2021 20:11:09] "POST /_dash-update-component HTTP/1.1" 200 -
INFO:werkzeug:127.0.0.1 - - [24/May/2021 20:11:09] "GET /assets/CAM001_20180910140141_75-2-3.jpg HTTP/1.1" 200 -
INFO:root:24-05-2021-20-11-12
INFO:root:File list written to files_done.txt
INFO:werkzeug:127.0.0.1 - - [24/May/2021 20:11:12] "POST /_dash-update-component HTTP/1.1" 200 -
INFO:root:24-05-2021-20-11-14
INFO:root:File list written to files_done.txt
INFO:werkzeug:127.0.0.1 - - [24/May/2021 20:11:14] "POST /_dash-update-component HTTP/1.1" 200 -
INFO:root:24-05-2021-20-11-15
INFO:root:File list written to files_done.txt
INFO:werkzeug:127.0.0.1 - - [24/May/2021 20:11:15] "POST /_dash-update-component HTTP/1.1" 200 -
INFO:root:24-05-2021-20-11-17
INFO:root:File list written to files_done.txt
INFO:werkzeug:127.0.0.1 - - [24/May/2021 20:11:17] "POST /_dash-update-component HTTP/1.1" 200 -
INFO:root:24-05-2021-20-11-19
INFO:root:File list written to files_done.txt
INFO:werkzeug:127.0.0.1 - - [24/May/2021 20:11:19] "POST /_dash-update-component HTTP/1.1" 200 -
INFO:root:24-05-2021-20-11-21
INFO:root:File list written to files_done.txt
INFO:werkzeug:127.0.0.1 - - [24/May/2021 20:11:21] "POST /_dash-update-component HTTP/1.1" 200 -
INFO:root:24-05-2021-20-11-22
INFO:root:File list written to files_done.txt
INFO:root:24-05-2021-20-11-22
INFO:root:Saving RF model to RandomForestClassifier_water_land.pkl.z
INFO:root:24-05-2021-20-11-22
INFO:root:Saving data features to RandomForestClassifier_water_land.pkl.z
INFO:root:24-05-2021-20-11-23
INFO:root:Image standardized
INFO:root:24-05-2021-20-11-23
INFO:root:examples provided of 0
INFO:root:examples provided of 1
INFO:root:examples provided of 2
INFO:root:24-05-2021-20-11-23
INFO:root:Extracting features from channel 0
INFO:root:24-05-2021-20-11-24
INFO:root:Extracting features from channel 1
INFO:root:24-05-2021-20-11-25
INFO:root:Extracting features from channel 2
INFO:root:24-05-2021-20-11-26
INFO:root:Feature extraction complete
INFO:root:24-05-2021-20-11-26
INFO:root:Using 3 decision trees per image
INFO:root:24-05-2021-20-11-27
INFO:root:Updating existing RF classifier
INFO:root:Samples concatenated with those from file
INFO:root:Number of samples in training data: 53957
INFO:root:24-05-2021-20-11-27
INFO:root:Loading model from RandomForestClassifier_water_land.pkl.z
INFO:root:Number of trees: 15
INFO:root:24-05-2021-20-11-28
INFO:root:RF model fit to data
INFO:root:24-05-2021-20-11-28
INFO:root:Model saved to RandomForestClassifier_water_land.pkl.z
INFO:root:24-05-2021-20-11-29
INFO:root:Data saved to data_water_land.pkl.z
INFO:root:24-05-2021-20-11-30
INFO:root:Model used on data to estimate labels
INFO:root:24-05-2021-20-11-30
INFO:root:RF feature extraction and model fitting complete
INFO:root:24-05-2021-20-11-30
INFO:root:One-hot labels filtered
INFO:root:24-05-2021-20-11-30
INFO:root:One-hot labels spatially filtered
INFO:root:24-05-2021-20-11-31
INFO:root:Spatially filtered values inpainted
INFO:root:24-05-2021-20-11-31
INFO:root:RF model applied with sigma range 1.000000 : 16.000000
INFO:root:24-05-2021-20-11-34
INFO:root:CRF model applied with 10 test-time augmentations
INFO:root:24-05-2021-20-11-35
INFO:root:Weighted average applied to test-time augmented outputs
INFO:root:24-05-2021-20-11-35
INFO:root:CRF model applied with theta=1.000000 and mu=1.000000
INFO:root:24-05-2021-20-11-35
INFO:root:Spatially filtered values inpainted
INFO:root:24-05-2021-20-11-35
INFO:root:RGB label image saved to results/results2021-05-24-20-06/CAM001_20180910140141_75-2-3_label2021-05-24-20-11_db.png
INFO:root:24-05-2021-20-11-35
INFO:root:Numpy arrays saved to results/results2021-05-24-20-06/CAM001_20180910140141_75-2-3_db.npz
INFO:werkzeug:127.0.0.1 - - [24/May/2021 20:11:36] "POST /_dash-update-component HTTP/1.1" 200 -
INFO:root:24-05-2021-20-11-38
INFO:root:File list written to files_done.txt
INFO:werkzeug:127.0.0.1 - - [24/May/2021 20:11:38] "POST /_dash-update-component HTTP/1.1" 200 -
INFO:werkzeug:127.0.0.1 - - [24/May/2021 20:11:38] "GET /assets/CAM001_20180910140114_75-0-1.jpg HTTP/1.1" 200 -
