INFO:botocore.credentials:Found credentials in shared credentials file: ~/.aws/credentials
INFO:root:24-05-2021-14-48-44
INFO:root:loaded class labels:
INFO:root:water
INFO:root:land
INFO:root:24-05-2021-14-48-44
INFO:root:Folder created: results/results2021-05-24-14-48
INFO:root:24-05-2021-14-48-44
INFO:root:Results will be written to results/results2021-05-24-14-48
INFO:root:24-05-2021-14-48-44
INFO:root:loaded files:
INFO:root:assets/D800_20160308_222129lr02-0.jpg
INFO:root:assets/D800_20160308_222129lr02-2.jpg
INFO:root:assets/D800_20160308_222129lr02-3.jpg
INFO:root:assets/D800_20160308_222135lr03-0.jpg
INFO:root:assets/D800_20160308_222135lr03-1.jpg
INFO:root:assets/D800_20160308_222135lr03-2.jpg
INFO:root:assets/D800_20160308_222135lr03-3.jpg
INFO:root:assets/D800_20160308_222129lr03-2.JPG
INFO:root:assets/D800_20160308_222129lr03-3.JPG
INFO:root:assets/D800_20160308_222135lr00-2.JPG
INFO:root:assets/D800_20160308_222135lr02-0.jpeg
INFO:root:assets/D800_20160308_222135lr02-2.jpeg
INFO:root:assets/D800_20160308_222135lr02-3.jpeg
INFO:root:assets/D800_20160308_222136lr02-2.jpeg
INFO:root:assets/D800_20160308_222136lr02-3.jpeg
INFO:werkzeug: * Running on http://127.0.0.1:8050/ (Press CTRL+C to quit)
INFO:werkzeug:127.0.0.1 - - [24/May/2021 14:48:45] "GET / HTTP/1.1" 200 -
INFO:werkzeug:127.0.0.1 - - [24/May/2021 14:48:45] "GET /_favicon.ico?v=1.12.0 HTTP/1.1" 200 -
INFO:werkzeug:127.0.0.1 - - [24/May/2021 14:48:45] "GET /_dash-dependencies HTTP/1.1" 200 -
INFO:werkzeug:127.0.0.1 - - [24/May/2021 14:48:45] "GET /_dash-layout HTTP/1.1" 200 -
INFO:root:24-05-2021-14-48-47
INFO:root:File list written to files_done.txt
INFO:werkzeug:127.0.0.1 - - [24/May/2021 14:48:47] "POST /_dash-update-component HTTP/1.1" 200 -
INFO:root:24-05-2021-14-48-48
INFO:root:File list written to files_done.txt
INFO:werkzeug:127.0.0.1 - - [24/May/2021 14:48:48] "[35m[1mPOST /_dash-update-component HTTP/1.1[0m" 204 -
INFO:root:24-05-2021-14-48-59
INFO:root:File list written to files_done.txt
INFO:werkzeug:127.0.0.1 - - [24/May/2021 14:48:59] "POST /_dash-update-component HTTP/1.1" 200 -
INFO:root:24-05-2021-14-49-00
INFO:root:File list written to files_done.txt
INFO:werkzeug:127.0.0.1 - - [24/May/2021 14:49:00] "POST /_dash-update-component HTTP/1.1" 200 -
INFO:root:24-05-2021-14-49-01
INFO:root:File list written to files_done.txt
INFO:root:24-05-2021-14-49-01
INFO:root:Saving RF model to RandomForestClassifier_water_land.pkl.z
INFO:root:24-05-2021-14-49-01
INFO:root:Saving data features to RandomForestClassifier_water_land.pkl.z
INFO:root:24-05-2021-14-49-01
INFO:root:Image standardized
INFO:root:24-05-2021-14-49-01
INFO:root:examples provided of 0
INFO:root:examples provided of 2
INFO:root:24-05-2021-14-49-01
INFO:root:Only one class annotation provided, skipping RF and CRF and coding all pixels 2
INFO:root:24-05-2021-14-49-01
INFO:root:RGB label image saved to results/results2021-05-24-14-48/D800_20160308_222129lr02-0_label2021-05-24-14-49_Enter-user-ID.png
INFO:root:24-05-2021-14-49-01
INFO:root:Numpy arrays saved to results/results2021-05-24-14-48/D800_20160308_222129lr02-0_Enter-user-ID.npz
INFO:werkzeug:127.0.0.1 - - [24/May/2021 14:49:01] "POST /_dash-update-component HTTP/1.1" 200 -
INFO:root:24-05-2021-14-49-02
INFO:root:File list written to files_done.txt
INFO:werkzeug:127.0.0.1 - - [24/May/2021 14:49:02] "POST /_dash-update-component HTTP/1.1" 200 -
INFO:root:24-05-2021-14-49-03
INFO:root:File list written to files_done.txt
INFO:werkzeug:127.0.0.1 - - [24/May/2021 14:49:03] "POST /_dash-update-component HTTP/1.1" 200 -
INFO:root:24-05-2021-14-49-05
INFO:root:File list written to files_done.txt
INFO:werkzeug:127.0.0.1 - - [24/May/2021 14:49:05] "POST /_dash-update-component HTTP/1.1" 200 -
INFO:root:24-05-2021-14-49-06
INFO:root:File list written to files_done.txt
INFO:werkzeug:127.0.0.1 - - [24/May/2021 14:49:06] "POST /_dash-update-component HTTP/1.1" 200 -
INFO:root:24-05-2021-14-49-09
INFO:root:File list written to files_done.txt
INFO:werkzeug:127.0.0.1 - - [24/May/2021 14:49:09] "POST /_dash-update-component HTTP/1.1" 200 -
INFO:root:24-05-2021-14-49-10
INFO:root:File list written to files_done.txt
INFO:root:24-05-2021-14-49-10
INFO:root:Saving RF model to RandomForestClassifier_water_land.pkl.z
INFO:root:24-05-2021-14-49-10
INFO:root:Saving data features to RandomForestClassifier_water_land.pkl.z
INFO:root:24-05-2021-14-49-10
INFO:root:Image standardized
INFO:root:24-05-2021-14-49-10
INFO:root:examples provided of 0
INFO:root:examples provided of 1
INFO:root:examples provided of 2
INFO:root:24-05-2021-14-49-10
INFO:root:Extracting features from channel 0
INFO:root:24-05-2021-14-49-11
INFO:root:Extracting features from channel 1
INFO:root:24-05-2021-14-49-13
INFO:root:Extracting features from channel 2
INFO:root:24-05-2021-14-49-13
INFO:root:Feature extraction complete
INFO:root:24-05-2021-14-49-13
INFO:root:Using 3 decision trees per image
INFO:root:24-05-2021-14-49-13
INFO:root:Updating existing RF classifier
INFO:root:24-05-2021-14-49-13
INFO:root:Initializing RF model
INFO:root:24-05-2021-14-49-13
INFO:root:RF model fit to data
INFO:root:24-05-2021-14-49-13
INFO:root:Model saved to RandomForestClassifier_water_land.pkl.z
INFO:root:24-05-2021-14-49-13
INFO:root:Data saved to data_water_land.pkl.z
INFO:root:24-05-2021-14-49-13
INFO:root:Model used on data to estimate labels
INFO:root:24-05-2021-14-49-13
INFO:root:RF feature extraction and model fitting complete
INFO:root:24-05-2021-14-49-13
INFO:root:One-hot labels filtered
INFO:root:24-05-2021-14-49-14
INFO:root:One-hot labels spatially filtered
INFO:root:24-05-2021-14-49-14
INFO:root:Spatially filtered values inpainted
INFO:root:24-05-2021-14-49-14
INFO:root:RF model applied with sigma range 1.000000 : 16.000000
INFO:root:24-05-2021-14-49-14
INFO:root:CRF model applied with 10 test-time augmentations
INFO:root:24-05-2021-14-49-14
INFO:root:Weighted average applied to test-time augmented outputs
INFO:root:24-05-2021-14-49-14
INFO:root:CRF model applied with theta=1.000000 and mu=1.000000
INFO:root:24-05-2021-14-49-14
INFO:root:Spatially filtered values inpainted
INFO:root:24-05-2021-14-49-15
INFO:root:RGB label image saved to results/results2021-05-24-14-48/D800_20160308_222129lr02-2_label2021-05-24-14-49_Enter-user-ID.png
INFO:root:24-05-2021-14-49-15
INFO:root:Numpy arrays saved to results/results2021-05-24-14-48/D800_20160308_222129lr02-2_Enter-user-ID.npz
INFO:werkzeug:127.0.0.1 - - [24/May/2021 14:49:15] "POST /_dash-update-component HTTP/1.1" 200 -
INFO:root:24-05-2021-14-49-16
INFO:root:File list written to files_done.txt
INFO:werkzeug:127.0.0.1 - - [24/May/2021 14:49:17] "POST /_dash-update-component HTTP/1.1" 200 -
