INFO:botocore.credentials:Found credentials in shared credentials file: ~/.aws/credentials
INFO:root:25-05-2021-11-47-48
INFO:root:loaded class labels:
INFO:root:water
INFO:root:land
INFO:root:25-05-2021-11-47-48
INFO:root:Folder created: results/results2021-05-25-11-47
INFO:root:25-05-2021-11-47-48
INFO:root:Results will be written to results/results2021-05-25-11-47
INFO:root:25-05-2021-11-47-48
INFO:root:loaded files:
INFO:root:assets/CAM001_20180910140059_75-0-0.jpg
INFO:root:assets/CAM001_20180910140101_75-2-0.jpg
INFO:root:assets/CAM001_20180910140101_75-2-1.jpg
INFO:root:assets/CAM001_20180910140111_75-2-0.jpg
INFO:root:assets/CAM001_20180910140114_75-0-1.jpg
INFO:root:assets/CAM001_20180910140141_75-2-3.jpg
INFO:root:assets/CAM001_20180910140156_75-2-1.jpg
INFO:root:assets/CAM001_20180910140214_75-0-0.jpg
INFO:root:assets/CAM001_20180910140324_70-0-0.jpg
INFO:root:assets/CAM001_20180910140538_75-2-3.jpg
INFO:root:assets/CAM001_20190304163712_30lr-2-2.jpg
INFO:root:assets/CAM001_20200120133854_35lr-0-3.jpg
INFO:root:assets/CAM432_20170125222647_30-0-0.jpg
INFO:root:assets/CAM432_20170222225741_00lr-2-0.jpg
INFO:werkzeug: * Running on http://127.0.0.1:8050/ (Press CTRL+C to quit)
INFO:werkzeug:127.0.0.1 - - [25/May/2021 11:47:49] "GET / HTTP/1.1" 200 -
INFO:werkzeug:127.0.0.1 - - [25/May/2021 11:47:49] "GET /_dash-layout HTTP/1.1" 200 -
INFO:werkzeug:127.0.0.1 - - [25/May/2021 11:47:49] "GET /_dash-dependencies HTTP/1.1" 200 -
INFO:werkzeug:127.0.0.1 - - [25/May/2021 11:47:49] "GET /_favicon.ico?v=1.12.0 HTTP/1.1" 200 -
INFO:root:25-05-2021-11-47-49
INFO:root:File list written to files_done.txt
INFO:werkzeug:127.0.0.1 - - [25/May/2021 11:47:49] "POST /_dash-update-component HTTP/1.1" 200 -
INFO:root:25-05-2021-11-47-49
INFO:root:File list written to files_done.txt
INFO:werkzeug:127.0.0.1 - - [25/May/2021 11:47:49] "[35m[1mPOST /_dash-update-component HTTP/1.1[0m" 204 -
INFO:root:25-05-2021-11-47-56
INFO:root:File list written to files_done.txt
INFO:werkzeug:127.0.0.1 - - [25/May/2021 11:47:56] "POST /_dash-update-component HTTP/1.1" 200 -
INFO:root:25-05-2021-11-47-59
INFO:root:File list written to files_done.txt
INFO:werkzeug:127.0.0.1 - - [25/May/2021 11:47:59] "POST /_dash-update-component HTTP/1.1" 200 -
INFO:root:25-05-2021-11-48-00
INFO:root:File list written to files_done.txt
INFO:werkzeug:127.0.0.1 - - [25/May/2021 11:48:00] "POST /_dash-update-component HTTP/1.1" 200 -
INFO:root:25-05-2021-11-48-02
INFO:root:File list written to files_done.txt
INFO:werkzeug:127.0.0.1 - - [25/May/2021 11:48:02] "POST /_dash-update-component HTTP/1.1" 200 -
INFO:root:25-05-2021-11-48-10
INFO:root:File list written to files_done.txt
INFO:werkzeug:127.0.0.1 - - [25/May/2021 11:48:10] "POST /_dash-update-component HTTP/1.1" 200 -
INFO:root:25-05-2021-11-48-13
INFO:root:File list written to files_done.txt
INFO:werkzeug:127.0.0.1 - - [25/May/2021 11:48:13] "POST /_dash-update-component HTTP/1.1" 200 -
INFO:root:25-05-2021-11-48-14
INFO:root:File list written to files_done.txt
INFO:werkzeug:127.0.0.1 - - [25/May/2021 11:48:14] "POST /_dash-update-component HTTP/1.1" 200 -
INFO:root:25-05-2021-11-48-15
INFO:root:File list written to files_done.txt
INFO:werkzeug:127.0.0.1 - - [25/May/2021 11:48:15] "POST /_dash-update-component HTTP/1.1" 200 -
INFO:root:25-05-2021-11-48-16
INFO:root:File list written to files_done.txt
INFO:root:25-05-2021-11-48-17
INFO:root:Saving RF model to RandomForestClassifier_water_land.pkl.z
INFO:root:25-05-2021-11-48-17
INFO:root:Saving data features to RandomForestClassifier_water_land.pkl.z
INFO:root:25-05-2021-11-48-18
INFO:root:Image standardized
INFO:root:25-05-2021-11-48-18
INFO:root:examples provided of 0
INFO:root:examples provided of 1
INFO:root:examples provided of 2
INFO:root:25-05-2021-11-48-18
INFO:root:Extracting features from channel 0
INFO:root:25-05-2021-11-48-20
INFO:root:Extracting features from channel 1
INFO:root:25-05-2021-11-48-22
INFO:root:Extracting features from channel 2
INFO:root:25-05-2021-11-48-23
INFO:root:Feature extraction complete
INFO:root:25-05-2021-11-48-23
INFO:root:Using 3 decision trees per image
INFO:root:25-05-2021-11-48-23
INFO:root:Updating existing RF classifier
INFO:root:25-05-2021-11-48-23
INFO:root:Initializing RF model
INFO:root:25-05-2021-11-48-23
INFO:root:RF model fit to data
INFO:root:25-05-2021-11-48-23
INFO:root:Model saved to RandomForestClassifier_water_land.pkl.z
INFO:root:25-05-2021-11-48-24
INFO:root:Data saved to data_water_land.pkl.z
INFO:root:25-05-2021-11-48-24
INFO:root:Model used on data to estimate labels
INFO:root:25-05-2021-11-48-24
INFO:root:RF feature extraction and model fitting complete
INFO:root:25-05-2021-11-48-24
INFO:root:One-hot labels filtered
INFO:root:25-05-2021-11-48-24
INFO:root:One-hot labels spatially filtered
INFO:root:25-05-2021-11-48-25
INFO:root:Spatially filtered values inpainted
INFO:root:25-05-2021-11-48-25
INFO:root:RF model applied with sigma range 1.000000 : 16.000000
INFO:root:25-05-2021-11-48-28
INFO:root:CRF model applied with 10 test-time augmentations
INFO:root:25-05-2021-11-48-28
INFO:root:Weighted average applied to test-time augmented outputs
INFO:root:25-05-2021-11-48-28
INFO:root:CRF model applied with theta=1.000000 and mu=1.000000
INFO:root:25-05-2021-11-48-28
INFO:root:Spatially filtered values inpainted
INFO:root:25-05-2021-11-48-29
INFO:root:RGB label image saved to results/results2021-05-25-11-47/CAM001_20180910140324_70-0-0_label2021-05-25-11-48_db.png
INFO:root:25-05-2021-11-48-29
INFO:root:Numpy arrays saved to results/results2021-05-25-11-47/CAM001_20180910140324_70-0-0_db.npz
INFO:werkzeug:127.0.0.1 - - [25/May/2021 11:48:30] "POST /_dash-update-component HTTP/1.1" 200 -
INFO:root:25-05-2021-11-48-36
INFO:root:File list written to files_done.txt
INFO:werkzeug:127.0.0.1 - - [25/May/2021 11:48:36] "POST /_dash-update-component HTTP/1.1" 200 -
INFO:werkzeug:127.0.0.1 - - [25/May/2021 11:48:36] "GET /assets/CAM001_20190223151933_40-2-2.jpg HTTP/1.1" 200 -
INFO:root:25-05-2021-11-48-38
INFO:root:File list written to files_done.txt
INFO:werkzeug:127.0.0.1 - - [25/May/2021 11:48:38] "POST /_dash-update-component HTTP/1.1" 200 -
INFO:root:25-05-2021-11-48-40
INFO:root:File list written to files_done.txt
INFO:werkzeug:127.0.0.1 - - [25/May/2021 11:48:40] "POST /_dash-update-component HTTP/1.1" 200 -
INFO:root:25-05-2021-11-48-41
INFO:root:File list written to files_done.txt
INFO:werkzeug:127.0.0.1 - - [25/May/2021 11:48:41] "POST /_dash-update-component HTTP/1.1" 200 -
INFO:root:25-05-2021-11-48-43
INFO:root:File list written to files_done.txt
INFO:werkzeug:127.0.0.1 - - [25/May/2021 11:48:43] "POST /_dash-update-component HTTP/1.1" 200 -
INFO:root:25-05-2021-11-48-45
INFO:root:File list written to files_done.txt
INFO:werkzeug:127.0.0.1 - - [25/May/2021 11:48:45] "POST /_dash-update-component HTTP/1.1" 200 -
INFO:root:25-05-2021-11-48-46
INFO:root:File list written to files_done.txt
INFO:werkzeug:127.0.0.1 - - [25/May/2021 11:48:46] "POST /_dash-update-component HTTP/1.1" 200 -
INFO:root:25-05-2021-11-48-47
INFO:root:File list written to files_done.txt
INFO:werkzeug:127.0.0.1 - - [25/May/2021 11:48:47] "POST /_dash-update-component HTTP/1.1" 200 -
INFO:root:25-05-2021-11-48-49
INFO:root:File list written to files_done.txt
INFO:werkzeug:127.0.0.1 - - [25/May/2021 11:48:49] "POST /_dash-update-component HTTP/1.1" 200 -
INFO:root:25-05-2021-11-49-00
INFO:root:File list written to files_done.txt
INFO:werkzeug:127.0.0.1 - - [25/May/2021 11:49:00] "POST /_dash-update-component HTTP/1.1" 200 -
INFO:root:25-05-2021-11-49-05
INFO:root:File list written to files_done.txt
INFO:werkzeug:127.0.0.1 - - [25/May/2021 11:49:05] "POST /_dash-update-component HTTP/1.1" 200 -
INFO:root:25-05-2021-11-49-06
INFO:root:File list written to files_done.txt
INFO:root:25-05-2021-11-49-06
INFO:root:Saving RF model to RandomForestClassifier_water_land.pkl.z
INFO:root:25-05-2021-11-49-06
INFO:root:Saving data features to RandomForestClassifier_water_land.pkl.z
INFO:root:25-05-2021-11-49-08
INFO:root:Image standardized
INFO:root:25-05-2021-11-49-08
INFO:root:examples provided of 0
INFO:root:examples provided of 1
INFO:root:examples provided of 2
INFO:root:25-05-2021-11-49-08
INFO:root:Extracting features from channel 0
INFO:root:25-05-2021-11-49-09
INFO:root:Extracting features from channel 1
INFO:root:25-05-2021-11-49-10
INFO:root:Extracting features from channel 2
INFO:root:25-05-2021-11-49-11
INFO:root:Feature extraction complete
INFO:root:25-05-2021-11-49-11
INFO:root:Using 3 decision trees per image
INFO:root:25-05-2021-11-49-11
INFO:root:Updating existing RF classifier
INFO:root:Samples concatenated with those from file
INFO:root:Number of samples in training data: 23373
INFO:root:25-05-2021-11-49-11
INFO:root:Loading model from RandomForestClassifier_water_land.pkl.z
INFO:root:Number of trees: 6
INFO:root:25-05-2021-11-49-12
INFO:root:RF model fit to data
INFO:root:25-05-2021-11-49-12
INFO:root:Model saved to RandomForestClassifier_water_land.pkl.z
INFO:root:25-05-2021-11-49-12
INFO:root:Data saved to data_water_land.pkl.z
INFO:root:25-05-2021-11-49-13
INFO:root:Model used on data to estimate labels
INFO:root:25-05-2021-11-49-13
INFO:root:RF feature extraction and model fitting complete
INFO:root:25-05-2021-11-49-13
INFO:root:One-hot labels filtered
INFO:root:25-05-2021-11-49-13
INFO:root:One-hot labels spatially filtered
INFO:root:25-05-2021-11-49-14
INFO:root:Spatially filtered values inpainted
INFO:root:25-05-2021-11-49-14
INFO:root:RF model applied with sigma range 1.000000 : 16.000000
INFO:root:25-05-2021-11-49-17
INFO:root:CRF model applied with 10 test-time augmentations
INFO:root:25-05-2021-11-49-17
INFO:root:Weighted average applied to test-time augmented outputs
INFO:root:25-05-2021-11-49-17
INFO:root:CRF model applied with theta=1.000000 and mu=1.000000
INFO:root:25-05-2021-11-49-17
INFO:root:Spatially filtered values inpainted
INFO:root:25-05-2021-11-49-17
INFO:root:RGB label image saved to results/results2021-05-25-11-47/CAM001_20190223151933_40-2-2_label2021-05-25-11-49_db.png
INFO:root:25-05-2021-11-49-17
INFO:root:Numpy arrays saved to results/results2021-05-25-11-47/CAM001_20190223151933_40-2-2_db.npz
INFO:werkzeug:127.0.0.1 - - [25/May/2021 11:49:18] "POST /_dash-update-component HTTP/1.1" 200 -
INFO:root:25-05-2021-11-49-31
INFO:root:File list written to files_done.txt
INFO:werkzeug:127.0.0.1 - - [25/May/2021 11:49:31] "POST /_dash-update-component HTTP/1.1" 200 -
INFO:werkzeug:127.0.0.1 - - [25/May/2021 11:49:31] "GET /assets/CAM001_20191015152200_80lr-2-2.jpg HTTP/1.1" 200 -
INFO:root:25-05-2021-11-49-35
INFO:root:File list written to files_done.txt
INFO:werkzeug:127.0.0.1 - - [25/May/2021 11:49:35] "POST /_dash-update-component HTTP/1.1" 200 -
INFO:root:25-05-2021-11-49-35
INFO:root:File list written to files_done.txt
INFO:werkzeug:127.0.0.1 - - [25/May/2021 11:49:35] "POST /_dash-update-component HTTP/1.1" 200 -
INFO:root:25-05-2021-11-49-36
INFO:root:File list written to files_done.txt
INFO:root:25-05-2021-11-49-36
INFO:root:Saving RF model to RandomForestClassifier_water_land.pkl.z
INFO:root:25-05-2021-11-49-36
INFO:root:Saving data features to RandomForestClassifier_water_land.pkl.z
INFO:root:25-05-2021-11-49-37
INFO:root:Image standardized
INFO:root:25-05-2021-11-49-37
INFO:root:examples provided of 0
INFO:root:examples provided of 1
INFO:root:25-05-2021-11-49-37
INFO:root:Only one class annotation provided, skipping RF and CRF and coding all pixels 1
INFO:root:25-05-2021-11-49-37
INFO:root:RGB label image saved to results/results2021-05-25-11-47/CAM001_20191015152200_80lr-2-2_label2021-05-25-11-49_db.png
INFO:root:25-05-2021-11-49-37
INFO:root:Numpy arrays saved to results/results2021-05-25-11-47/CAM001_20191015152200_80lr-2-2_db.npz
INFO:werkzeug:127.0.0.1 - - [25/May/2021 11:49:38] "POST /_dash-update-component HTTP/1.1" 200 -
INFO:root:25-05-2021-11-49-39
INFO:root:File list written to files_done.txt
INFO:werkzeug:127.0.0.1 - - [25/May/2021 11:49:39] "POST /_dash-update-component HTTP/1.1" 200 -
INFO:werkzeug:127.0.0.1 - - [25/May/2021 11:49:39] "GET /assets/CAM001_20190223151901_35-0-1.jpg HTTP/1.1" 200 -
INFO:root:25-05-2021-11-49-41
INFO:root:File list written to files_done.txt
INFO:werkzeug:127.0.0.1 - - [25/May/2021 11:49:41] "POST /_dash-update-component HTTP/1.1" 200 -
INFO:root:25-05-2021-11-49-43
INFO:root:File list written to files_done.txt
INFO:werkzeug:127.0.0.1 - - [25/May/2021 11:49:43] "POST /_dash-update-component HTTP/1.1" 200 -
INFO:root:25-05-2021-11-49-44
INFO:root:File list written to files_done.txt
INFO:root:25-05-2021-11-49-44
INFO:root:Saving RF model to RandomForestClassifier_water_land.pkl.z
INFO:root:25-05-2021-11-49-44
INFO:root:Saving data features to RandomForestClassifier_water_land.pkl.z
INFO:root:25-05-2021-11-49-45
INFO:root:Image standardized
INFO:root:25-05-2021-11-49-45
INFO:root:examples provided of 0
INFO:root:examples provided of 2
INFO:root:25-05-2021-11-49-45
INFO:root:Only one class annotation provided, skipping RF and CRF and coding all pixels 2
INFO:root:25-05-2021-11-49-46
INFO:root:RGB label image saved to results/results2021-05-25-11-47/CAM001_20190223151901_35-0-1_label2021-05-25-11-49_db.png
INFO:root:25-05-2021-11-49-46
INFO:root:Numpy arrays saved to results/results2021-05-25-11-47/CAM001_20190223151901_35-0-1_db.npz
INFO:werkzeug:127.0.0.1 - - [25/May/2021 11:49:47] "POST /_dash-update-component HTTP/1.1" 200 -
INFO:root:25-05-2021-11-49-48
INFO:root:File list written to files_done.txt
INFO:werkzeug:127.0.0.1 - - [25/May/2021 11:49:48] "POST /_dash-update-component HTTP/1.1" 200 -
INFO:werkzeug:127.0.0.1 - - [25/May/2021 11:49:48] "GET /assets/CAM001_20190223151903_35-2-2.jpg HTTP/1.1" 200 -
INFO:root:25-05-2021-11-49-50
INFO:root:File list written to files_done.txt
INFO:werkzeug:127.0.0.1 - - [25/May/2021 11:49:50] "POST /_dash-update-component HTTP/1.1" 200 -
INFO:root:25-05-2021-11-49-51
INFO:root:File list written to files_done.txt
INFO:werkzeug:127.0.0.1 - - [25/May/2021 11:49:51] "POST /_dash-update-component HTTP/1.1" 200 -
INFO:root:25-05-2021-11-49-52
INFO:root:File list written to files_done.txt
INFO:werkzeug:127.0.0.1 - - [25/May/2021 11:49:52] "POST /_dash-update-component HTTP/1.1" 200 -
INFO:root:25-05-2021-11-49-54
INFO:root:File list written to files_done.txt
INFO:werkzeug:127.0.0.1 - - [25/May/2021 11:49:54] "POST /_dash-update-component HTTP/1.1" 200 -
INFO:root:25-05-2021-11-49-55
INFO:root:File list written to files_done.txt
INFO:werkzeug:127.0.0.1 - - [25/May/2021 11:49:55] "POST /_dash-update-component HTTP/1.1" 200 -
INFO:root:25-05-2021-11-49-56
INFO:root:File list written to files_done.txt
INFO:werkzeug:127.0.0.1 - - [25/May/2021 11:49:56] "POST /_dash-update-component HTTP/1.1" 200 -
INFO:root:25-05-2021-11-49-57
INFO:root:File list written to files_done.txt
INFO:werkzeug:127.0.0.1 - - [25/May/2021 11:49:57] "POST /_dash-update-component HTTP/1.1" 200 -
INFO:root:25-05-2021-11-49-58
INFO:root:File list written to files_done.txt
INFO:werkzeug:127.0.0.1 - - [25/May/2021 11:49:58] "POST /_dash-update-component HTTP/1.1" 200 -
INFO:root:25-05-2021-11-49-59
INFO:root:File list written to files_done.txt
INFO:werkzeug:127.0.0.1 - - [25/May/2021 11:49:59] "POST /_dash-update-component HTTP/1.1" 200 -
INFO:root:25-05-2021-11-50-00
INFO:root:File list written to files_done.txt
INFO:werkzeug:127.0.0.1 - - [25/May/2021 11:50:00] "POST /_dash-update-component HTTP/1.1" 200 -
INFO:root:25-05-2021-11-50-01
INFO:root:File list written to files_done.txt
INFO:werkzeug:127.0.0.1 - - [25/May/2021 11:50:01] "POST /_dash-update-component HTTP/1.1" 200 -
INFO:root:25-05-2021-11-50-01
INFO:root:File list written to files_done.txt
INFO:werkzeug:127.0.0.1 - - [25/May/2021 11:50:01] "POST /_dash-update-component HTTP/1.1" 200 -
INFO:root:25-05-2021-11-50-02
INFO:root:File list written to files_done.txt
INFO:werkzeug:127.0.0.1 - - [25/May/2021 11:50:02] "POST /_dash-update-component HTTP/1.1" 200 -
INFO:root:25-05-2021-11-50-03
INFO:root:File list written to files_done.txt
INFO:werkzeug:127.0.0.1 - - [25/May/2021 11:50:03] "POST /_dash-update-component HTTP/1.1" 200 -
INFO:root:25-05-2021-11-50-03
INFO:root:File list written to files_done.txt
INFO:werkzeug:127.0.0.1 - - [25/May/2021 11:50:03] "POST /_dash-update-component HTTP/1.1" 200 -
INFO:root:25-05-2021-11-50-05
INFO:root:File list written to files_done.txt
INFO:werkzeug:127.0.0.1 - - [25/May/2021 11:50:05] "POST /_dash-update-component HTTP/1.1" 200 -
INFO:root:25-05-2021-11-50-06
INFO:root:File list written to files_done.txt
INFO:root:25-05-2021-11-50-06
INFO:root:Saving RF model to RandomForestClassifier_water_land.pkl.z
INFO:root:25-05-2021-11-50-06
INFO:root:Saving data features to RandomForestClassifier_water_land.pkl.z
INFO:root:25-05-2021-11-50-09
INFO:root:Image standardized
INFO:root:25-05-2021-11-50-09
INFO:root:examples provided of 0
INFO:root:examples provided of 1
INFO:root:examples provided of 2
INFO:root:25-05-2021-11-50-09
INFO:root:Extracting features from channel 0
INFO:root:25-05-2021-11-50-10
INFO:root:Extracting features from channel 1
INFO:root:25-05-2021-11-50-11
INFO:root:Extracting features from channel 2
INFO:root:25-05-2021-11-50-12
INFO:root:Feature extraction complete
INFO:root:25-05-2021-11-50-12
INFO:root:Using 3 decision trees per image
INFO:root:25-05-2021-11-50-12
INFO:root:Updating existing RF classifier
INFO:root:Samples concatenated with those from file
INFO:root:Number of samples in training data: 24063
INFO:root:25-05-2021-11-50-12
INFO:root:Loading model from RandomForestClassifier_water_land.pkl.z
INFO:root:Number of trees: 9
INFO:root:25-05-2021-11-50-13
INFO:root:RF model fit to data
INFO:root:25-05-2021-11-50-13
INFO:root:Model saved to RandomForestClassifier_water_land.pkl.z
INFO:root:25-05-2021-11-50-13
INFO:root:Data saved to data_water_land.pkl.z
INFO:root:25-05-2021-11-50-14
INFO:root:Model used on data to estimate labels
INFO:root:25-05-2021-11-50-14
INFO:root:RF feature extraction and model fitting complete
INFO:root:25-05-2021-11-50-14
INFO:root:One-hot labels filtered
INFO:root:25-05-2021-11-50-14
INFO:root:One-hot labels spatially filtered
INFO:root:25-05-2021-11-50-15
INFO:root:Spatially filtered values inpainted
INFO:root:25-05-2021-11-50-15
INFO:root:RF model applied with sigma range 1.000000 : 16.000000
INFO:root:25-05-2021-11-50-18
INFO:root:CRF model applied with 10 test-time augmentations
INFO:root:25-05-2021-11-50-18
INFO:root:Weighted average applied to test-time augmented outputs
INFO:root:25-05-2021-11-50-18
INFO:root:CRF model applied with theta=1.000000 and mu=1.000000
INFO:root:25-05-2021-11-50-18
INFO:root:Spatially filtered values inpainted
INFO:root:25-05-2021-11-50-18
INFO:root:RGB label image saved to results/results2021-05-25-11-47/CAM001_20190223151903_35-2-2_label2021-05-25-11-50_db.png
INFO:root:25-05-2021-11-50-18
INFO:root:Numpy arrays saved to results/results2021-05-25-11-47/CAM001_20190223151903_35-2-2_db.npz
INFO:werkzeug:127.0.0.1 - - [25/May/2021 11:50:20] "POST /_dash-update-component HTTP/1.1" 200 -
INFO:root:25-05-2021-11-50-23
INFO:root:File list written to files_done.txt
INFO:werkzeug:127.0.0.1 - - [25/May/2021 11:50:23] "POST /_dash-update-component HTTP/1.1" 200 -
INFO:werkzeug:127.0.0.1 - - [25/May/2021 11:50:23] "GET /assets/CAM001_20190304163636_30lr-3-0.jpg HTTP/1.1" 200 -
INFO:root:25-05-2021-11-50-58
INFO:root:File list written to files_done.txt
INFO:werkzeug:127.0.0.1 - - [25/May/2021 11:50:58] "POST /_dash-update-component HTTP/1.1" 200 -
INFO:root:25-05-2021-11-51-00
INFO:root:File list written to files_done.txt
INFO:werkzeug:127.0.0.1 - - [25/May/2021 11:51:00] "POST /_dash-update-component HTTP/1.1" 200 -
INFO:root:25-05-2021-11-51-00
INFO:root:File list written to files_done.txt
INFO:werkzeug:127.0.0.1 - - [25/May/2021 11:51:00] "POST /_dash-update-component HTTP/1.1" 200 -
INFO:root:25-05-2021-11-51-02
INFO:root:File list written to files_done.txt
INFO:werkzeug:127.0.0.1 - - [25/May/2021 11:51:02] "POST /_dash-update-component HTTP/1.1" 200 -
INFO:root:25-05-2021-11-51-03
INFO:root:File list written to files_done.txt
INFO:root:25-05-2021-11-51-03
INFO:root:Saving RF model to RandomForestClassifier_water_land.pkl.z
INFO:root:25-05-2021-11-51-03
INFO:root:Saving data features to RandomForestClassifier_water_land.pkl.z
INFO:root:25-05-2021-11-51-04
INFO:root:Image standardized
INFO:root:25-05-2021-11-51-04
INFO:root:examples provided of 0
INFO:root:examples provided of 1
INFO:root:examples provided of 2
INFO:root:25-05-2021-11-51-04
INFO:root:Extracting features from channel 0
INFO:root:25-05-2021-11-51-04
INFO:root:Extracting features from channel 1
INFO:root:25-05-2021-11-51-04
INFO:root:Extracting features from channel 2
INFO:root:25-05-2021-11-51-05
INFO:root:Feature extraction complete
INFO:root:25-05-2021-11-51-05
INFO:root:Using 3 decision trees per image
INFO:root:25-05-2021-11-51-05
INFO:root:Updating existing RF classifier
INFO:root:Samples concatenated with those from file
INFO:root:Number of samples in training data: 26142
INFO:root:25-05-2021-11-51-05
INFO:root:Loading model from RandomForestClassifier_water_land.pkl.z
INFO:root:Number of trees: 12
INFO:root:25-05-2021-11-51-05
INFO:root:RF model fit to data
INFO:root:25-05-2021-11-51-05
INFO:root:Model saved to RandomForestClassifier_water_land.pkl.z
INFO:root:25-05-2021-11-51-06
INFO:root:Data saved to data_water_land.pkl.z
INFO:root:25-05-2021-11-51-06
INFO:root:Model used on data to estimate labels
INFO:root:25-05-2021-11-51-06
INFO:root:RF feature extraction and model fitting complete
INFO:root:25-05-2021-11-51-06
INFO:root:One-hot labels filtered
INFO:root:25-05-2021-11-51-06
INFO:root:One-hot labels spatially filtered
INFO:root:25-05-2021-11-51-06
INFO:root:Spatially filtered values inpainted
INFO:root:25-05-2021-11-51-06
INFO:root:RF model applied with sigma range 1.000000 : 16.000000
INFO:root:25-05-2021-11-51-07
INFO:root:CRF model applied with 10 test-time augmentations
INFO:root:25-05-2021-11-51-07
INFO:root:Weighted average applied to test-time augmented outputs
INFO:root:25-05-2021-11-51-07
INFO:root:CRF model applied with theta=1.000000 and mu=1.000000
INFO:root:25-05-2021-11-51-07
INFO:root:Spatially filtered values inpainted
INFO:root:25-05-2021-11-51-07
INFO:root:RGB label image saved to results/results2021-05-25-11-47/CAM001_20190304163636_30lr-3-0_label2021-05-25-11-51_db.png
INFO:root:25-05-2021-11-51-07
INFO:root:Numpy arrays saved to results/results2021-05-25-11-47/CAM001_20190304163636_30lr-3-0_db.npz
INFO:werkzeug:127.0.0.1 - - [25/May/2021 11:51:08] "POST /_dash-update-component HTTP/1.1" 200 -
INFO:root:25-05-2021-11-51-12
INFO:root:File list written to files_done.txt
INFO:werkzeug:127.0.0.1 - - [25/May/2021 11:51:12] "POST /_dash-update-component HTTP/1.1" 200 -
INFO:werkzeug:127.0.0.1 - - [25/May/2021 11:51:12] "GET /assets/CAM001_20200120133854_35lr-0-3.jpg HTTP/1.1" 200 -
INFO:root:25-05-2021-11-51-16
INFO:root:File list written to files_done.txt
INFO:werkzeug:127.0.0.1 - - [25/May/2021 11:51:16] "POST /_dash-update-component HTTP/1.1" 200 -
INFO:root:25-05-2021-11-51-16
INFO:root:File list written to files_done.txt
INFO:werkzeug:127.0.0.1 - - [25/May/2021 11:51:16] "POST /_dash-update-component HTTP/1.1" 200 -
INFO:root:25-05-2021-11-51-18
INFO:root:File list written to files_done.txt
INFO:root:25-05-2021-11-51-18
INFO:root:Saving RF model to RandomForestClassifier_water_land.pkl.z
INFO:root:25-05-2021-11-51-18
INFO:root:Saving data features to RandomForestClassifier_water_land.pkl.z
INFO:root:25-05-2021-11-51-18
INFO:root:Image standardized
INFO:root:25-05-2021-11-51-18
INFO:root:examples provided of 0
INFO:root:examples provided of 2
INFO:root:25-05-2021-11-51-18
INFO:root:Only one class annotation provided, skipping RF and CRF and coding all pixels 2
INFO:root:25-05-2021-11-51-18
INFO:root:RGB label image saved to results/results2021-05-25-11-47/CAM001_20200120133854_35lr-0-3_label2021-05-25-11-51_db.png
INFO:root:25-05-2021-11-51-18
INFO:root:Numpy arrays saved to results/results2021-05-25-11-47/CAM001_20200120133854_35lr-0-3_db.npz
INFO:werkzeug:127.0.0.1 - - [25/May/2021 11:51:19] "POST /_dash-update-component HTTP/1.1" 200 -
INFO:root:25-05-2021-11-51-20
INFO:root:File list written to files_done.txt
INFO:werkzeug:127.0.0.1 - - [25/May/2021 11:51:20] "POST /_dash-update-component HTTP/1.1" 200 -
INFO:werkzeug:127.0.0.1 - - [25/May/2021 11:51:20] "GET /assets/CAM432_20170125222647_30-0-0.jpg HTTP/1.1" 200 -
INFO:root:25-05-2021-11-51-22
INFO:root:File list written to files_done.txt
INFO:werkzeug:127.0.0.1 - - [25/May/2021 11:51:22] "POST /_dash-update-component HTTP/1.1" 200 -
INFO:root:25-05-2021-11-51-22
INFO:root:File list written to files_done.txt
INFO:werkzeug:127.0.0.1 - - [25/May/2021 11:51:22] "POST /_dash-update-component HTTP/1.1" 200 -
INFO:root:25-05-2021-11-51-23
INFO:root:File list written to files_done.txt
INFO:root:25-05-2021-11-51-23
INFO:root:Saving RF model to RandomForestClassifier_water_land.pkl.z
INFO:root:25-05-2021-11-51-23
INFO:root:Saving data features to RandomForestClassifier_water_land.pkl.z
INFO:root:25-05-2021-11-51-25
INFO:root:Image standardized
INFO:root:25-05-2021-11-51-25
INFO:root:examples provided of 0
INFO:root:examples provided of 2
INFO:root:25-05-2021-11-51-25
INFO:root:Only one class annotation provided, skipping RF and CRF and coding all pixels 2
INFO:root:25-05-2021-11-51-25
INFO:root:RGB label image saved to results/results2021-05-25-11-47/CAM432_20170125222647_30-0-0_label2021-05-25-11-51_db.png
INFO:root:25-05-2021-11-51-25
INFO:root:Numpy arrays saved to results/results2021-05-25-11-47/CAM432_20170125222647_30-0-0_db.npz
INFO:werkzeug:127.0.0.1 - - [25/May/2021 11:51:28] "POST /_dash-update-component HTTP/1.1" 200 -
INFO:root:25-05-2021-11-51-37
INFO:root:File list written to files_done.txt
INFO:werkzeug:127.0.0.1 - - [25/May/2021 11:51:37] "POST /_dash-update-component HTTP/1.1" 200 -
INFO:werkzeug:127.0.0.1 - - [25/May/2021 11:51:37] "GET /assets/CAM432_20170222225741_00lr-2-0.jpg HTTP/1.1" 200 -
INFO:root:25-05-2021-11-51-42
INFO:root:File list written to files_done.txt
INFO:werkzeug:127.0.0.1 - - [25/May/2021 11:51:42] "POST /_dash-update-component HTTP/1.1" 200 -
INFO:root:25-05-2021-11-51-43
INFO:root:File list written to files_done.txt
INFO:werkzeug:127.0.0.1 - - [25/May/2021 11:51:43] "POST /_dash-update-component HTTP/1.1" 200 -
INFO:root:25-05-2021-11-51-45
INFO:root:File list written to files_done.txt
INFO:werkzeug:127.0.0.1 - - [25/May/2021 11:51:45] "POST /_dash-update-component HTTP/1.1" 200 -
INFO:root:25-05-2021-11-51-47
INFO:root:File list written to files_done.txt
INFO:werkzeug:127.0.0.1 - - [25/May/2021 11:51:47] "POST /_dash-update-component HTTP/1.1" 200 -
INFO:root:25-05-2021-11-51-48
INFO:root:File list written to files_done.txt
INFO:root:25-05-2021-11-51-48
INFO:root:Saving RF model to RandomForestClassifier_water_land.pkl.z
INFO:root:25-05-2021-11-51-48
INFO:root:Saving data features to RandomForestClassifier_water_land.pkl.z
INFO:root:25-05-2021-11-51-48
INFO:root:Image standardized
INFO:root:25-05-2021-11-51-48
INFO:root:examples provided of 0
INFO:root:examples provided of 1
INFO:root:examples provided of 2
INFO:root:25-05-2021-11-51-48
INFO:root:Extracting features from channel 0
INFO:root:25-05-2021-11-51-49
INFO:root:Extracting features from channel 1
INFO:root:25-05-2021-11-51-49
INFO:root:Extracting features from channel 2
INFO:root:25-05-2021-11-51-49
INFO:root:Feature extraction complete
INFO:root:25-05-2021-11-51-49
INFO:root:Using 3 decision trees per image
INFO:root:25-05-2021-11-51-49
INFO:root:Updating existing RF classifier
INFO:root:Samples concatenated with those from file
INFO:root:Number of samples in training data: 27141
INFO:root:25-05-2021-11-51-49
INFO:root:Loading model from RandomForestClassifier_water_land.pkl.z
INFO:root:Number of trees: 15
INFO:root:25-05-2021-11-51-50
INFO:root:RF model fit to data
INFO:root:25-05-2021-11-51-50
INFO:root:Model saved to RandomForestClassifier_water_land.pkl.z
INFO:root:25-05-2021-11-51-50
INFO:root:Data saved to data_water_land.pkl.z
INFO:root:25-05-2021-11-51-51
INFO:root:Model used on data to estimate labels
INFO:root:25-05-2021-11-51-51
INFO:root:RF feature extraction and model fitting complete
INFO:root:25-05-2021-11-51-51
INFO:root:One-hot labels filtered
INFO:root:25-05-2021-11-51-51
INFO:root:One-hot labels spatially filtered
INFO:root:25-05-2021-11-51-51
INFO:root:Spatially filtered values inpainted
INFO:root:25-05-2021-11-51-51
INFO:root:RF model applied with sigma range 1.000000 : 16.000000
INFO:root:25-05-2021-11-51-52
INFO:root:CRF model applied with 10 test-time augmentations
INFO:root:25-05-2021-11-51-52
INFO:root:Weighted average applied to test-time augmented outputs
INFO:root:25-05-2021-11-51-52
INFO:root:CRF model applied with theta=1.000000 and mu=1.000000
INFO:root:25-05-2021-11-51-52
INFO:root:Spatially filtered values inpainted
INFO:root:25-05-2021-11-51-52
INFO:root:RGB label image saved to results/results2021-05-25-11-47/CAM432_20170222225741_00lr-2-0_label2021-05-25-11-51_db.png
INFO:root:25-05-2021-11-51-52
INFO:root:Numpy arrays saved to results/results2021-05-25-11-47/CAM432_20170222225741_00lr-2-0_db.npz
INFO:werkzeug:127.0.0.1 - - [25/May/2021 11:51:54] "POST /_dash-update-component HTTP/1.1" 200 -
INFO:root:25-05-2021-11-51-58
INFO:root:File list written to files_done.txt
INFO:werkzeug:127.0.0.1 - - [25/May/2021 11:51:58] "POST /_dash-update-component HTTP/1.1" 200 -
INFO:werkzeug:127.0.0.1 - - [25/May/2021 11:51:58] "GET /assets/CAM001_20180910140059_75-0-1.jpg HTTP/1.1" 200 -
INFO:root:25-05-2021-11-52-26
INFO:root:File list written to files_done.txt
INFO:werkzeug:127.0.0.1 - - [25/May/2021 11:52:26] "POST /_dash-update-component HTTP/1.1" 200 -
INFO:root:25-05-2021-11-52-27
INFO:root:File list written to files_done.txt
INFO:werkzeug:127.0.0.1 - - [25/May/2021 11:52:27] "POST /_dash-update-component HTTP/1.1" 200 -
INFO:root:25-05-2021-11-52-28
INFO:root:File list written to files_done.txt
INFO:root:25-05-2021-11-52-28
INFO:root:Saving RF model to RandomForestClassifier_water_land.pkl.z
INFO:root:25-05-2021-11-52-28
INFO:root:Saving data features to RandomForestClassifier_water_land.pkl.z
INFO:root:25-05-2021-11-52-29
INFO:root:Image standardized
INFO:root:25-05-2021-11-52-29
INFO:root:examples provided of 0
INFO:root:examples provided of 2
INFO:root:25-05-2021-11-52-29
INFO:root:Only one class annotation provided, skipping RF and CRF and coding all pixels 2
INFO:root:25-05-2021-11-52-30
INFO:root:RGB label image saved to results/results2021-05-25-11-47/CAM001_20180910140059_75-0-1_label2021-05-25-11-52_db.png
INFO:root:25-05-2021-11-52-30
INFO:root:Numpy arrays saved to results/results2021-05-25-11-47/CAM001_20180910140059_75-0-1_db.npz
INFO:werkzeug:127.0.0.1 - - [25/May/2021 11:52:31] "POST /_dash-update-component HTTP/1.1" 200 -
INFO:root:25-05-2021-11-52-31
INFO:root:File list written to files_done.txt
INFO:werkzeug:127.0.0.1 - - [25/May/2021 11:52:31] "POST /_dash-update-component HTTP/1.1" 200 -
INFO:werkzeug:127.0.0.1 - - [25/May/2021 11:52:31] "GET /assets/CAM001_20190223151516_40-0-2.jpg HTTP/1.1" 200 -
INFO:root:25-05-2021-11-52-34
INFO:root:File list written to files_done.txt
INFO:werkzeug:127.0.0.1 - - [25/May/2021 11:52:34] "POST /_dash-update-component HTTP/1.1" 200 -
INFO:root:25-05-2021-11-52-35
INFO:root:File list written to files_done.txt
INFO:werkzeug:127.0.0.1 - - [25/May/2021 11:52:35] "POST /_dash-update-component HTTP/1.1" 200 -
INFO:root:25-05-2021-11-52-36
INFO:root:File list written to files_done.txt
INFO:root:25-05-2021-11-52-36
INFO:root:Saving RF model to RandomForestClassifier_water_land.pkl.z
INFO:root:25-05-2021-11-52-36
INFO:root:Saving data features to RandomForestClassifier_water_land.pkl.z
INFO:root:25-05-2021-11-52-37
INFO:root:Image standardized
INFO:root:25-05-2021-11-52-37
INFO:root:examples provided of 0
INFO:root:examples provided of 2
INFO:root:25-05-2021-11-52-37
INFO:root:Only one class annotation provided, skipping RF and CRF and coding all pixels 2
INFO:root:25-05-2021-11-52-37
INFO:root:RGB label image saved to results/results2021-05-25-11-47/CAM001_20190223151516_40-0-2_label2021-05-25-11-52_db.png
INFO:root:25-05-2021-11-52-37
INFO:root:Numpy arrays saved to results/results2021-05-25-11-47/CAM001_20190223151516_40-0-2_db.npz
INFO:werkzeug:127.0.0.1 - - [25/May/2021 11:52:38] "POST /_dash-update-component HTTP/1.1" 200 -
INFO:root:25-05-2021-11-52-39
INFO:root:File list written to files_done.txt
INFO:werkzeug:127.0.0.1 - - [25/May/2021 11:52:39] "POST /_dash-update-component HTTP/1.1" 200 -
INFO:werkzeug:127.0.0.1 - - [25/May/2021 11:52:39] "GET /assets/CAM432_20170405205342_60lr-3-3.jpg HTTP/1.1" 200 -
INFO:root:25-05-2021-11-53-13
INFO:root:File list written to files_done.txt
INFO:werkzeug:127.0.0.1 - - [25/May/2021 11:53:13] "POST /_dash-update-component HTTP/1.1" 200 -
INFO:root:25-05-2021-11-53-17
INFO:root:File list written to files_done.txt
INFO:werkzeug:127.0.0.1 - - [25/May/2021 11:53:17] "POST /_dash-update-component HTTP/1.1" 200 -
INFO:root:25-05-2021-11-53-17
INFO:root:File list written to files_done.txt
INFO:werkzeug:127.0.0.1 - - [25/May/2021 11:53:18] "POST /_dash-update-component HTTP/1.1" 200 -
INFO:root:25-05-2021-11-53-18
INFO:root:File list written to files_done.txt
INFO:werkzeug:127.0.0.1 - - [25/May/2021 11:53:18] "POST /_dash-update-component HTTP/1.1" 200 -
INFO:root:25-05-2021-11-53-21
INFO:root:File list written to files_done.txt
INFO:werkzeug:127.0.0.1 - - [25/May/2021 11:53:22] "POST /_dash-update-component HTTP/1.1" 200 -
INFO:root:25-05-2021-11-53-25
INFO:root:File list written to files_done.txt
INFO:werkzeug:127.0.0.1 - - [25/May/2021 11:53:25] "POST /_dash-update-component HTTP/1.1" 200 -
INFO:root:25-05-2021-11-53-26
INFO:root:File list written to files_done.txt
INFO:werkzeug:127.0.0.1 - - [25/May/2021 11:53:26] "POST /_dash-update-component HTTP/1.1" 200 -
INFO:root:25-05-2021-11-53-27
INFO:root:File list written to files_done.txt
INFO:werkzeug:127.0.0.1 - - [25/May/2021 11:53:27] "POST /_dash-update-component HTTP/1.1" 200 -
INFO:root:25-05-2021-11-53-28
INFO:root:File list written to files_done.txt
INFO:werkzeug:127.0.0.1 - - [25/May/2021 11:53:28] "POST /_dash-update-component HTTP/1.1" 200 -
INFO:root:25-05-2021-11-53-30
INFO:root:File list written to files_done.txt
INFO:werkzeug:127.0.0.1 - - [25/May/2021 11:53:30] "POST /_dash-update-component HTTP/1.1" 200 -
INFO:root:25-05-2021-11-53-30
INFO:root:File list written to files_done.txt
INFO:werkzeug:127.0.0.1 - - [25/May/2021 11:53:30] "POST /_dash-update-component HTTP/1.1" 200 -
INFO:root:25-05-2021-11-53-31
INFO:root:File list written to files_done.txt
INFO:werkzeug:127.0.0.1 - - [25/May/2021 11:53:31] "POST /_dash-update-component HTTP/1.1" 200 -
INFO:root:25-05-2021-11-53-32
INFO:root:File list written to files_done.txt
INFO:werkzeug:127.0.0.1 - - [25/May/2021 11:53:32] "POST /_dash-update-component HTTP/1.1" 200 -
INFO:root:25-05-2021-11-53-34
INFO:root:File list written to files_done.txt
INFO:werkzeug:127.0.0.1 - - [25/May/2021 11:53:34] "POST /_dash-update-component HTTP/1.1" 200 -
INFO:root:25-05-2021-11-53-35
INFO:root:File list written to files_done.txt
INFO:werkzeug:127.0.0.1 - - [25/May/2021 11:53:35] "POST /_dash-update-component HTTP/1.1" 200 -
INFO:root:25-05-2021-11-53-36
INFO:root:File list written to files_done.txt
INFO:werkzeug:127.0.0.1 - - [25/May/2021 11:53:36] "POST /_dash-update-component HTTP/1.1" 200 -
INFO:root:25-05-2021-11-53-37
INFO:root:File list written to files_done.txt
INFO:werkzeug:127.0.0.1 - - [25/May/2021 11:53:37] "POST /_dash-update-component HTTP/1.1" 200 -
INFO:root:25-05-2021-11-53-37
INFO:root:File list written to files_done.txt
INFO:werkzeug:127.0.0.1 - - [25/May/2021 11:53:37] "POST /_dash-update-component HTTP/1.1" 200 -
INFO:root:25-05-2021-11-53-38
INFO:root:File list written to files_done.txt
INFO:werkzeug:127.0.0.1 - - [25/May/2021 11:53:38] "POST /_dash-update-component HTTP/1.1" 200 -
INFO:root:25-05-2021-11-53-39
INFO:root:File list written to files_done.txt
INFO:werkzeug:127.0.0.1 - - [25/May/2021 11:53:39] "POST /_dash-update-component HTTP/1.1" 200 -
INFO:root:25-05-2021-11-53-40
INFO:root:File list written to files_done.txt
INFO:werkzeug:127.0.0.1 - - [25/May/2021 11:53:40] "POST /_dash-update-component HTTP/1.1" 200 -
INFO:root:25-05-2021-11-53-42
INFO:root:File list written to files_done.txt
INFO:werkzeug:127.0.0.1 - - [25/May/2021 11:53:42] "POST /_dash-update-component HTTP/1.1" 200 -
INFO:root:25-05-2021-11-53-43
INFO:root:File list written to files_done.txt
INFO:werkzeug:127.0.0.1 - - [25/May/2021 11:53:43] "POST /_dash-update-component HTTP/1.1" 200 -
INFO:root:25-05-2021-11-53-44
INFO:root:File list written to files_done.txt
INFO:werkzeug:127.0.0.1 - - [25/May/2021 11:53:44] "POST /_dash-update-component HTTP/1.1" 200 -
INFO:root:25-05-2021-11-53-45
INFO:root:File list written to files_done.txt
INFO:werkzeug:127.0.0.1 - - [25/May/2021 11:53:45] "POST /_dash-update-component HTTP/1.1" 200 -
INFO:root:25-05-2021-11-53-47
INFO:root:File list written to files_done.txt
INFO:werkzeug:127.0.0.1 - - [25/May/2021 11:53:47] "POST /_dash-update-component HTTP/1.1" 200 -
INFO:root:25-05-2021-11-53-48
INFO:root:File list written to files_done.txt
INFO:werkzeug:127.0.0.1 - - [25/May/2021 11:53:48] "POST /_dash-update-component HTTP/1.1" 200 -
INFO:root:25-05-2021-11-53-49
INFO:root:File list written to files_done.txt
INFO:werkzeug:127.0.0.1 - - [25/May/2021 11:53:49] "POST /_dash-update-component HTTP/1.1" 200 -
INFO:root:25-05-2021-11-53-50
INFO:root:File list written to files_done.txt
INFO:werkzeug:127.0.0.1 - - [25/May/2021 11:53:50] "POST /_dash-update-component HTTP/1.1" 200 -
INFO:root:25-05-2021-11-53-51
INFO:root:File list written to files_done.txt
INFO:werkzeug:127.0.0.1 - - [25/May/2021 11:53:51] "POST /_dash-update-component HTTP/1.1" 200 -
INFO:root:25-05-2021-11-53-52
INFO:root:File list written to files_done.txt
INFO:werkzeug:127.0.0.1 - - [25/May/2021 11:53:52] "POST /_dash-update-component HTTP/1.1" 200 -
INFO:root:25-05-2021-11-53-53
INFO:root:File list written to files_done.txt
INFO:werkzeug:127.0.0.1 - - [25/May/2021 11:53:53] "POST /_dash-update-component HTTP/1.1" 200 -
INFO:root:25-05-2021-11-53-53
INFO:root:File list written to files_done.txt
INFO:werkzeug:127.0.0.1 - - [25/May/2021 11:53:53] "POST /_dash-update-component HTTP/1.1" 200 -
INFO:root:25-05-2021-11-53-56
INFO:root:File list written to files_done.txt
INFO:werkzeug:127.0.0.1 - - [25/May/2021 11:53:56] "POST /_dash-update-component HTTP/1.1" 200 -
INFO:root:25-05-2021-11-53-56
INFO:root:File list written to files_done.txt
INFO:werkzeug:127.0.0.1 - - [25/May/2021 11:53:56] "POST /_dash-update-component HTTP/1.1" 200 -
INFO:root:25-05-2021-11-53-57
INFO:root:File list written to files_done.txt
INFO:werkzeug:127.0.0.1 - - [25/May/2021 11:53:57] "POST /_dash-update-component HTTP/1.1" 200 -
INFO:root:25-05-2021-11-53-57
INFO:root:File list written to files_done.txt
INFO:werkzeug:127.0.0.1 - - [25/May/2021 11:53:57] "POST /_dash-update-component HTTP/1.1" 200 -
INFO:root:25-05-2021-11-53-58
INFO:root:File list written to files_done.txt
INFO:werkzeug:127.0.0.1 - - [25/May/2021 11:53:58] "POST /_dash-update-component HTTP/1.1" 200 -
INFO:root:25-05-2021-11-53-59
INFO:root:File list written to files_done.txt
INFO:werkzeug:127.0.0.1 - - [25/May/2021 11:53:59] "POST /_dash-update-component HTTP/1.1" 200 -
INFO:root:25-05-2021-11-54-00
INFO:root:File list written to files_done.txt
INFO:werkzeug:127.0.0.1 - - [25/May/2021 11:54:00] "POST /_dash-update-component HTTP/1.1" 200 -
INFO:root:25-05-2021-11-54-03
INFO:root:File list written to files_done.txt
INFO:werkzeug:127.0.0.1 - - [25/May/2021 11:54:03] "POST /_dash-update-component HTTP/1.1" 200 -
INFO:root:25-05-2021-11-54-04
INFO:root:File list written to files_done.txt
INFO:werkzeug:127.0.0.1 - - [25/May/2021 11:54:04] "POST /_dash-update-component HTTP/1.1" 200 -
INFO:root:25-05-2021-11-54-05
INFO:root:File list written to files_done.txt
INFO:werkzeug:127.0.0.1 - - [25/May/2021 11:54:05] "POST /_dash-update-component HTTP/1.1" 200 -
INFO:root:25-05-2021-11-54-07
INFO:root:File list written to files_done.txt
INFO:root:25-05-2021-11-54-07
INFO:root:Saving RF model to RandomForestClassifier_water_land.pkl.z
INFO:root:25-05-2021-11-54-07
INFO:root:Saving data features to RandomForestClassifier_water_land.pkl.z
INFO:root:25-05-2021-11-54-09
INFO:root:Image standardized
INFO:root:25-05-2021-11-54-09
INFO:root:examples provided of 0
INFO:root:examples provided of 1
INFO:root:examples provided of 2
INFO:root:25-05-2021-11-54-09
INFO:root:Extracting features from channel 0
INFO:root:25-05-2021-11-54-09
INFO:root:Extracting features from channel 1
INFO:root:25-05-2021-11-54-09
INFO:root:Extracting features from channel 2
INFO:root:25-05-2021-11-54-10
INFO:root:Feature extraction complete
INFO:root:25-05-2021-11-54-10
INFO:root:Using 3 decision trees per image
INFO:root:25-05-2021-11-54-10
INFO:root:Updating existing RF classifier
INFO:root:Samples concatenated with those from file
INFO:root:Number of samples in training data: 31036
INFO:root:25-05-2021-11-54-10
INFO:root:Loading model from RandomForestClassifier_water_land.pkl.z
INFO:root:Number of trees: 18
INFO:root:25-05-2021-11-54-11
INFO:root:RF model fit to data
INFO:root:25-05-2021-11-54-11
INFO:root:Model saved to RandomForestClassifier_water_land.pkl.z
INFO:root:25-05-2021-11-54-11
INFO:root:Data saved to data_water_land.pkl.z
INFO:root:25-05-2021-11-54-11
INFO:root:Model used on data to estimate labels
INFO:root:25-05-2021-11-54-11
INFO:root:RF feature extraction and model fitting complete
INFO:root:25-05-2021-11-54-12
INFO:root:One-hot labels filtered
INFO:root:25-05-2021-11-54-12
INFO:root:One-hot labels spatially filtered
INFO:root:25-05-2021-11-54-12
INFO:root:Spatially filtered values inpainted
INFO:root:25-05-2021-11-54-12
INFO:root:RF model applied with sigma range 1.000000 : 16.000000
INFO:root:25-05-2021-11-54-13
INFO:root:CRF model applied with 10 test-time augmentations
INFO:root:25-05-2021-11-54-13
INFO:root:Weighted average applied to test-time augmented outputs
INFO:root:25-05-2021-11-54-13
INFO:root:CRF model applied with theta=1.000000 and mu=1.000000
INFO:root:25-05-2021-11-54-13
INFO:root:Spatially filtered values inpainted
INFO:root:25-05-2021-11-54-13
INFO:root:RGB label image saved to results/results2021-05-25-11-47/CAM432_20170405205342_60lr-3-3_label2021-05-25-11-54_db.png
INFO:root:25-05-2021-11-54-13
INFO:root:Numpy arrays saved to results/results2021-05-25-11-47/CAM432_20170405205342_60lr-3-3_db.npz
INFO:werkzeug:127.0.0.1 - - [25/May/2021 11:54:14] "POST /_dash-update-component HTTP/1.1" 200 -
INFO:root:25-05-2021-11-54-17
INFO:root:File list written to files_done.txt
INFO:werkzeug:127.0.0.1 - - [25/May/2021 11:54:18] "POST /_dash-update-component HTTP/1.1" 200 -
INFO:werkzeug:127.0.0.1 - - [25/May/2021 11:54:18] "GET /assets/CAM432_20170405211059_60lr-2-0.jpg HTTP/1.1" 200 -
INFO:root:25-05-2021-11-54-22
INFO:root:File list written to files_done.txt
INFO:werkzeug:127.0.0.1 - - [25/May/2021 11:54:22] "POST /_dash-update-component HTTP/1.1" 200 -
INFO:root:25-05-2021-11-54-24
INFO:root:File list written to files_done.txt
INFO:werkzeug:127.0.0.1 - - [25/May/2021 11:54:24] "POST /_dash-update-component HTTP/1.1" 200 -
INFO:root:25-05-2021-11-54-25
INFO:root:File list written to files_done.txt
INFO:werkzeug:127.0.0.1 - - [25/May/2021 11:54:25] "POST /_dash-update-component HTTP/1.1" 200 -
INFO:root:25-05-2021-11-54-28
INFO:root:File list written to files_done.txt
INFO:werkzeug:127.0.0.1 - - [25/May/2021 11:54:28] "POST /_dash-update-component HTTP/1.1" 200 -
INFO:root:25-05-2021-11-54-29
INFO:root:File list written to files_done.txt
INFO:werkzeug:127.0.0.1 - - [25/May/2021 11:54:29] "POST /_dash-update-component HTTP/1.1" 200 -
INFO:root:25-05-2021-11-54-30
INFO:root:File list written to files_done.txt
INFO:werkzeug:127.0.0.1 - - [25/May/2021 11:54:30] "POST /_dash-update-component HTTP/1.1" 200 -
INFO:root:25-05-2021-11-54-31
INFO:root:File list written to files_done.txt
INFO:werkzeug:127.0.0.1 - - [25/May/2021 11:54:31] "POST /_dash-update-component HTTP/1.1" 200 -
INFO:root:25-05-2021-11-54-32
INFO:root:File list written to files_done.txt
INFO:werkzeug:127.0.0.1 - - [25/May/2021 11:54:32] "POST /_dash-update-component HTTP/1.1" 200 -
INFO:root:25-05-2021-11-54-33
INFO:root:File list written to files_done.txt
INFO:werkzeug:127.0.0.1 - - [25/May/2021 11:54:34] "POST /_dash-update-component HTTP/1.1" 200 -
INFO:root:25-05-2021-11-54-35
INFO:root:File list written to files_done.txt
INFO:root:25-05-2021-11-54-35
INFO:root:Saving RF model to RandomForestClassifier_water_land.pkl.z
INFO:root:25-05-2021-11-54-35
INFO:root:Saving data features to RandomForestClassifier_water_land.pkl.z
INFO:root:25-05-2021-11-54-35
INFO:root:Image standardized
INFO:root:25-05-2021-11-54-35
INFO:root:examples provided of 0
INFO:root:examples provided of 1
INFO:root:examples provided of 2
INFO:root:25-05-2021-11-54-35
INFO:root:Extracting features from channel 0
INFO:root:25-05-2021-11-54-36
INFO:root:Extracting features from channel 1
INFO:root:25-05-2021-11-54-36
INFO:root:Extracting features from channel 2
INFO:root:25-05-2021-11-54-36
INFO:root:Feature extraction complete
INFO:root:25-05-2021-11-54-36
INFO:root:Using 3 decision trees per image
INFO:root:25-05-2021-11-54-36
INFO:root:Updating existing RF classifier
INFO:root:Samples concatenated with those from file
INFO:root:Number of samples in training data: 33528
INFO:root:25-05-2021-11-54-36
INFO:root:Loading model from RandomForestClassifier_water_land.pkl.z
INFO:root:Number of trees: 21
INFO:root:25-05-2021-11-54-37
INFO:root:File list written to files_done.txt
INFO:werkzeug:127.0.0.1 - - [25/May/2021 11:54:37] "POST /_dash-update-component HTTP/1.1" 200 -
INFO:root:25-05-2021-11-54-37
INFO:root:RF model fit to data
INFO:root:25-05-2021-11-54-37
INFO:root:Model saved to RandomForestClassifier_water_land.pkl.z
INFO:root:25-05-2021-11-54-38
INFO:root:Data saved to data_water_land.pkl.z
INFO:root:25-05-2021-11-54-38
INFO:root:File list written to files_done.txt
INFO:root:25-05-2021-11-54-38
INFO:root:Saving RF model to RandomForestClassifier_water_land.pkl.z
INFO:root:25-05-2021-11-54-38
INFO:root:Saving data features to RandomForestClassifier_water_land.pkl.z
INFO:root:25-05-2021-11-54-38
INFO:root:Model used on data to estimate labels
INFO:root:25-05-2021-11-54-38
INFO:root:RF feature extraction and model fitting complete
INFO:root:25-05-2021-11-54-38
INFO:root:One-hot labels filtered
INFO:root:25-05-2021-11-54-38
INFO:root:One-hot labels spatially filtered
INFO:root:25-05-2021-11-54-39
INFO:root:Spatially filtered values inpainted
INFO:root:25-05-2021-11-54-39
INFO:root:RF model applied with sigma range 1.000000 : 16.000000
INFO:root:25-05-2021-11-54-39
INFO:root:Image standardized
INFO:root:25-05-2021-11-54-39
INFO:root:examples provided of 0
INFO:root:examples provided of 1
INFO:root:examples provided of 2
INFO:root:25-05-2021-11-54-39
INFO:root:Extracting features from channel 0
INFO:root:25-05-2021-11-54-39
INFO:root:Extracting features from channel 1
INFO:root:25-05-2021-11-54-40
INFO:root:CRF model applied with 10 test-time augmentations
INFO:root:25-05-2021-11-54-40
INFO:root:Weighted average applied to test-time augmented outputs
INFO:root:25-05-2021-11-54-40
INFO:root:CRF model applied with theta=1.000000 and mu=1.000000
INFO:root:25-05-2021-11-54-40
INFO:root:Spatially filtered values inpainted
INFO:root:25-05-2021-11-54-40
INFO:root:RGB label image saved to results/results2021-05-25-11-47/CAM432_20170405211059_60lr-2-0_label2021-05-25-11-54_db.png
INFO:root:25-05-2021-11-54-40
INFO:root:Numpy arrays saved to results/results2021-05-25-11-47/CAM432_20170405211059_60lr-2-0_db.npz
INFO:root:25-05-2021-11-54-40
INFO:root:Extracting features from channel 2
INFO:root:25-05-2021-11-54-40
INFO:root:Feature extraction complete
INFO:root:25-05-2021-11-54-40
INFO:root:Using 3 decision trees per image
INFO:root:25-05-2021-11-54-40
INFO:root:Updating existing RF classifier
INFO:root:Samples concatenated with those from file
INFO:root:Number of samples in training data: 36020
INFO:root:25-05-2021-11-54-40
INFO:root:Loading model from RandomForestClassifier_water_land.pkl.z
INFO:root:Number of trees: 24
INFO:werkzeug:127.0.0.1 - - [25/May/2021 11:54:41] "POST /_dash-update-component HTTP/1.1" 200 -
INFO:root:25-05-2021-11-54-42
INFO:root:RF model fit to data
INFO:root:25-05-2021-11-54-42
INFO:root:Model saved to RandomForestClassifier_water_land.pkl.z
INFO:root:25-05-2021-11-54-42
INFO:root:Data saved to data_water_land.pkl.z
INFO:root:25-05-2021-11-54-42
INFO:root:Model used on data to estimate labels
INFO:root:25-05-2021-11-54-42
INFO:root:RF feature extraction and model fitting complete
INFO:root:25-05-2021-11-54-43
INFO:root:One-hot labels filtered
INFO:root:25-05-2021-11-54-43
INFO:root:One-hot labels spatially filtered
INFO:root:25-05-2021-11-54-43
INFO:root:Spatially filtered values inpainted
INFO:root:25-05-2021-11-54-43
INFO:root:RF model applied with sigma range 1.000000 : 16.000000
INFO:root:25-05-2021-11-54-44
INFO:root:CRF model applied with 10 test-time augmentations
INFO:root:25-05-2021-11-54-44
INFO:root:Weighted average applied to test-time augmented outputs
INFO:root:25-05-2021-11-54-44
INFO:root:CRF model applied with theta=1.000000 and mu=1.000000
INFO:root:25-05-2021-11-54-44
INFO:root:Spatially filtered values inpainted
INFO:root:25-05-2021-11-54-44
INFO:root:RGB label image saved to results/results2021-05-25-11-47/CAM432_20170405211059_60lr-2-0_label2021-05-25-11-54_db.png
INFO:root:25-05-2021-11-54-44
INFO:root:Numpy arrays saved to results/results2021-05-25-11-47/CAM432_20170405211059_60lr-2-0_db.npz
INFO:werkzeug:127.0.0.1 - - [25/May/2021 11:54:44] "POST /_dash-update-component HTTP/1.1" 200 -
INFO:root:25-05-2021-11-54-48
INFO:root:File list written to files_done.txt
INFO:werkzeug:127.0.0.1 - - [25/May/2021 11:54:48] "POST /_dash-update-component HTTP/1.1" 200 -
INFO:werkzeug:127.0.0.1 - - [25/May/2021 11:54:48] "GET /assets/CAM432_20170125221810_30-1-1.jpg HTTP/1.1" 200 -
INFO:root:25-05-2021-11-54-49
INFO:root:File list written to files_done.txt
INFO:werkzeug:127.0.0.1 - - [25/May/2021 11:54:49] "POST /_dash-update-component HTTP/1.1" 200 -
INFO:root:25-05-2021-11-54-50
INFO:root:File list written to files_done.txt
INFO:werkzeug:127.0.0.1 - - [25/May/2021 11:54:50] "POST /_dash-update-component HTTP/1.1" 200 -
INFO:root:25-05-2021-11-54-51
INFO:root:File list written to files_done.txt
INFO:root:25-05-2021-11-54-51
INFO:root:Saving RF model to RandomForestClassifier_water_land.pkl.z
INFO:root:25-05-2021-11-54-51
INFO:root:Saving data features to RandomForestClassifier_water_land.pkl.z
INFO:root:25-05-2021-11-54-52
INFO:root:Image standardized
INFO:root:25-05-2021-11-54-52
INFO:root:examples provided of 0
INFO:root:examples provided of 2
INFO:root:25-05-2021-11-54-53
INFO:root:Only one class annotation provided, skipping RF and CRF and coding all pixels 2
INFO:root:25-05-2021-11-54-53
INFO:root:RGB label image saved to results/results2021-05-25-11-47/CAM432_20170125221810_30-1-1_label2021-05-25-11-54_db.png
INFO:root:25-05-2021-11-54-53
INFO:root:Numpy arrays saved to results/results2021-05-25-11-47/CAM432_20170125221810_30-1-1_db.npz
INFO:werkzeug:127.0.0.1 - - [25/May/2021 11:54:54] "POST /_dash-update-component HTTP/1.1" 200 -
INFO:root:25-05-2021-11-54-54
INFO:root:File list written to files_done.txt
INFO:werkzeug:127.0.0.1 - - [25/May/2021 11:54:54] "POST /_dash-update-component HTTP/1.1" 200 -
INFO:werkzeug:127.0.0.1 - - [25/May/2021 11:54:54] "GET /assets/CAM432_20170125222717_30-0-3.jpg HTTP/1.1" 200 -
