INFO:root:24-05-2021-08-43-14
INFO:root:loaded class labels:
INFO:root:water
INFO:root:land
INFO:root:24-05-2021-08-43-14
INFO:root:Folder created: results/results2021-05-24-08-43
INFO:root:24-05-2021-08-43-14
INFO:root:Results will be written to results/results2021-05-24-08-43
INFO:root:24-05-2021-08-43-14
INFO:root:loaded files:
INFO:root:assets/D800_20160308_222129lr02-0.jpg
INFO:root:assets/D800_20160308_222129lr02-2.jpg
INFO:root:assets/D800_20160308_222129lr02-3.jpg
INFO:root:assets/D800_20160308_222135lr03-0.jpg
INFO:root:assets/D800_20160308_222135lr03-1.jpg
INFO:root:assets/D800_20160308_222135lr03-2.jpg
INFO:root:assets/D800_20160308_222135lr03-3.jpg
INFO:root:assets/D800_20160308_222129lr03-2.JPG
INFO:root:assets/D800_20160308_222129lr03-3.JPG
INFO:root:assets/D800_20160308_222135lr00-2.JPG
INFO:root:assets/D800_20160308_222135lr02-0.jpeg
INFO:root:assets/D800_20160308_222135lr02-2.jpeg
INFO:root:assets/D800_20160308_222135lr02-3.jpeg
INFO:root:assets/D800_20160308_222136lr02-2.jpeg
INFO:root:assets/D800_20160308_222136lr02-3.jpeg
INFO:werkzeug: * Running on http://127.0.0.1:8050/ (Press CTRL+C to quit)
INFO:werkzeug:127.0.0.1 - - [24/May/2021 08:43:16] "GET / HTTP/1.1" 200 -
INFO:werkzeug:127.0.0.1 - - [24/May/2021 08:43:16] "GET /_dash-layout HTTP/1.1" 200 -
INFO:werkzeug:127.0.0.1 - - [24/May/2021 08:43:16] "GET /_favicon.ico?v=1.12.0 HTTP/1.1" 200 -
INFO:werkzeug:127.0.0.1 - - [24/May/2021 08:43:16] "GET /_dash-dependencies HTTP/1.1" 200 -
INFO:root:24-05-2021-08-43-16
INFO:root:File list written to files_done.txt
INFO:werkzeug:127.0.0.1 - - [24/May/2021 08:43:16] "POST /_dash-update-component HTTP/1.1" 200 -
INFO:root:24-05-2021-08-43-17
INFO:root:File list written to files_done.txt
INFO:werkzeug:127.0.0.1 - - [24/May/2021 08:43:17] "[35m[1mPOST /_dash-update-component HTTP/1.1[0m" 204 -
INFO:root:24-05-2021-08-43-23
INFO:root:File list written to files_done.txt
INFO:werkzeug:127.0.0.1 - - [24/May/2021 08:43:23] "POST /_dash-update-component HTTP/1.1" 200 -
INFO:root:24-05-2021-08-43-27
INFO:root:File list written to files_done.txt
INFO:werkzeug:127.0.0.1 - - [24/May/2021 08:43:27] "POST /_dash-update-component HTTP/1.1" 200 -
INFO:root:24-05-2021-08-43-28
INFO:root:File list written to files_done.txt
INFO:werkzeug:127.0.0.1 - - [24/May/2021 08:43:28] "POST /_dash-update-component HTTP/1.1" 200 -
INFO:root:24-05-2021-08-43-35
INFO:root:File list written to files_done.txt
INFO:werkzeug:127.0.0.1 - - [24/May/2021 08:43:35] "POST /_dash-update-component HTTP/1.1" 200 -
INFO:root:24-05-2021-08-43-36
INFO:root:File list written to files_done.txt
INFO:root:24-05-2021-08-43-36
INFO:root:Saving RF model to RandomForestClassifier_water_land.pkl.z
INFO:root:24-05-2021-08-43-36
INFO:root:Saving data features to RandomForestClassifier_water_land.pkl.z
INFO:root:24-05-2021-08-43-37
INFO:root:Image standardized
INFO:root:24-05-2021-08-43-37
INFO:root:examples provided of 0
INFO:root:examples provided of 1
INFO:root:examples provided of 2
INFO:root:24-05-2021-08-43-37
INFO:root:Extracting features from channel 0
INFO:root:24-05-2021-08-43-38
INFO:root:Extracting features from channel 1
INFO:root:24-05-2021-08-43-39
INFO:root:Extracting features from channel 2
INFO:root:24-05-2021-08-43-40
INFO:root:Feature extraction complete
INFO:root:24-05-2021-08-43-40
INFO:root:Using 3 decision trees per image
INFO:root:24-05-2021-08-43-40
INFO:root:Updating existing RF classifier
INFO:root:24-05-2021-08-43-40
INFO:root:Initializing RF model
INFO:root:24-05-2021-08-43-40
INFO:root:RF model fit to data
INFO:root:24-05-2021-08-43-40
INFO:root:Model saved to RandomForestClassifier_water_land.pkl.z
INFO:root:24-05-2021-08-43-40
INFO:root:Data saved to data_water_land.pkl.z
INFO:root:24-05-2021-08-43-40
INFO:root:Model used on data to estimate labels
INFO:root:24-05-2021-08-43-40
INFO:root:RF feature extraction and model fitting complete
INFO:root:24-05-2021-08-43-40
INFO:root:One-hot labels filtered
INFO:root:24-05-2021-08-43-40
INFO:root:One-hot labels spatially filtered
INFO:root:24-05-2021-08-43-41
INFO:root:Spatially filtered values inpainted
INFO:root:24-05-2021-08-43-41
INFO:root:RF model applied with sigma range 1.000000 : 16.000000
INFO:root:24-05-2021-08-43-41
INFO:root:CRF model applied with 10 test-time augmentations
INFO:root:24-05-2021-08-43-41
INFO:root:File list written to files_done.txt
INFO:werkzeug:127.0.0.1 - - [24/May/2021 08:43:41] "POST /_dash-update-component HTTP/1.1" 200 -
INFO:root:24-05-2021-08-43-41
INFO:root:Weighted average applied to test-time augmented outputs
INFO:root:24-05-2021-08-43-41
INFO:root:CRF model applied with theta=1.000000 and mu=1.000000
INFO:root:24-05-2021-08-43-41
INFO:root:Spatially filtered values inpainted
INFO:root:24-05-2021-08-43-41
INFO:root:RGB label image saved to results/results2021-05-24-08-43/D800_20160308_222135lr03-3_label2021-05-24-08-43_Enter-user-ID.png
INFO:root:24-05-2021-08-43-41
INFO:root:Numpy arrays saved to results/results2021-05-24-08-43/D800_20160308_222135lr03-3_Enter-user-ID.npz
INFO:werkzeug:127.0.0.1 - - [24/May/2021 08:43:42] "POST /_dash-update-component HTTP/1.1" 200 -
INFO:root:24-05-2021-08-43-42
INFO:root:File list written to files_done.txt
INFO:root:24-05-2021-08-43-42
INFO:root:Saving RF model to RandomForestClassifier_water_land.pkl.z
INFO:root:24-05-2021-08-43-42
INFO:root:Saving data features to RandomForestClassifier_water_land.pkl.z
INFO:root:24-05-2021-08-43-43
INFO:root:Image standardized
INFO:root:24-05-2021-08-43-43
INFO:root:examples provided of 0
INFO:root:examples provided of 1
INFO:root:examples provided of 2
INFO:root:24-05-2021-08-43-43
INFO:root:Extracting features from channel 0
INFO:root:24-05-2021-08-43-43
INFO:root:Extracting features from channel 1
INFO:root:24-05-2021-08-43-43
INFO:root:Extracting features from channel 2
INFO:root:24-05-2021-08-43-43
INFO:root:Feature extraction complete
INFO:root:24-05-2021-08-43-43
INFO:root:Using 3 decision trees per image
INFO:root:24-05-2021-08-43-44
INFO:root:Updating existing RF classifier
INFO:root:Samples concatenated with those from file
INFO:root:Number of samples in training data: 12700
INFO:root:24-05-2021-08-43-44
INFO:root:Loading model from RandomForestClassifier_water_land.pkl.z
INFO:root:Number of trees: 6
INFO:root:24-05-2021-08-43-44
INFO:root:RF model fit to data
INFO:root:24-05-2021-08-43-44
INFO:root:Model saved to RandomForestClassifier_water_land.pkl.z
INFO:root:24-05-2021-08-43-44
INFO:root:Data saved to data_water_land.pkl.z
INFO:root:24-05-2021-08-43-44
INFO:root:Model used on data to estimate labels
INFO:root:24-05-2021-08-43-44
INFO:root:RF feature extraction and model fitting complete
INFO:root:24-05-2021-08-43-44
INFO:root:One-hot labels filtered
INFO:root:24-05-2021-08-43-44
INFO:root:One-hot labels spatially filtered
INFO:root:24-05-2021-08-43-44
INFO:root:Spatially filtered values inpainted
INFO:root:24-05-2021-08-43-44
INFO:root:RF model applied with sigma range 1.000000 : 16.000000
INFO:root:24-05-2021-08-43-45
INFO:root:CRF model applied with 10 test-time augmentations
INFO:root:24-05-2021-08-43-45
INFO:root:Weighted average applied to test-time augmented outputs
INFO:root:24-05-2021-08-43-45
INFO:root:CRF model applied with theta=1.000000 and mu=1.000000
INFO:root:24-05-2021-08-43-45
INFO:root:Spatially filtered values inpainted
INFO:root:24-05-2021-08-43-45
INFO:root:RGB label image saved to results/results2021-05-24-08-43/D800_20160308_222135lr03-3_label2021-05-24-08-43_Enter-user-ID.png
INFO:root:24-05-2021-08-43-45
INFO:root:Numpy arrays saved to results/results2021-05-24-08-43/D800_20160308_222135lr03-3_Enter-user-ID.npz
INFO:werkzeug:127.0.0.1 - - [24/May/2021 08:43:45] "POST /_dash-update-component HTTP/1.1" 200 -
