INFO:root:24-05-2021-08-57-16
INFO:root:loaded class labels:
INFO:root:water
INFO:root:land
INFO:root:24-05-2021-08-57-16
INFO:root:Folder created: results/results2021-05-24-08-57
INFO:root:24-05-2021-08-57-16
INFO:root:Results will be written to results/results2021-05-24-08-57
INFO:root:24-05-2021-08-57-16
INFO:root:loaded files:
INFO:root:assets/D800_20160308_222129lr02-0.jpg
INFO:root:assets/D800_20160308_222129lr02-2.jpg
INFO:root:assets/D800_20160308_222129lr02-3.jpg
INFO:root:assets/D800_20160308_222135lr03-0.jpg
INFO:root:assets/D800_20160308_222135lr03-1.jpg
INFO:root:assets/D800_20160308_222135lr03-2.jpg
INFO:root:assets/D800_20160308_222135lr03-3.jpg
INFO:root:assets/D800_20160308_222129lr03-2.JPG
INFO:root:assets/D800_20160308_222129lr03-3.JPG
INFO:root:assets/D800_20160308_222135lr00-2.JPG
INFO:root:assets/D800_20160308_222135lr02-0.jpeg
INFO:root:assets/D800_20160308_222135lr02-2.jpeg
INFO:root:assets/D800_20160308_222135lr02-3.jpeg
INFO:root:assets/D800_20160308_222136lr02-2.jpeg
INFO:root:assets/D800_20160308_222136lr02-3.jpeg
INFO:werkzeug: * Running on http://127.0.0.1:8050/ (Press CTRL+C to quit)
INFO:werkzeug:127.0.0.1 - - [24/May/2021 08:57:17] "GET / HTTP/1.1" 200 -
INFO:werkzeug:127.0.0.1 - - [24/May/2021 08:57:17] "GET /_dash-layout HTTP/1.1" 200 -
INFO:werkzeug:127.0.0.1 - - [24/May/2021 08:57:17] "GET /_dash-dependencies HTTP/1.1" 200 -
INFO:werkzeug:127.0.0.1 - - [24/May/2021 08:57:17] "GET /_favicon.ico?v=1.12.0 HTTP/1.1" 200 -
