INFO:botocore.credentials:Found credentials in shared credentials file: ~/.aws/credentials
INFO:root:24-05-2021-19-25-16
INFO:root:loaded class labels:
INFO:root:water
INFO:root:land
INFO:root:24-05-2021-19-25-16
INFO:root:Folder created: results/results2021-05-24-19-25
INFO:root:24-05-2021-19-25-16
INFO:root:Results will be written to results/results2021-05-24-19-25
INFO:root:24-05-2021-19-25-16
INFO:root:loaded files:
INFO:root:assets/chunk10_m_3507664_nw_18_060_20181013_20190211_multiband-0.jpg
INFO:root:assets/chunk15_m_3407621_nw_18_1_20160911_multiband-2.jpg
INFO:root:assets/chunk17_m_3407607_ne_18_1_20120603_multiband-2.jpg
INFO:root:assets/chunk27_m_3507663_se_18_1_20120603_multiband-2.jpg
INFO:root:assets/chunk55_m_3507664_sw_18_1_20100612_multiband-1.jpg
INFO:root:assets/chunk62_m_3507664_sw_18_1_20120603_multiband-3.jpg
INFO:root:assets/chunk63_m_3507664_sw_18_1_20120603_multiband-0.jpg
INFO:werkzeug: * Running on http://127.0.0.1:8050/ (Press CTRL+C to quit)
INFO:werkzeug:127.0.0.1 - - [24/May/2021 19:25:18] "GET / HTTP/1.1" 200 -
INFO:werkzeug:127.0.0.1 - - [24/May/2021 19:25:18] "GET /_favicon.ico?v=1.12.0 HTTP/1.1" 200 -
INFO:werkzeug:127.0.0.1 - - [24/May/2021 19:25:18] "GET /_dash-dependencies HTTP/1.1" 200 -
INFO:werkzeug:127.0.0.1 - - [24/May/2021 19:25:18] "GET /_dash-layout HTTP/1.1" 200 -
INFO:root:24-05-2021-19-25-18
INFO:root:File list written to files_done.txt
INFO:werkzeug:127.0.0.1 - - [24/May/2021 19:25:18] "POST /_dash-update-component HTTP/1.1" 200 -
INFO:root:24-05-2021-19-25-18
INFO:root:File list written to files_done.txt
INFO:werkzeug:127.0.0.1 - - [24/May/2021 19:25:18] "[35m[1mPOST /_dash-update-component HTTP/1.1[0m" 204 -
INFO:root:24-05-2021-19-25-25
INFO:root:File list written to files_done.txt
INFO:werkzeug:127.0.0.1 - - [24/May/2021 19:25:25] "POST /_dash-update-component HTTP/1.1" 200 -
INFO:root:24-05-2021-19-25-29
INFO:root:File list written to files_done.txt
INFO:werkzeug:127.0.0.1 - - [24/May/2021 19:25:29] "POST /_dash-update-component HTTP/1.1" 200 -
INFO:root:24-05-2021-19-25-30
INFO:root:File list written to files_done.txt
INFO:werkzeug:127.0.0.1 - - [24/May/2021 19:25:30] "POST /_dash-update-component HTTP/1.1" 200 -
INFO:root:24-05-2021-19-25-31
INFO:root:File list written to files_done.txt
INFO:werkzeug:127.0.0.1 - - [24/May/2021 19:25:31] "POST /_dash-update-component HTTP/1.1" 200 -
INFO:root:24-05-2021-19-25-32
INFO:root:File list written to files_done.txt
INFO:werkzeug:127.0.0.1 - - [24/May/2021 19:25:32] "POST /_dash-update-component HTTP/1.1" 200 -
INFO:root:24-05-2021-19-25-33
INFO:root:File list written to files_done.txt
INFO:werkzeug:127.0.0.1 - - [24/May/2021 19:25:33] "POST /_dash-update-component HTTP/1.1" 200 -
INFO:root:24-05-2021-19-25-34
INFO:root:File list written to files_done.txt
INFO:werkzeug:127.0.0.1 - - [24/May/2021 19:25:34] "POST /_dash-update-component HTTP/1.1" 200 -
INFO:root:24-05-2021-19-25-35
INFO:root:File list written to files_done.txt
INFO:werkzeug:127.0.0.1 - - [24/May/2021 19:25:35] "POST /_dash-update-component HTTP/1.1" 200 -
INFO:root:24-05-2021-19-25-36
INFO:root:File list written to files_done.txt
INFO:werkzeug:127.0.0.1 - - [24/May/2021 19:25:36] "POST /_dash-update-component HTTP/1.1" 200 -
INFO:root:24-05-2021-19-25-37
INFO:root:File list written to files_done.txt
INFO:werkzeug:127.0.0.1 - - [24/May/2021 19:25:38] "POST /_dash-update-component HTTP/1.1" 200 -
INFO:root:24-05-2021-19-25-39
INFO:root:File list written to files_done.txt
INFO:werkzeug:127.0.0.1 - - [24/May/2021 19:25:39] "POST /_dash-update-component HTTP/1.1" 200 -
INFO:root:24-05-2021-19-25-40
INFO:root:File list written to files_done.txt
INFO:werkzeug:127.0.0.1 - - [24/May/2021 19:25:40] "POST /_dash-update-component HTTP/1.1" 200 -
INFO:root:24-05-2021-19-25-41
INFO:root:File list written to files_done.txt
INFO:werkzeug:127.0.0.1 - - [24/May/2021 19:25:41] "POST /_dash-update-component HTTP/1.1" 200 -
INFO:root:24-05-2021-19-25-44
INFO:root:File list written to files_done.txt
INFO:werkzeug:127.0.0.1 - - [24/May/2021 19:25:44] "POST /_dash-update-component HTTP/1.1" 200 -
INFO:root:24-05-2021-19-25-48
INFO:root:File list written to files_done.txt
INFO:werkzeug:127.0.0.1 - - [24/May/2021 19:25:48] "POST /_dash-update-component HTTP/1.1" 200 -
INFO:root:24-05-2021-19-25-49
INFO:root:File list written to files_done.txt
INFO:root:24-05-2021-19-25-49
INFO:root:Saving RF model to RandomForestClassifier_water_land.pkl.z
INFO:root:24-05-2021-19-25-49
INFO:root:Saving data features to RandomForestClassifier_water_land.pkl.z
INFO:root:24-05-2021-19-25-50
INFO:root:Image standardized
INFO:root:24-05-2021-19-25-50
INFO:root:examples provided of 0
INFO:root:examples provided of 1
INFO:root:examples provided of 2
INFO:root:24-05-2021-19-25-50
INFO:root:Extracting features from channel 0
INFO:root:24-05-2021-19-25-51
INFO:root:Extracting features from channel 1
INFO:root:24-05-2021-19-25-52
INFO:root:Extracting features from channel 2
INFO:root:24-05-2021-19-25-52
INFO:root:Feature extraction complete
INFO:root:24-05-2021-19-25-53
INFO:root:Using 3 decision trees per image
INFO:root:24-05-2021-19-25-53
INFO:root:Updating existing RF classifier
INFO:root:24-05-2021-19-25-53
INFO:root:Initializing RF model
INFO:root:24-05-2021-19-25-53
INFO:root:RF model fit to data
INFO:root:24-05-2021-19-25-53
INFO:root:Model saved to RandomForestClassifier_water_land.pkl.z
INFO:root:24-05-2021-19-25-53
INFO:root:Data saved to data_water_land.pkl.z
INFO:root:24-05-2021-19-25-53
INFO:root:Model used on data to estimate labels
INFO:root:24-05-2021-19-25-53
INFO:root:RF feature extraction and model fitting complete
INFO:root:24-05-2021-19-25-53
INFO:root:One-hot labels filtered
INFO:root:24-05-2021-19-25-53
INFO:root:One-hot labels spatially filtered
INFO:root:24-05-2021-19-25-53
INFO:root:Spatially filtered values inpainted
INFO:root:24-05-2021-19-25-53
INFO:root:RF model applied with sigma range 1.000000 : 16.000000
INFO:root:24-05-2021-19-25-54
INFO:root:CRF model applied with 10 test-time augmentations
INFO:root:24-05-2021-19-25-54
INFO:root:Weighted average applied to test-time augmented outputs
INFO:root:24-05-2021-19-25-54
INFO:root:CRF model applied with theta=1.000000 and mu=1.000000
INFO:root:24-05-2021-19-25-54
INFO:root:Spatially filtered values inpainted
INFO:root:24-05-2021-19-25-54
INFO:root:RGB label image saved to results/results2021-05-24-19-25/chunk10_m_3507664_nw_18_060_20181013_20190211_multiband-0_label2021-05-24-19-25_db.png
INFO:root:24-05-2021-19-25-54
INFO:root:Numpy arrays saved to results/results2021-05-24-19-25/chunk10_m_3507664_nw_18_060_20181013_20190211_multiband-0_db.npz
INFO:werkzeug:127.0.0.1 - - [24/May/2021 19:25:54] "POST /_dash-update-component HTTP/1.1" 200 -
INFO:root:24-05-2021-19-26-01
INFO:root:File list written to files_done.txt
INFO:werkzeug:127.0.0.1 - - [24/May/2021 19:26:01] "POST /_dash-update-component HTTP/1.1" 200 -
INFO:werkzeug:127.0.0.1 - - [24/May/2021 19:26:01] "GET /assets/chunk17_m_3407607_ne_18_1_20120603_multiband-2.jpg HTTP/1.1" 200 -
INFO:root:24-05-2021-19-26-05
INFO:root:File list written to files_done.txt
INFO:werkzeug:127.0.0.1 - - [24/May/2021 19:26:05] "POST /_dash-update-component HTTP/1.1" 200 -
INFO:root:24-05-2021-19-26-06
INFO:root:File list written to files_done.txt
INFO:werkzeug:127.0.0.1 - - [24/May/2021 19:26:06] "POST /_dash-update-component HTTP/1.1" 200 -
INFO:root:24-05-2021-19-26-07
INFO:root:File list written to files_done.txt
INFO:werkzeug:127.0.0.1 - - [24/May/2021 19:26:07] "POST /_dash-update-component HTTP/1.1" 200 -
INFO:root:24-05-2021-19-26-09
INFO:root:File list written to files_done.txt
INFO:werkzeug:127.0.0.1 - - [24/May/2021 19:26:09] "POST /_dash-update-component HTTP/1.1" 200 -
INFO:root:24-05-2021-19-26-10
INFO:root:File list written to files_done.txt
INFO:werkzeug:127.0.0.1 - - [24/May/2021 19:26:10] "POST /_dash-update-component HTTP/1.1" 200 -
INFO:root:24-05-2021-19-26-11
INFO:root:File list written to files_done.txt
INFO:werkzeug:127.0.0.1 - - [24/May/2021 19:26:11] "POST /_dash-update-component HTTP/1.1" 200 -
INFO:root:24-05-2021-19-26-12
INFO:root:File list written to files_done.txt
INFO:root:24-05-2021-19-26-12
INFO:root:Saving RF model to RandomForestClassifier_water_land.pkl.z
INFO:root:24-05-2021-19-26-12
INFO:root:Saving data features to RandomForestClassifier_water_land.pkl.z
INFO:root:24-05-2021-19-26-12
INFO:root:Image standardized
INFO:root:24-05-2021-19-26-12
INFO:root:examples provided of 0
INFO:root:examples provided of 1
INFO:root:examples provided of 2
INFO:root:24-05-2021-19-26-12
INFO:root:Extracting features from channel 0
INFO:root:24-05-2021-19-26-12
INFO:root:Extracting features from channel 1
INFO:root:24-05-2021-19-26-12
INFO:root:Extracting features from channel 2
INFO:root:24-05-2021-19-26-12
INFO:root:Feature extraction complete
INFO:root:24-05-2021-19-26-12
INFO:root:Using 3 decision trees per image
INFO:root:24-05-2021-19-26-12
INFO:root:Updating existing RF classifier
INFO:root:Samples concatenated with those from file
INFO:root:Number of samples in training data: 2605
INFO:root:24-05-2021-19-26-12
INFO:root:Loading model from RandomForestClassifier_water_land.pkl.z
INFO:root:Number of trees: 6
INFO:root:24-05-2021-19-26-12
INFO:root:RF model fit to data
INFO:root:24-05-2021-19-26-12
INFO:root:Model saved to RandomForestClassifier_water_land.pkl.z
INFO:root:24-05-2021-19-26-12
INFO:root:Data saved to data_water_land.pkl.z
INFO:root:24-05-2021-19-26-12
INFO:root:Model used on data to estimate labels
INFO:root:24-05-2021-19-26-12
INFO:root:RF feature extraction and model fitting complete
INFO:root:24-05-2021-19-26-12
INFO:root:One-hot labels filtered
INFO:root:24-05-2021-19-26-12
INFO:root:One-hot labels spatially filtered
INFO:root:24-05-2021-19-26-12
INFO:root:Spatially filtered values inpainted
INFO:root:24-05-2021-19-26-12
INFO:root:RF model applied with sigma range 1.000000 : 16.000000
INFO:root:24-05-2021-19-26-12
INFO:root:CRF model applied with 10 test-time augmentations
INFO:root:24-05-2021-19-26-12
INFO:root:Weighted average applied to test-time augmented outputs
INFO:root:24-05-2021-19-26-12
INFO:root:CRF model applied with theta=1.000000 and mu=1.000000
INFO:root:24-05-2021-19-26-12
INFO:root:Spatially filtered values inpainted
INFO:root:24-05-2021-19-26-12
INFO:root:RGB label image saved to results/results2021-05-24-19-25/chunk17_m_3407607_ne_18_1_20120603_multiband-2_label2021-05-24-19-26_db.png
INFO:root:24-05-2021-19-26-12
INFO:root:Numpy arrays saved to results/results2021-05-24-19-25/chunk17_m_3407607_ne_18_1_20120603_multiband-2_db.npz
INFO:werkzeug:127.0.0.1 - - [24/May/2021 19:26:13] "POST /_dash-update-component HTTP/1.1" 200 -
INFO:root:24-05-2021-19-26-14
INFO:root:File list written to files_done.txt
INFO:werkzeug:127.0.0.1 - - [24/May/2021 19:26:14] "POST /_dash-update-component HTTP/1.1" 200 -
INFO:werkzeug:127.0.0.1 - - [24/May/2021 19:26:14] "GET /assets/chunk28_m_3407607_ne_18_1_20141017_multiband-3.jpg HTTP/1.1" 200 -
INFO:root:24-05-2021-19-26-16
INFO:root:File list written to files_done.txt
INFO:werkzeug:127.0.0.1 - - [24/May/2021 19:26:16] "POST /_dash-update-component HTTP/1.1" 200 -
INFO:root:24-05-2021-19-26-16
INFO:root:File list written to files_done.txt
INFO:werkzeug:127.0.0.1 - - [24/May/2021 19:26:16] "POST /_dash-update-component HTTP/1.1" 200 -
INFO:root:24-05-2021-19-26-19
INFO:root:File list written to files_done.txt
INFO:werkzeug:127.0.0.1 - - [24/May/2021 19:26:19] "POST /_dash-update-component HTTP/1.1" 200 -
INFO:root:24-05-2021-19-26-19
INFO:root:File list written to files_done.txt
INFO:werkzeug:127.0.0.1 - - [24/May/2021 19:26:19] "POST /_dash-update-component HTTP/1.1" 200 -
INFO:root:24-05-2021-19-26-20
INFO:root:File list written to files_done.txt
INFO:root:24-05-2021-19-26-20
INFO:root:Saving RF model to RandomForestClassifier_water_land.pkl.z
INFO:root:24-05-2021-19-26-20
INFO:root:Saving data features to RandomForestClassifier_water_land.pkl.z
INFO:root:24-05-2021-19-26-20
INFO:root:Image standardized
INFO:root:24-05-2021-19-26-20
INFO:root:examples provided of 0
INFO:root:examples provided of 1
INFO:root:examples provided of 2
INFO:root:24-05-2021-19-26-20
INFO:root:Extracting features from channel 0
INFO:root:24-05-2021-19-26-20
INFO:root:Extracting features from channel 1
INFO:root:24-05-2021-19-26-21
INFO:root:Extracting features from channel 2
INFO:root:24-05-2021-19-26-21
INFO:root:Feature extraction complete
INFO:root:24-05-2021-19-26-21
INFO:root:Using 3 decision trees per image
INFO:root:24-05-2021-19-26-21
INFO:root:Updating existing RF classifier
INFO:root:Samples concatenated with those from file
INFO:root:Number of samples in training data: 2775
INFO:root:24-05-2021-19-26-21
INFO:root:Loading model from RandomForestClassifier_water_land.pkl.z
INFO:root:Number of trees: 9
INFO:root:24-05-2021-19-26-21
INFO:root:RF model fit to data
INFO:root:24-05-2021-19-26-21
INFO:root:Model saved to RandomForestClassifier_water_land.pkl.z
INFO:root:24-05-2021-19-26-21
INFO:root:Data saved to data_water_land.pkl.z
INFO:root:24-05-2021-19-26-21
INFO:root:Model used on data to estimate labels
INFO:root:24-05-2021-19-26-21
INFO:root:RF feature extraction and model fitting complete
INFO:root:24-05-2021-19-26-21
INFO:root:One-hot labels filtered
INFO:root:24-05-2021-19-26-21
INFO:root:One-hot labels spatially filtered
INFO:root:24-05-2021-19-26-21
INFO:root:Spatially filtered values inpainted
INFO:root:24-05-2021-19-26-21
INFO:root:RF model applied with sigma range 1.000000 : 16.000000
INFO:root:24-05-2021-19-26-21
INFO:root:CRF model applied with 10 test-time augmentations
INFO:root:24-05-2021-19-26-21
INFO:root:Weighted average applied to test-time augmented outputs
INFO:root:24-05-2021-19-26-21
INFO:root:CRF model applied with theta=1.000000 and mu=1.000000
INFO:root:24-05-2021-19-26-21
INFO:root:Spatially filtered values inpainted
INFO:root:24-05-2021-19-26-21
INFO:root:RGB label image saved to results/results2021-05-24-19-25/chunk28_m_3407607_ne_18_1_20141017_multiband-3_label2021-05-24-19-26_db.png
INFO:root:24-05-2021-19-26-21
INFO:root:Numpy arrays saved to results/results2021-05-24-19-25/chunk28_m_3407607_ne_18_1_20141017_multiband-3_db.npz
INFO:werkzeug:127.0.0.1 - - [24/May/2021 19:26:22] "POST /_dash-update-component HTTP/1.1" 200 -
INFO:root:24-05-2021-19-26-24
INFO:root:File list written to files_done.txt
INFO:werkzeug:127.0.0.1 - - [24/May/2021 19:26:24] "POST /_dash-update-component HTTP/1.1" 200 -
INFO:werkzeug:127.0.0.1 - - [24/May/2021 19:26:24] "GET /assets/chunk28_m_3507664_sw_18_060_20181013_20190211_multiband-2.jpg HTTP/1.1" 200 -
