INFO:root:09-02-2021-16-16-15
INFO:root:loaded class labels:
INFO:root:water
INFO:root:land
INFO:root:09-02-2021-16-16-15
INFO:root:Folder created: results/results2021-02-09-16-16
INFO:root:09-02-2021-16-16-15
INFO:root:Results will be written to results/results2021-02-09-16-16
INFO:root:09-02-2021-16-16-15
INFO:root:loaded files:
INFO:root:assets/D800_20160308_222129lr02.jpg
INFO:root:assets/D800_20160308_222129lr03.jpg
INFO:root:assets/D800_20160308_222135lr00.jpg
INFO:root:assets/D800_20160308_222135lr02.jpg
INFO:root:assets/D800_20160308_222135lr03.jpg
INFO:root:assets/D800_20160308_222136lr02.jpg
INFO:werkzeug: * Running on http://127.0.0.1:8050/ (Press CTRL+C to quit)
INFO:werkzeug:127.0.0.1 - - [09/Feb/2021 16:16:18] "[37mGET / HTTP/1.1[0m" 200 -
INFO:werkzeug:127.0.0.1 - - [09/Feb/2021 16:16:18] "[37mGET /_dash-layout HTTP/1.1[0m" 200 -
INFO:werkzeug:127.0.0.1 - - [09/Feb/2021 16:16:18] "[37mGET /_dash-dependencies HTTP/1.1[0m" 200 -
INFO:werkzeug:127.0.0.1 - - [09/Feb/2021 16:16:18] "[37mGET /_favicon.ico?v=1.12.0 HTTP/1.1[0m" 200 -
INFO:werkzeug:127.0.0.1 - - [09/Feb/2021 16:16:18] "[37mPOST /_dash-update-component HTTP/1.1[0m" 200 -
INFO:werkzeug:127.0.0.1 - - [09/Feb/2021 16:16:19] "[37mPOST /_dash-update-component HTTP/1.1[0m" 204 -
INFO:werkzeug:127.0.0.1 - - [09/Feb/2021 16:16:42] "[37mPOST /_dash-update-component HTTP/1.1[0m" 204 -
INFO:root:09-02-2021-16-16-44
INFO:root:File list written to files_done.txt
INFO:werkzeug:127.0.0.1 - - [09/Feb/2021 16:16:44] "[37mPOST /_dash-update-component HTTP/1.1[0m" 200 -
INFO:root:09-02-2021-16-16-46
INFO:root:File list written to files_done.txt
INFO:werkzeug:127.0.0.1 - - [09/Feb/2021 16:16:46] "[37mPOST /_dash-update-component HTTP/1.1[0m" 200 -
INFO:werkzeug:127.0.0.1 - - [09/Feb/2021 16:16:47] "[37mPOST /_dash-update-component HTTP/1.1[0m" 200 -
INFO:root:09-02-2021-16-16-48
INFO:root:File list written to files_done.txt
INFO:werkzeug:127.0.0.1 - - [09/Feb/2021 16:16:48] "[37mPOST /_dash-update-component HTTP/1.1[0m" 200 -
INFO:werkzeug:127.0.0.1 - - [09/Feb/2021 16:16:50] "[37mPOST /_dash-update-component HTTP/1.1[0m" 204 -
INFO:werkzeug:127.0.0.1 - - [09/Feb/2021 16:17:00] "[37mPOST /_dash-update-component HTTP/1.1[0m" 200 -
INFO:werkzeug:127.0.0.1 - - [09/Feb/2021 16:17:01] "[37mPOST /_dash-update-component HTTP/1.1[0m" 200 -
INFO:werkzeug:127.0.0.1 - - [09/Feb/2021 16:17:10] "[37mPOST /_dash-update-component HTTP/1.1[0m" 200 -
INFO:root:09-02-2021-16-17-11
INFO:root:Using intensity for RF feature extraction
INFO:root:Using edges for RF feature extraction
INFO:root:Using texture for RF feature extraction
INFO:root:09-02-2021-16-17-11
INFO:root:Saving RF model to RandomForestClassifier_water_land.pkl.z
INFO:root:09-02-2021-16-17-11
INFO:root:Saved annotations to results/results2021-02-09-16-16/D800_20160308_222129lr02_annotations2021-02-09-16-17_db.png
INFO:root:09-02-2021-16-17-11
INFO:root:Extracting features from channel 0
INFO:root:09-02-2021-16-17-11
INFO:root:Image features extracted using sigma= 1.000000
INFO:root:09-02-2021-16-17-11
INFO:root:Image features extracted using sigma= 2.000000
INFO:root:09-02-2021-16-17-11
INFO:root:Image features extracted using sigma= 4.000000
INFO:root:09-02-2021-16-17-12
INFO:root:Image features extracted using sigma= 8.000000
INFO:root:09-02-2021-16-17-12
INFO:root:Image features extracted using sigma= 16.000000
INFO:root:09-02-2021-16-17-12
INFO:root:Extracting features from channel 1
INFO:root:09-02-2021-16-17-12
INFO:root:Image features extracted using sigma= 1.000000
INFO:root:09-02-2021-16-17-12
INFO:root:Image features extracted using sigma= 2.000000
INFO:root:09-02-2021-16-17-12
INFO:root:Image features extracted using sigma= 4.000000
INFO:root:09-02-2021-16-17-12
INFO:root:Image features extracted using sigma= 8.000000
INFO:root:09-02-2021-16-17-12
INFO:root:Image features extracted using sigma= 16.000000
INFO:root:09-02-2021-16-17-12
INFO:root:Extracting features from channel 2
INFO:root:09-02-2021-16-17-12
INFO:root:Image features extracted using sigma= 1.000000
INFO:root:09-02-2021-16-17-12
INFO:root:Image features extracted using sigma= 2.000000
INFO:root:09-02-2021-16-17-12
INFO:root:Image features extracted using sigma= 4.000000
INFO:root:09-02-2021-16-17-12
INFO:root:Image features extracted using sigma= 8.000000
INFO:root:09-02-2021-16-17-13
INFO:root:Image features extracted using sigma= 16.000000
INFO:root:09-02-2021-16-17-13
INFO:root:Feature extraction complete
INFO:root:09-02-2021-16-17-13
INFO:root:Using 5 decision trees per image
INFO:root:09-02-2021-16-17-13
INFO:root:Updating existing RF classifier
INFO:root:09-02-2021-16-17-21
INFO:root:RF feature extraction and model fitting complete
INFO:root:09-02-2021-16-17-21
INFO:root:RF model applied with sigma range 1.000000 : 16.000000
INFO:root:09-02-2021-16-17-21
INFO:root:CRF scale: 4.066667
INFO:root:09-02-2021-16-17-21
INFO:root:CRF downsample factor: 2.000000
INFO:root:CRF theta parameter: 40.000000
INFO:root:CRF mu parameter: 100.000000
INFO:root:CRF prior probability of labels: 0.900000
INFO:root:09-02-2021-16-17-23
INFO:root:CRF inference made
INFO:root:09-02-2021-16-17-23
INFO:root:CRF post-processing complete
INFO:root:09-02-2021-16-17-23
INFO:root:CRF model applied with theta=40.000000 and mu=100.000000
INFO:root:09-02-2021-16-17-24
INFO:root:Median filter of radius 3 applied
INFO:root:09-02-2021-16-17-24
INFO:root:RGB label image saved to results/results2021-02-09-16-16/D800_20160308_222129lr02_label2021-02-09-16-17_db.png
INFO:root:09-02-2021-16-17-24
INFO:root:Greyscale label image saved to results/results2021-02-09-16-16/D800_20160308_222129lr02_label_greyscale2021-02-09-16-17_db.png
INFO:werkzeug:127.0.0.1 - - [09/Feb/2021 16:17:24] "[37mPOST /_dash-update-component HTTP/1.1[0m" 200 -
INFO:werkzeug:127.0.0.1 - - [09/Feb/2021 16:17:26] "[37mPOST /_dash-update-component HTTP/1.1[0m" 200 -
INFO:root:09-02-2021-16-17-29
INFO:root:File list written to files_done.txt
INFO:werkzeug:127.0.0.1 - - [09/Feb/2021 16:17:29] "[37mPOST /_dash-update-component HTTP/1.1[0m" 200 -
INFO:werkzeug:127.0.0.1 - - [09/Feb/2021 16:17:31] "[37mPOST /_dash-update-component HTTP/1.1[0m" 200 -
INFO:werkzeug:127.0.0.1 - - [09/Feb/2021 16:17:31] "[37mPOST /_dash-update-component HTTP/1.1[0m" 200 -
INFO:root:09-02-2021-16-17-31
INFO:root:File list written to files_done.txt
INFO:werkzeug:127.0.0.1 - - [09/Feb/2021 16:17:31] "[37mPOST /_dash-update-component HTTP/1.1[0m" 200 -
INFO:werkzeug:127.0.0.1 - - [09/Feb/2021 16:17:33] "[37mPOST /_dash-update-component HTTP/1.1[0m" 200 -
INFO:root:09-02-2021-16-17-33
INFO:root:File list written to files_done.txt
INFO:werkzeug:127.0.0.1 - - [09/Feb/2021 16:17:33] "[37mPOST /_dash-update-component HTTP/1.1[0m" 200 -
INFO:werkzeug:127.0.0.1 - - [09/Feb/2021 16:17:35] "[37mPOST /_dash-update-component HTTP/1.1[0m" 204 -
INFO:werkzeug:127.0.0.1 - - [09/Feb/2021 16:17:40] "[37mPOST /_dash-update-component HTTP/1.1[0m" 200 -
INFO:werkzeug:127.0.0.1 - - [09/Feb/2021 16:17:48] "[37mPOST /_dash-update-component HTTP/1.1[0m" 200 -
INFO:werkzeug:127.0.0.1 - - [09/Feb/2021 16:17:51] "[37mPOST /_dash-update-component HTTP/1.1[0m" 200 -
INFO:werkzeug:127.0.0.1 - - [09/Feb/2021 16:17:52] "[37mPOST /_dash-update-component HTTP/1.1[0m" 200 -
INFO:werkzeug:127.0.0.1 - - [09/Feb/2021 16:18:03] "[37mPOST /_dash-update-component HTTP/1.1[0m" 200 -
INFO:root:09-02-2021-16-18-05
INFO:root:Using intensity for RF feature extraction
INFO:root:Using edges for RF feature extraction
INFO:root:Using texture for RF feature extraction
INFO:root:09-02-2021-16-18-05
INFO:root:Saving RF model to RandomForestClassifier_water_land.pkl.z
INFO:root:09-02-2021-16-18-06
INFO:root:Saved annotations to results/results2021-02-09-16-16/D800_20160308_222129lr03_annotations2021-02-09-16-18_db.png
INFO:root:09-02-2021-16-18-06
INFO:root:Extracting features from channel 0
INFO:root:09-02-2021-16-18-06
INFO:root:Image features extracted using sigma= 1.000000
INFO:root:09-02-2021-16-18-06
INFO:root:Image features extracted using sigma= 2.000000
INFO:root:09-02-2021-16-18-06
INFO:root:Image features extracted using sigma= 4.000000
INFO:root:09-02-2021-16-18-06
INFO:root:Image features extracted using sigma= 8.000000
INFO:root:09-02-2021-16-18-06
INFO:root:Image features extracted using sigma= 16.000000
INFO:root:09-02-2021-16-18-06
INFO:root:Extracting features from channel 1
INFO:root:09-02-2021-16-18-06
INFO:root:Image features extracted using sigma= 1.000000
INFO:root:09-02-2021-16-18-06
INFO:root:Image features extracted using sigma= 2.000000
INFO:root:09-02-2021-16-18-06
INFO:root:Image features extracted using sigma= 4.000000
INFO:root:09-02-2021-16-18-06
INFO:root:Image features extracted using sigma= 8.000000
INFO:root:09-02-2021-16-18-07
INFO:root:Image features extracted using sigma= 16.000000
INFO:root:09-02-2021-16-18-07
INFO:root:Extracting features from channel 2
INFO:root:09-02-2021-16-18-07
INFO:root:Image features extracted using sigma= 1.000000
INFO:root:09-02-2021-16-18-07
INFO:root:Image features extracted using sigma= 2.000000
INFO:root:09-02-2021-16-18-07
INFO:root:Image features extracted using sigma= 4.000000
INFO:root:09-02-2021-16-18-07
INFO:root:Image features extracted using sigma= 8.000000
INFO:root:09-02-2021-16-18-07
INFO:root:Image features extracted using sigma= 16.000000
INFO:root:09-02-2021-16-18-07
INFO:root:Feature extraction complete
INFO:root:09-02-2021-16-18-07
INFO:root:Using 5 decision trees per image
INFO:root:09-02-2021-16-18-07
INFO:root:Updating existing RF classifier
INFO:root:09-02-2021-16-18-16
INFO:root:RF feature extraction and model fitting complete
INFO:root:09-02-2021-16-18-16
INFO:root:RF model applied with sigma range 1.000000 : 16.000000
INFO:root:09-02-2021-16-18-16
INFO:root:CRF scale: 4.066667
INFO:root:09-02-2021-16-18-16
INFO:root:CRF downsample factor: 2.000000
INFO:root:CRF theta parameter: 40.000000
INFO:root:CRF mu parameter: 100.000000
INFO:root:CRF prior probability of labels: 0.900000
INFO:root:09-02-2021-16-18-18
INFO:root:CRF inference made
INFO:root:09-02-2021-16-18-18
INFO:root:CRF post-processing complete
INFO:root:09-02-2021-16-18-18
INFO:root:CRF model applied with theta=40.000000 and mu=100.000000
INFO:root:09-02-2021-16-18-18
INFO:root:Median filter of radius 3 applied
INFO:root:09-02-2021-16-18-18
INFO:root:RGB label image saved to results/results2021-02-09-16-16/D800_20160308_222129lr03_label2021-02-09-16-18_db.png
INFO:root:09-02-2021-16-18-18
INFO:root:Greyscale label image saved to results/results2021-02-09-16-16/D800_20160308_222129lr03_label_greyscale2021-02-09-16-18_db.png
INFO:werkzeug:127.0.0.1 - - [09/Feb/2021 16:18:19] "[37mPOST /_dash-update-component HTTP/1.1[0m" 200 -
INFO:werkzeug:127.0.0.1 - - [09/Feb/2021 16:18:21] "[37mPOST /_dash-update-component HTTP/1.1[0m" 200 -
INFO:root:09-02-2021-16-18-23
INFO:root:File list written to files_done.txt
INFO:werkzeug:127.0.0.1 - - [09/Feb/2021 16:18:23] "[37mPOST /_dash-update-component HTTP/1.1[0m" 200 -
INFO:werkzeug:127.0.0.1 - - [09/Feb/2021 16:18:24] "[37mPOST /_dash-update-component HTTP/1.1[0m" 200 -
INFO:werkzeug:127.0.0.1 - - [09/Feb/2021 16:18:24] "[37mPOST /_dash-update-component HTTP/1.1[0m" 200 -
INFO:root:09-02-2021-16-18-25
INFO:root:File list written to files_done.txt
INFO:werkzeug:127.0.0.1 - - [09/Feb/2021 16:18:25] "[37mPOST /_dash-update-component HTTP/1.1[0m" 200 -
INFO:werkzeug:127.0.0.1 - - [09/Feb/2021 16:18:27] "[37mPOST /_dash-update-component HTTP/1.1[0m" 200 -
INFO:root:09-02-2021-16-18-27
INFO:root:File list written to files_done.txt
INFO:werkzeug:127.0.0.1 - - [09/Feb/2021 16:18:27] "[37mPOST /_dash-update-component HTTP/1.1[0m" 200 -
INFO:werkzeug:127.0.0.1 - - [09/Feb/2021 16:18:29] "[37mPOST /_dash-update-component HTTP/1.1[0m" 204 -
INFO:werkzeug:127.0.0.1 - - [09/Feb/2021 16:18:30] "[37mPOST /_dash-update-component HTTP/1.1[0m" 200 -
INFO:werkzeug:127.0.0.1 - - [09/Feb/2021 16:18:31] "[37mPOST /_dash-update-component HTTP/1.1[0m" 200 -
INFO:root:09-02-2021-16-18-31
INFO:root:Using intensity for RF feature extraction
INFO:root:Using edges for RF feature extraction
INFO:root:Using texture for RF feature extraction
INFO:root:09-02-2021-16-18-31
INFO:root:Saving RF model to RandomForestClassifier_water_land.pkl.z
INFO:root:09-02-2021-16-18-32
INFO:root:Saved annotations to results/results2021-02-09-16-16/D800_20160308_222135lr00_annotations2021-02-09-16-18_db.png
INFO:root:09-02-2021-16-18-32
INFO:root:Extracting features from channel 0
INFO:root:09-02-2021-16-18-32
INFO:root:Image features extracted using sigma= 1.000000
INFO:root:09-02-2021-16-18-32
INFO:root:Image features extracted using sigma= 2.000000
INFO:root:09-02-2021-16-18-32
INFO:root:Image features extracted using sigma= 4.000000
INFO:root:09-02-2021-16-18-32
INFO:root:Image features extracted using sigma= 8.000000
INFO:root:09-02-2021-16-18-32
INFO:root:Image features extracted using sigma= 16.000000
INFO:root:09-02-2021-16-18-32
INFO:root:Extracting features from channel 1
INFO:root:09-02-2021-16-18-32
INFO:root:Image features extracted using sigma= 1.000000
INFO:root:09-02-2021-16-18-32
INFO:root:Image features extracted using sigma= 2.000000
INFO:root:09-02-2021-16-18-32
INFO:root:Image features extracted using sigma= 4.000000
INFO:root:09-02-2021-16-18-32
INFO:root:Image features extracted using sigma= 8.000000
INFO:root:09-02-2021-16-18-33
INFO:root:Image features extracted using sigma= 16.000000
INFO:root:09-02-2021-16-18-33
INFO:root:Extracting features from channel 2
INFO:root:09-02-2021-16-18-33
INFO:root:Image features extracted using sigma= 1.000000
INFO:root:09-02-2021-16-18-33
INFO:root:Image features extracted using sigma= 2.000000
INFO:root:09-02-2021-16-18-33
INFO:root:Image features extracted using sigma= 4.000000
INFO:root:09-02-2021-16-18-33
INFO:root:Image features extracted using sigma= 8.000000
INFO:root:09-02-2021-16-18-33
INFO:root:Image features extracted using sigma= 16.000000
INFO:root:09-02-2021-16-18-33
INFO:root:Feature extraction complete
INFO:root:09-02-2021-16-18-33
INFO:root:Using 5 decision trees per image
INFO:root:09-02-2021-16-18-33
INFO:root:Updating existing RF classifier
INFO:root:09-02-2021-16-18-38
INFO:root:RF feature extraction and model fitting complete
INFO:root:09-02-2021-16-18-38
INFO:root:RF model applied with sigma range 1.000000 : 16.000000
INFO:root:09-02-2021-16-18-38
INFO:root:CRF scale: 4.066667
INFO:root:09-02-2021-16-18-38
INFO:root:CRF downsample factor: 2.000000
INFO:root:CRF theta parameter: 40.000000
INFO:root:CRF mu parameter: 100.000000
INFO:root:CRF prior probability of labels: 0.900000
INFO:root:09-02-2021-16-18-39
INFO:root:CRF inference made
INFO:root:09-02-2021-16-18-39
INFO:root:CRF post-processing complete
INFO:root:09-02-2021-16-18-39
INFO:root:CRF model applied with theta=40.000000 and mu=100.000000
INFO:root:09-02-2021-16-18-39
INFO:root:Median filter of radius 3 applied
INFO:root:09-02-2021-16-18-40
INFO:root:RGB label image saved to results/results2021-02-09-16-16/D800_20160308_222135lr00_label2021-02-09-16-18_db.png
INFO:root:09-02-2021-16-18-40
INFO:root:Greyscale label image saved to results/results2021-02-09-16-16/D800_20160308_222135lr00_label_greyscale2021-02-09-16-18_db.png
INFO:werkzeug:127.0.0.1 - - [09/Feb/2021 16:18:40] "[37mPOST /_dash-update-component HTTP/1.1[0m" 200 -
INFO:werkzeug:127.0.0.1 - - [09/Feb/2021 16:18:42] "[37mPOST /_dash-update-component HTTP/1.1[0m" 200 -
INFO:root:09-02-2021-16-18-44
INFO:root:File list written to files_done.txt
INFO:werkzeug:127.0.0.1 - - [09/Feb/2021 16:18:45] "[37mPOST /_dash-update-component HTTP/1.1[0m" 200 -
INFO:werkzeug:127.0.0.1 - - [09/Feb/2021 16:18:45] "[37mPOST /_dash-update-component HTTP/1.1[0m" 200 -
INFO:werkzeug:127.0.0.1 - - [09/Feb/2021 16:18:45] "[37mPOST /_dash-update-component HTTP/1.1[0m" 200 -
INFO:root:09-02-2021-16-18-46
INFO:root:File list written to files_done.txt
INFO:werkzeug:127.0.0.1 - - [09/Feb/2021 16:18:47] "[37mPOST /_dash-update-component HTTP/1.1[0m" 200 -
INFO:werkzeug:127.0.0.1 - - [09/Feb/2021 16:18:47] "[37mPOST /_dash-update-component HTTP/1.1[0m" 200 -
INFO:root:09-02-2021-16-18-48
INFO:root:File list written to files_done.txt
INFO:werkzeug:127.0.0.1 - - [09/Feb/2021 16:18:49] "[37mPOST /_dash-update-component HTTP/1.1[0m" 200 -
INFO:werkzeug:127.0.0.1 - - [09/Feb/2021 16:18:49] "[37mPOST /_dash-update-component HTTP/1.1[0m" 204 -
INFO:werkzeug:127.0.0.1 - - [09/Feb/2021 16:18:52] "[37mPOST /_dash-update-component HTTP/1.1[0m" 200 -
INFO:werkzeug:127.0.0.1 - - [09/Feb/2021 16:18:55] "[37mPOST /_dash-update-component HTTP/1.1[0m" 200 -
INFO:werkzeug:127.0.0.1 - - [09/Feb/2021 16:18:56] "[37mPOST /_dash-update-component HTTP/1.1[0m" 200 -
INFO:werkzeug:127.0.0.1 - - [09/Feb/2021 16:18:58] "[37mPOST /_dash-update-component HTTP/1.1[0m" 200 -
INFO:werkzeug:127.0.0.1 - - [09/Feb/2021 16:18:59] "[37mPOST /_dash-update-component HTTP/1.1[0m" 200 -
INFO:werkzeug:127.0.0.1 - - [09/Feb/2021 16:19:02] "[37mPOST /_dash-update-component HTTP/1.1[0m" 200 -
INFO:werkzeug:127.0.0.1 - - [09/Feb/2021 16:19:06] "[37mPOST /_dash-update-component HTTP/1.1[0m" 200 -
INFO:werkzeug:127.0.0.1 - - [09/Feb/2021 16:19:09] "[37mPOST /_dash-update-component HTTP/1.1[0m" 200 -
INFO:root:09-02-2021-16-19-10
INFO:root:Using intensity for RF feature extraction
INFO:root:Using edges for RF feature extraction
INFO:root:Using texture for RF feature extraction
INFO:root:09-02-2021-16-19-10
INFO:root:Saving RF model to RandomForestClassifier_water_land.pkl.z
INFO:root:09-02-2021-16-19-11
INFO:root:Saved annotations to results/results2021-02-09-16-16/D800_20160308_222135lr02_annotations2021-02-09-16-19_db.png
INFO:root:09-02-2021-16-19-11
INFO:root:Extracting features from channel 0
INFO:root:09-02-2021-16-19-11
INFO:root:Image features extracted using sigma= 1.000000
INFO:root:09-02-2021-16-19-11
INFO:root:Image features extracted using sigma= 2.000000
INFO:root:09-02-2021-16-19-11
INFO:root:Image features extracted using sigma= 4.000000
INFO:root:09-02-2021-16-19-11
INFO:root:Image features extracted using sigma= 8.000000
INFO:root:09-02-2021-16-19-12
INFO:root:Image features extracted using sigma= 16.000000
INFO:root:09-02-2021-16-19-12
INFO:root:Extracting features from channel 1
INFO:root:09-02-2021-16-19-12
INFO:root:Image features extracted using sigma= 1.000000
INFO:root:09-02-2021-16-19-12
INFO:root:Image features extracted using sigma= 2.000000
INFO:root:09-02-2021-16-19-12
INFO:root:Image features extracted using sigma= 4.000000
INFO:root:09-02-2021-16-19-12
INFO:root:Image features extracted using sigma= 8.000000
INFO:root:09-02-2021-16-19-12
INFO:root:Image features extracted using sigma= 16.000000
INFO:root:09-02-2021-16-19-12
INFO:root:Extracting features from channel 2
INFO:root:09-02-2021-16-19-12
INFO:root:Image features extracted using sigma= 1.000000
INFO:root:09-02-2021-16-19-12
INFO:root:Image features extracted using sigma= 2.000000
INFO:root:09-02-2021-16-19-12
INFO:root:Image features extracted using sigma= 4.000000
INFO:root:09-02-2021-16-19-12
INFO:root:Image features extracted using sigma= 8.000000
INFO:root:09-02-2021-16-19-12
INFO:root:Image features extracted using sigma= 16.000000
INFO:root:09-02-2021-16-19-12
INFO:root:Feature extraction complete
INFO:root:09-02-2021-16-19-12
INFO:root:Using 5 decision trees per image
INFO:root:09-02-2021-16-19-12
INFO:root:Updating existing RF classifier
INFO:root:09-02-2021-16-19-22
INFO:root:RF feature extraction and model fitting complete
INFO:root:09-02-2021-16-19-22
INFO:root:RF model applied with sigma range 1.000000 : 16.000000
INFO:root:09-02-2021-16-19-22
INFO:root:CRF scale: 4.066667
INFO:root:09-02-2021-16-19-22
INFO:root:CRF downsample factor: 2.000000
INFO:root:CRF theta parameter: 40.000000
INFO:root:CRF mu parameter: 100.000000
INFO:root:CRF prior probability of labels: 0.900000
INFO:root:09-02-2021-16-19-24
INFO:root:CRF inference made
INFO:root:09-02-2021-16-19-24
INFO:root:CRF post-processing complete
INFO:root:09-02-2021-16-19-24
INFO:root:CRF model applied with theta=40.000000 and mu=100.000000
INFO:root:09-02-2021-16-19-24
INFO:root:Median filter of radius 3 applied
INFO:root:09-02-2021-16-19-24
INFO:root:RGB label image saved to results/results2021-02-09-16-16/D800_20160308_222135lr02_label2021-02-09-16-19_db.png
INFO:root:09-02-2021-16-19-24
INFO:root:Greyscale label image saved to results/results2021-02-09-16-16/D800_20160308_222135lr02_label_greyscale2021-02-09-16-19_db.png
INFO:werkzeug:127.0.0.1 - - [09/Feb/2021 16:19:25] "[37mPOST /_dash-update-component HTTP/1.1[0m" 200 -
INFO:werkzeug:127.0.0.1 - - [09/Feb/2021 16:19:26] "[37mPOST /_dash-update-component HTTP/1.1[0m" 200 -
INFO:root:09-02-2021-16-19-29
INFO:root:File list written to files_done.txt
INFO:werkzeug:127.0.0.1 - - [09/Feb/2021 16:19:29] "[37mPOST /_dash-update-component HTTP/1.1[0m" 200 -
INFO:werkzeug:127.0.0.1 - - [09/Feb/2021 16:19:30] "[37mPOST /_dash-update-component HTTP/1.1[0m" 200 -
INFO:werkzeug:127.0.0.1 - - [09/Feb/2021 16:19:30] "[37mPOST /_dash-update-component HTTP/1.1[0m" 200 -
INFO:root:09-02-2021-16-19-31
INFO:root:File list written to files_done.txt
INFO:werkzeug:127.0.0.1 - - [09/Feb/2021 16:19:31] "[37mPOST /_dash-update-component HTTP/1.1[0m" 200 -
INFO:werkzeug:127.0.0.1 - - [09/Feb/2021 16:19:32] "[37mPOST /_dash-update-component HTTP/1.1[0m" 200 -
INFO:root:09-02-2021-16-19-33
INFO:root:File list written to files_done.txt
INFO:werkzeug:127.0.0.1 - - [09/Feb/2021 16:19:33] "[37mPOST /_dash-update-component HTTP/1.1[0m" 200 -
INFO:werkzeug:127.0.0.1 - - [09/Feb/2021 16:19:34] "[37mPOST /_dash-update-component HTTP/1.1[0m" 204 -
INFO:werkzeug:127.0.0.1 - - [09/Feb/2021 16:19:42] "[37mPOST /_dash-update-component HTTP/1.1[0m" 200 -
INFO:werkzeug:127.0.0.1 - - [09/Feb/2021 16:19:46] "[37mPOST /_dash-update-component HTTP/1.1[0m" 200 -
INFO:werkzeug:127.0.0.1 - - [09/Feb/2021 16:19:47] "[37mPOST /_dash-update-component HTTP/1.1[0m" 200 -
INFO:werkzeug:127.0.0.1 - - [09/Feb/2021 16:19:50] "[37mPOST /_dash-update-component HTTP/1.1[0m" 200 -
INFO:werkzeug:127.0.0.1 - - [09/Feb/2021 16:19:58] "[37mPOST /_dash-update-component HTTP/1.1[0m" 200 -
INFO:root:09-02-2021-16-19-59
INFO:root:Using intensity for RF feature extraction
INFO:root:Using edges for RF feature extraction
INFO:root:Using texture for RF feature extraction
INFO:root:09-02-2021-16-19-59
INFO:root:Saving RF model to RandomForestClassifier_water_land.pkl.z
INFO:root:09-02-2021-16-20-00
INFO:root:Saved annotations to results/results2021-02-09-16-16/D800_20160308_222135lr03_annotations2021-02-09-16-19_db.png
INFO:root:09-02-2021-16-20-00
INFO:root:Extracting features from channel 0
INFO:root:09-02-2021-16-20-00
INFO:root:Image features extracted using sigma= 1.000000
INFO:root:09-02-2021-16-20-00
INFO:root:Image features extracted using sigma= 2.000000
INFO:root:09-02-2021-16-20-00
INFO:root:Image features extracted using sigma= 4.000000
INFO:root:09-02-2021-16-20-00
INFO:root:Image features extracted using sigma= 8.000000
INFO:root:09-02-2021-16-20-00
INFO:root:Image features extracted using sigma= 16.000000
INFO:root:09-02-2021-16-20-00
INFO:root:Extracting features from channel 1
INFO:root:09-02-2021-16-20-00
INFO:root:Image features extracted using sigma= 1.000000
INFO:root:09-02-2021-16-20-00
INFO:root:Image features extracted using sigma= 2.000000
INFO:root:09-02-2021-16-20-00
INFO:root:Image features extracted using sigma= 4.000000
INFO:root:09-02-2021-16-20-00
INFO:root:Image features extracted using sigma= 8.000000
INFO:root:09-02-2021-16-20-01
INFO:root:Image features extracted using sigma= 16.000000
INFO:root:09-02-2021-16-20-01
INFO:root:Extracting features from channel 2
INFO:root:09-02-2021-16-20-01
INFO:root:Image features extracted using sigma= 1.000000
INFO:root:09-02-2021-16-20-01
INFO:root:Image features extracted using sigma= 2.000000
INFO:root:09-02-2021-16-20-01
INFO:root:Image features extracted using sigma= 4.000000
INFO:root:09-02-2021-16-20-01
INFO:root:Image features extracted using sigma= 8.000000
INFO:root:09-02-2021-16-20-01
INFO:root:Image features extracted using sigma= 16.000000
INFO:root:09-02-2021-16-20-01
INFO:root:Feature extraction complete
INFO:root:09-02-2021-16-20-01
INFO:root:Using 5 decision trees per image
INFO:root:09-02-2021-16-20-01
INFO:root:Updating existing RF classifier
INFO:root:09-02-2021-16-20-11
INFO:root:RF feature extraction and model fitting complete
INFO:root:09-02-2021-16-20-11
INFO:root:RF model applied with sigma range 1.000000 : 16.000000
INFO:root:09-02-2021-16-20-11
INFO:root:CRF scale: 4.066667
INFO:root:09-02-2021-16-20-11
INFO:root:CRF downsample factor: 2.000000
INFO:root:CRF theta parameter: 40.000000
INFO:root:CRF mu parameter: 100.000000
INFO:root:CRF prior probability of labels: 0.900000
INFO:root:09-02-2021-16-20-13
INFO:root:CRF inference made
INFO:root:09-02-2021-16-20-13
INFO:root:CRF post-processing complete
INFO:root:09-02-2021-16-20-13
INFO:root:CRF model applied with theta=40.000000 and mu=100.000000
INFO:root:09-02-2021-16-20-13
INFO:root:Median filter of radius 3 applied
INFO:root:09-02-2021-16-20-13
INFO:root:RGB label image saved to results/results2021-02-09-16-16/D800_20160308_222135lr03_label2021-02-09-16-20_db.png
INFO:root:09-02-2021-16-20-13
INFO:root:Greyscale label image saved to results/results2021-02-09-16-16/D800_20160308_222135lr03_label_greyscale2021-02-09-16-20_db.png
INFO:werkzeug:127.0.0.1 - - [09/Feb/2021 16:20:13] "[37mPOST /_dash-update-component HTTP/1.1[0m" 200 -
INFO:werkzeug:127.0.0.1 - - [09/Feb/2021 16:20:17] "[37mPOST /_dash-update-component HTTP/1.1[0m" 200 -
INFO:root:09-02-2021-16-20-20
INFO:root:File list written to files_done.txt
INFO:werkzeug:127.0.0.1 - - [09/Feb/2021 16:20:20] "[37mPOST /_dash-update-component HTTP/1.1[0m" 200 -
INFO:werkzeug:127.0.0.1 - - [09/Feb/2021 16:20:20] "[37mPOST /_dash-update-component HTTP/1.1[0m" 200 -
INFO:werkzeug:127.0.0.1 - - [09/Feb/2021 16:20:20] "[37mPOST /_dash-update-component HTTP/1.1[0m" 200 -
INFO:root:09-02-2021-16-20-22
INFO:root:File list written to files_done.txt
INFO:werkzeug:127.0.0.1 - - [09/Feb/2021 16:20:22] "[37mPOST /_dash-update-component HTTP/1.1[0m" 200 -
INFO:werkzeug:127.0.0.1 - - [09/Feb/2021 16:20:22] "[37mPOST /_dash-update-component HTTP/1.1[0m" 200 -
INFO:root:09-02-2021-16-20-24
INFO:root:File list written to files_done.txt
INFO:werkzeug:127.0.0.1 - - [09/Feb/2021 16:20:24] "[37mPOST /_dash-update-component HTTP/1.1[0m" 200 -
INFO:werkzeug:127.0.0.1 - - [09/Feb/2021 16:20:25] "[37mPOST /_dash-update-component HTTP/1.1[0m" 204 -
INFO:werkzeug:127.0.0.1 - - [09/Feb/2021 16:20:27] "[37mPOST /_dash-update-component HTTP/1.1[0m" 200 -
INFO:werkzeug:127.0.0.1 - - [09/Feb/2021 16:20:31] "[37mPOST /_dash-update-component HTTP/1.1[0m" 200 -
INFO:werkzeug:127.0.0.1 - - [09/Feb/2021 16:20:36] "[37mPOST /_dash-update-component HTTP/1.1[0m" 200 -
INFO:werkzeug:127.0.0.1 - - [09/Feb/2021 16:20:37] "[37mPOST /_dash-update-component HTTP/1.1[0m" 200 -
INFO:werkzeug:127.0.0.1 - - [09/Feb/2021 16:20:38] "[37mPOST /_dash-update-component HTTP/1.1[0m" 200 -
INFO:werkzeug:127.0.0.1 - - [09/Feb/2021 16:20:40] "[37mPOST /_dash-update-component HTTP/1.1[0m" 200 -
INFO:werkzeug:127.0.0.1 - - [09/Feb/2021 16:20:43] "[37mPOST /_dash-update-component HTTP/1.1[0m" 200 -
INFO:werkzeug:127.0.0.1 - - [09/Feb/2021 16:20:49] "[37mPOST /_dash-update-component HTTP/1.1[0m" 200 -
INFO:root:09-02-2021-16-20-51
INFO:root:Using intensity for RF feature extraction
INFO:root:Using edges for RF feature extraction
INFO:root:Using texture for RF feature extraction
INFO:root:09-02-2021-16-20-51
INFO:root:Saving RF model to RandomForestClassifier_water_land.pkl.z
INFO:root:09-02-2021-16-20-52
INFO:root:Saved annotations to results/results2021-02-09-16-16/D800_20160308_222136lr02_annotations2021-02-09-16-20_db.png
INFO:root:09-02-2021-16-20-52
INFO:root:Extracting features from channel 0
INFO:root:09-02-2021-16-20-52
INFO:root:Image features extracted using sigma= 1.000000
INFO:root:09-02-2021-16-20-52
INFO:root:Image features extracted using sigma= 2.000000
INFO:root:09-02-2021-16-20-52
INFO:root:Image features extracted using sigma= 4.000000
INFO:root:09-02-2021-16-20-52
INFO:root:Image features extracted using sigma= 8.000000
INFO:root:09-02-2021-16-20-52
INFO:root:Image features extracted using sigma= 16.000000
INFO:root:09-02-2021-16-20-52
INFO:root:Extracting features from channel 1
INFO:root:09-02-2021-16-20-52
INFO:root:Image features extracted using sigma= 1.000000
INFO:root:09-02-2021-16-20-52
INFO:root:Image features extracted using sigma= 2.000000
INFO:root:09-02-2021-16-20-52
INFO:root:Image features extracted using sigma= 4.000000
INFO:root:09-02-2021-16-20-52
INFO:root:Image features extracted using sigma= 8.000000
INFO:root:09-02-2021-16-20-52
INFO:root:Image features extracted using sigma= 16.000000
INFO:root:09-02-2021-16-20-52
INFO:root:Extracting features from channel 2
INFO:root:09-02-2021-16-20-52
INFO:root:Image features extracted using sigma= 1.000000
INFO:root:09-02-2021-16-20-52
INFO:root:Image features extracted using sigma= 2.000000
INFO:root:09-02-2021-16-20-53
INFO:root:Image features extracted using sigma= 4.000000
INFO:root:09-02-2021-16-20-53
INFO:root:Image features extracted using sigma= 8.000000
INFO:root:09-02-2021-16-20-53
INFO:root:Image features extracted using sigma= 16.000000
INFO:root:09-02-2021-16-20-53
INFO:root:Feature extraction complete
INFO:root:09-02-2021-16-20-53
INFO:root:Using 5 decision trees per image
INFO:root:09-02-2021-16-20-53
INFO:root:Updating existing RF classifier
INFO:root:09-02-2021-16-21-03
INFO:root:RF feature extraction and model fitting complete
INFO:root:09-02-2021-16-21-03
INFO:root:RF model applied with sigma range 1.000000 : 16.000000
INFO:root:09-02-2021-16-21-03
INFO:root:CRF scale: 4.066667
INFO:root:09-02-2021-16-21-03
INFO:root:CRF downsample factor: 2.000000
INFO:root:CRF theta parameter: 40.000000
INFO:root:CRF mu parameter: 100.000000
INFO:root:CRF prior probability of labels: 0.900000
INFO:root:09-02-2021-16-21-05
INFO:root:CRF inference made
INFO:root:09-02-2021-16-21-05
INFO:root:CRF post-processing complete
INFO:root:09-02-2021-16-21-05
INFO:root:CRF model applied with theta=40.000000 and mu=100.000000
INFO:root:09-02-2021-16-21-05
INFO:root:Median filter of radius 3 applied
INFO:root:09-02-2021-16-21-05
INFO:root:RGB label image saved to results/results2021-02-09-16-16/D800_20160308_222136lr02_label2021-02-09-16-21_db.png
INFO:root:09-02-2021-16-21-05
INFO:root:Greyscale label image saved to results/results2021-02-09-16-16/D800_20160308_222136lr02_label_greyscale2021-02-09-16-21_db.png
INFO:werkzeug:127.0.0.1 - - [09/Feb/2021 16:21:05] "[37mPOST /_dash-update-component HTTP/1.1[0m" 200 -
INFO:werkzeug:127.0.0.1 - - [09/Feb/2021 16:21:07] "[37mPOST /_dash-update-component HTTP/1.1[0m" 200 -
INFO:root:09-02-2021-16-21-10
INFO:root:File list written to files_done.txt
INFO:werkzeug:127.0.0.1 - - [09/Feb/2021 16:21:10] "[37mPOST /_dash-update-component HTTP/1.1[0m" 200 -
INFO:root:09-02-2021-16-21-12
INFO:root:File list written to files_done.txt
INFO:werkzeug:127.0.0.1 - - [09/Feb/2021 16:21:12] "[37mPOST /_dash-update-component HTTP/1.1[0m" 200 -
