INFO:botocore.credentials:Found credentials in shared credentials file: ~/.aws/credentials
INFO:root:24-05-2021-14-44-32
INFO:root:loaded class labels:
INFO:root:water
INFO:root:land
INFO:root:24-05-2021-14-44-32
INFO:root:Folder created: results/results2021-05-24-14-44
INFO:root:24-05-2021-14-44-32
INFO:root:Results will be written to results/results2021-05-24-14-44
INFO:root:24-05-2021-14-44-32
INFO:root:loaded files:
INFO:root:assets/D800_20160308_222129lr02-0.jpg
INFO:root:assets/D800_20160308_222129lr02-2.jpg
INFO:root:assets/D800_20160308_222129lr02-3.jpg
INFO:root:assets/D800_20160308_222135lr03-0.jpg
INFO:root:assets/D800_20160308_222135lr03-1.jpg
INFO:root:assets/D800_20160308_222135lr03-2.jpg
INFO:root:assets/D800_20160308_222135lr03-3.jpg
INFO:root:assets/D800_20160308_222129lr03-2.JPG
INFO:root:assets/D800_20160308_222129lr03-3.JPG
INFO:root:assets/D800_20160308_222135lr00-2.JPG
INFO:root:assets/D800_20160308_222135lr02-0.jpeg
INFO:root:assets/D800_20160308_222135lr02-2.jpeg
INFO:root:assets/D800_20160308_222135lr02-3.jpeg
INFO:root:assets/D800_20160308_222136lr02-2.jpeg
INFO:root:assets/D800_20160308_222136lr02-3.jpeg
INFO:werkzeug: * Running on http://127.0.0.1:8050/ (Press CTRL+C to quit)
INFO:werkzeug:127.0.0.1 - - [24/May/2021 14:44:32] "GET / HTTP/1.1" 200 -
INFO:werkzeug:127.0.0.1 - - [24/May/2021 14:44:32] "GET /_dash-dependencies HTTP/1.1" 200 -
INFO:werkzeug:127.0.0.1 - - [24/May/2021 14:44:32] "GET /_favicon.ico?v=1.12.0 HTTP/1.1" 200 -
INFO:werkzeug:127.0.0.1 - - [24/May/2021 14:44:32] "GET /_dash-layout HTTP/1.1" 200 -
INFO:root:24-05-2021-14-44-33
INFO:root:File list written to files_done.txt
INFO:werkzeug:127.0.0.1 - - [24/May/2021 14:44:33] "POST /_dash-update-component HTTP/1.1" 200 -
INFO:root:24-05-2021-14-44-33
INFO:root:File list written to files_done.txt
INFO:werkzeug:127.0.0.1 - - [24/May/2021 14:44:33] "[35m[1mPOST /_dash-update-component HTTP/1.1[0m" 204 -
INFO:botocore.credentials:Found credentials in shared credentials file: ~/.aws/credentials
INFO:root:24-05-2021-14-44-59
INFO:root:loaded class labels:
INFO:root:water
INFO:root:land
INFO:root:24-05-2021-14-44-59
INFO:root:Results will be written to results/results2021-05-24-14-44
INFO:root:24-05-2021-14-44-59
INFO:root:loaded files:
INFO:root:assets/D800_20160308_222129lr02-0.jpg
INFO:root:assets/D800_20160308_222129lr02-2.jpg
INFO:root:assets/D800_20160308_222129lr02-3.jpg
INFO:root:assets/D800_20160308_222135lr03-0.jpg
INFO:root:assets/D800_20160308_222135lr03-1.jpg
INFO:root:assets/D800_20160308_222135lr03-2.jpg
INFO:root:assets/D800_20160308_222135lr03-3.jpg
INFO:root:assets/D800_20160308_222129lr03-2.JPG
INFO:root:assets/D800_20160308_222129lr03-3.JPG
INFO:root:assets/D800_20160308_222135lr00-2.JPG
INFO:root:assets/D800_20160308_222135lr02-0.jpeg
INFO:root:assets/D800_20160308_222135lr02-2.jpeg
INFO:root:assets/D800_20160308_222135lr02-3.jpeg
INFO:root:assets/D800_20160308_222136lr02-2.jpeg
INFO:root:assets/D800_20160308_222136lr02-3.jpeg
INFO:werkzeug: * Running on http://127.0.0.1:8050/ (Press CTRL+C to quit)
INFO:werkzeug:127.0.0.1 - - [24/May/2021 14:45:01] "GET / HTTP/1.1" 200 -
INFO:werkzeug:127.0.0.1 - - [24/May/2021 14:45:01] "GET /_dash-layout HTTP/1.1" 200 -
INFO:werkzeug:127.0.0.1 - - [24/May/2021 14:45:01] "GET /_favicon.ico?v=1.12.0 HTTP/1.1" 200 -
INFO:werkzeug:127.0.0.1 - - [24/May/2021 14:45:01] "GET /_dash-dependencies HTTP/1.1" 200 -
INFO:root:24-05-2021-14-45-01
INFO:root:File list written to files_done.txt
INFO:werkzeug:127.0.0.1 - - [24/May/2021 14:45:01] "POST /_dash-update-component HTTP/1.1" 200 -
INFO:root:24-05-2021-14-45-02
INFO:root:File list written to files_done.txt
INFO:werkzeug:127.0.0.1 - - [24/May/2021 14:45:02] "[35m[1mPOST /_dash-update-component HTTP/1.1[0m" 204 -
INFO:root:24-05-2021-14-45-07
INFO:root:File list written to files_done.txt
INFO:werkzeug:127.0.0.1 - - [24/May/2021 14:45:07] "POST /_dash-update-component HTTP/1.1" 200 -
INFO:root:24-05-2021-14-45-08
INFO:root:File list written to files_done.txt
INFO:werkzeug:127.0.0.1 - - [24/May/2021 14:45:08] "POST /_dash-update-component HTTP/1.1" 200 -
INFO:root:24-05-2021-14-45-09
INFO:root:File list written to files_done.txt
INFO:root:24-05-2021-14-45-09
INFO:root:Saving RF model to RandomForestClassifier_water_land.pkl.z
INFO:root:24-05-2021-14-45-09
INFO:root:Saving data features to RandomForestClassifier_water_land.pkl.z
INFO:root:24-05-2021-14-45-10
INFO:root:Image standardized
INFO:root:24-05-2021-14-45-10
INFO:root:examples provided of 0
INFO:root:examples provided of 2
INFO:root:24-05-2021-14-45-10
INFO:root:Only one class annotation provided, skipping RF and CRF and coding all pixels 2
INFO:root:24-05-2021-14-45-10
INFO:root:RGB label image saved to results/results2021-05-24-14-44/D800_20160308_222129lr02-0_label2021-05-24-14-45_Enter-user-ID.png
INFO:root:24-05-2021-14-45-10
INFO:root:Numpy arrays saved to results/results2021-05-24-14-44/D800_20160308_222129lr02-0_Enter-user-ID.npz
INFO:werkzeug:127.0.0.1 - - [24/May/2021 14:45:10] "POST /_dash-update-component HTTP/1.1" 200 -
INFO:root:24-05-2021-14-45-11
INFO:root:File list written to files_done.txt
INFO:werkzeug:127.0.0.1 - - [24/May/2021 14:45:11] "POST /_dash-update-component HTTP/1.1" 200 -
